TN:
SF:src/middleware.ts
FN:38,middleware
FNF:1
FNH:1
FNDA:11,middleware
DA:39,11
DA:53,11
DA:54,11
DA:56,11
DA:59,11
DA:67,11
DA:68,11
DA:69,10
DA:72,11
DA:80,1
LF:10
LH:10
BRDA:68,0,0,10
BRDA:68,0,1,1
BRF:2
BRH:2
end_of_record

TN:
SF:src/app/layout.tsx
FN:84,RootLayout
FNF:1
FNH:0
FNDA:0,RootLayout
DA:37,0
DA:44,0
DA:51,0
DA:58,0
DA:67,0
DA:89,0
LF:6
LH:0
BRDA:123,0,0,0
BRDA:123,0,1,0
BRF:2
BRH:0
end_of_record

TN:
SF:src/app/(marketing)/layout.tsx
FN:24,MarketingLayout
FNF:1
FNH:0
FNDA:0,MarketingLayout
DA:25,0
LF:1
LH:0
BRF:0
BRH:0
end_of_record

TN:
SF:src/app/(marketing)/page.tsx
FN:33,HeroSection
FN:171,ChainsSection
FN:191,(anonymous_2)
FN:272,FeaturesSection
FN:292,(anonymous_4)
FN:310,DataSafetySection
FN:372,OnboardingSection
FN:394,(anonymous_7)
FN:439,FinalCtaSection
FN:473,MarketingHomePage
FNF:10
FNH:0
FNDA:0,HeroSection
FNDA:0,ChainsSection
FNDA:0,(anonymous_2)
FNDA:0,FeaturesSection
FNDA:0,(anonymous_4)
FNDA:0,DataSafetySection
FNDA:0,OnboardingSection
FNDA:0,(anonymous_7)
FNDA:0,FinalCtaSection
FNDA:0,MarketingHomePage
DA:23,0
DA:25,0
DA:34,0
DA:146,0
DA:172,0
DA:192,0
DA:228,0
DA:273,0
DA:293,0
DA:311,0
DA:345,0
DA:373,0
DA:395,0
DA:440,0
DA:474,0
LF:15
LH:0
BRDA:417,0,0,0
BRDA:417,0,1,0
BRDA:423,1,0,0
BRDA:423,1,1,0
BRF:4
BRH:0
end_of_record

TN:
SF:src/app/(marketing)/about/page.tsx
FN:227,AnimatedSection
FN:254,SectionHeading
FN:292,DualRealmPortrait
FN:302,(anonymous_3)
FN:303,(anonymous_4)
FN:349,HoverOverlay
FN:369,RealmBadge
FN:408,RealmLore
FN:462,AgentMythRow
FN:545,OriginHeroSection
FN:640,WhyTheWolfSection
FN:735,TheMythWithAgentsSection
FN:768,(anonymous_12)
FN:807,TheForgeSection
FN:822,(anonymous_14)
FN:896,FinalCtaSection
FN:944,AboutPage
FNF:17
FNH:0
FNDA:0,AnimatedSection
FNDA:0,SectionHeading
FNDA:0,DualRealmPortrait
FNDA:0,(anonymous_3)
FNDA:0,(anonymous_4)
FNDA:0,HoverOverlay
FNDA:0,RealmBadge
FNDA:0,RealmLore
FNDA:0,AgentMythRow
FNDA:0,OriginHeroSection
FNDA:0,WhyTheWolfSection
FNDA:0,TheMythWithAgentsSection
FNDA:0,(anonymous_12)
FNDA:0,TheForgeSection
FNDA:0,(anonymous_14)
FNDA:0,FinalCtaSection
FNDA:0,AboutPage
DA:27,0
DA:39,0
DA:51,0
DA:75,0
DA:169,0
DA:177,0
DA:186,0
DA:191,0
DA:197,0
DA:203,0
DA:209,0
DA:214,0
DA:219,0
DA:236,0
DA:237,0
DA:239,0
DA:263,0
DA:297,0
DA:298,0
DA:299,0
DA:300,0
DA:302,0
DA:303,0
DA:305,0
DA:307,0
DA:308,0
DA:320,0
DA:350,0
DA:358,0
DA:370,0
DA:371,0
DA:373,0
DA:415,0
DA:416,0
DA:418,0
DA:469,0
DA:470,0
DA:471,0
DA:473,0
DA:546,0
DA:547,0
DA:549,0
DA:641,0
DA:736,0
DA:769,0
DA:808,0
DA:823,0
DA:897,0
DA:898,0
DA:900,0
DA:945,0
LF:51
LH:0
BRDA:229,0,0,0
BRDA:243,1,0,0
BRDA:243,1,1,0
BRDA:277,2,0,0
BRDA:277,2,1,0
BRDA:305,3,0,0
BRDA:305,3,1,0
BRDA:307,4,0,0
BRDA:307,4,1,0
BRDA:329,5,0,0
BRDA:329,5,1,0
BRDA:340,6,0,0
BRDA:340,6,1,0
BRDA:382,7,0,0
BRDA:382,7,1,0
BRDA:395,8,0,0
BRDA:395,8,1,0
BRDA:424,9,0,0
BRDA:424,9,1,0
BRDA:442,10,0,0
BRDA:442,10,1,0
BRDA:477,11,0,0
BRDA:477,11,1,0
BRDA:478,12,0,0
BRDA:478,12,1,0
BRDA:481,13,0,0
BRDA:481,13,1,0
BRDA:553,14,0,0
BRDA:553,14,1,0
BRDA:773,15,0,0
BRDA:773,15,1,0
BRDA:790,16,0,0
BRDA:790,16,1,0
BRDA:790,16,2,0
BRDA:845,17,0,0
BRDA:845,17,1,0
BRDA:904,18,0,0
BRDA:904,18,1,0
BRF:38
BRH:0
end_of_record

TN:
SF:src/app/(marketing)/chronicles/page.tsx
FN:29,formatDate
FN:41,ChroniclesIndexPage
FN:60,(anonymous_2)
FNF:3
FNH:0
FNDA:0,formatDate
FNDA:0,ChroniclesIndexPage
FNDA:0,(anonymous_2)
DA:19,0
DA:21,0
DA:30,0
DA:31,0
DA:42,0
DA:44,0
DA:61,0
LF:7
LH:0
BRDA:75,0,0,0
BRDA:75,0,1,0
BRDA:95,1,0,0
BRDA:95,1,1,0
BRF:4
BRH:0
end_of_record

TN:
SF:src/app/(marketing)/chronicles/[slug]/page.tsx
FN:35,generateStaticParams
FN:36,(anonymous_1)
FN:41,generateMetadata
FN:57,formatDate
FN:77,dedentHtml
FN:80,(anonymous_5)
FN:92,stripInlineHeader
FN:110,stripInlineFooter
FN:119,ChronicleDetailPage
FN:130,(anonymous_9)
FNF:10
FNH:0
FNDA:0,generateStaticParams
FNDA:0,(anonymous_1)
FNDA:0,generateMetadata
FNDA:0,formatDate
FNDA:0,dedentHtml
FNDA:0,(anonymous_5)
FNDA:0,stripInlineHeader
FNDA:0,stripInlineFooter
FNDA:0,ChronicleDetailPage
FNDA:0,(anonymous_9)
DA:33,0
DA:36,0
DA:46,0
DA:47,0
DA:48,0
DA:49,0
DA:58,0
DA:59,0
DA:78,0
DA:80,0
DA:93,0
DA:111,0
DA:124,0
DA:125,0
DA:126,0
DA:129,0
DA:130,0
DA:131,0
DA:132,0
DA:134,0
LF:20
LH:0
BRDA:48,0,0,0
BRDA:48,0,1,0
BRDA:126,1,0,0
BRDA:126,1,1,0
BRDA:131,2,0,0
BRDA:131,2,1,0
BRDA:132,3,0,0
BRDA:132,3,1,0
BRDA:141,4,0,0
BRDA:141,4,1,0
BRDA:146,5,0,0
BRDA:146,5,1,0
BRDA:154,6,0,0
BRDA:154,6,1,0
BRDA:169,7,0,0
BRDA:169,7,1,0
BRDA:197,8,0,0
BRDA:197,8,1,0
BRF:18
BRH:0
end_of_record

TN:
SF:src/app/(marketing)/faq/FaqAccordion.tsx
FN:31,FaqAccordion
FN:36,(anonymous_1)
FN:48,(anonymous_2)
FNF:3
FNH:0
FNDA:0,FaqAccordion
FNDA:0,(anonymous_1)
FNDA:0,(anonymous_2)
DA:32,0
DA:34,0
DA:37,0
DA:49,0
LF:4
LH:0
BRF:0
BRH:0
end_of_record

TN:
SF:src/app/(marketing)/faq/page.tsx
FN:33,FaqPage
FNF:1
FNH:0
FNDA:0,FaqPage
DA:23,0
DA:25,0
DA:34,0
LF:3
LH:0
BRF:0
BRH:0
end_of_record

TN:
SF:src/app/(marketing)/features/page.tsx
FN:325,TierBadge
FN:356,FeatureImage
FN:365,FeatureSection
FN:394,(anonymous_3)
FN:444,PageHero
FN:498,ThrallSectionHeading
FN:518,(anonymous_6)
FN:533,UpgradeHook
FN:546,TierDivider
FN:572,SmartImportSafetyCallout
FN:587,DataSafetyTrustSection
FN:619,FinalCta
FN:667,FeaturesPage
FN:673,(anonymous_13)
FN:678,(anonymous_14)
FNF:15
FNH:0
FNDA:0,TierBadge
FNDA:0,FeatureImage
FNDA:0,FeatureSection
FNDA:0,(anonymous_3)
FNDA:0,PageHero
FNDA:0,ThrallSectionHeading
FNDA:0,(anonymous_6)
FNDA:0,UpgradeHook
FNDA:0,TierDivider
FNDA:0,SmartImportSafetyCallout
FNDA:0,DataSafetyTrustSection
FNDA:0,FinalCta
FNDA:0,FeaturesPage
FNDA:0,(anonymous_13)
FNDA:0,(anonymous_14)
DA:33,0
DA:35,0
DA:62,0
DA:128,0
DA:326,0
DA:327,0
DA:339,0
DA:357,0
DA:367,0
DA:395,0
DA:415,0
DA:417,0
DA:445,0
DA:499,0
DA:519,0
DA:534,0
DA:547,0
DA:573,0
DA:588,0
DA:620,0
DA:668,0
DA:674,0
DA:679,0
LF:23
LH:0
BRDA:326,0,0,0
BRDA:326,0,1,0
BRDA:425,1,0,0
BRDA:425,1,1,0
BRF:4
BRH:0
end_of_record

TN:
SF:src/app/(marketing)/free-trial/FreeTrialContent.tsx
FN:134,useFadeInUp
FN:144,HeroSection
FN:232,FeatureShowcase
FN:272,(anonymous_3)
FN:315,TimelineSection
FN:353,(anonymous_5)
FN:408,(anonymous_6)
FN:454,AfterTrialSection
FN:523,(anonymous_8)
FN:610,(anonymous_9)
FN:672,FinalCtaSection
FN:747,FreeTrialContent
FNF:12
FNH:0
FNDA:0,useFadeInUp
FNDA:0,HeroSection
FNDA:0,FeatureShowcase
FNDA:0,(anonymous_3)
FNDA:0,TimelineSection
FNDA:0,(anonymous_5)
FNDA:0,(anonymous_6)
FNDA:0,AfterTrialSection
FNDA:0,(anonymous_8)
FNDA:0,(anonymous_9)
FNDA:0,FinalCtaSection
FNDA:0,FreeTrialContent
DA:37,0
DA:82,0
DA:106,0
DA:120,0
DA:135,0
DA:136,0
DA:145,0
DA:147,0
DA:233,0
DA:235,0
DA:273,0
DA:316,0
DA:318,0
DA:354,0
DA:409,0
DA:455,0
DA:457,0
DA:524,0
DA:611,0
DA:673,0
DA:675,0
DA:748,0
LF:22
LH:0
BRDA:137,0,0,0
BRDA:137,0,1,0
BRDA:138,1,0,0
BRDA:138,1,1,0
BRDA:358,2,0,0
BRDA:358,2,1,0
BRDA:383,3,0,0
BRDA:383,3,1,0
BRDA:413,4,0,0
BRDA:413,4,1,0
BRDA:438,5,0,0
BRDA:438,5,1,0
BRDA:528,6,0,0
BRDA:528,6,1,0
BRDA:545,7,0,0
BRDA:545,7,1,0
BRF:16
BRH:0
end_of_record

TN:
SF:src/app/(marketing)/free-trial/page.tsx
FN:39,FreeTrialPage
FNF:1
FNH:0
FNDA:0,FreeTrialPage
DA:22,0
DA:24,0
DA:40,0
LF:3
LH:0
BRF:0
BRH:0
end_of_record

TN:
SF:src/app/(marketing)/home/page.tsx
FN:7,HomeRedirectPage
FNF:1
FNH:0
FNDA:0,HomeRedirectPage
DA:8,0
LF:1
LH:0
BRF:0
BRH:0
end_of_record

TN:
SF:src/app/(marketing)/pricing/PricingFaqAccordion.tsx
FN:74,PricingFaqAccordion
FN:77,(anonymous_1)
FNF:2
FNH:0
FNDA:0,PricingFaqAccordion
FNDA:0,(anonymous_1)
DA:17,0
DA:75,0
DA:78,0
LF:3
LH:0
BRF:0
BRH:0
end_of_record

TN:
SF:src/app/(marketing)/pricing/page.tsx
FN:33,CheckIcon
FN:56,PageHero
FN:78,TierCardsSection
FN:127,(anonymous_3)
FN:144,(anonymous_4)
FN:220,(anonymous_5)
FN:257,ComparisonTableSection
FN:306,(anonymous_7)
FN:327,(anonymous_8)
FN:350,(anonymous_9)
FN:370,(anonymous_10)
FN:390,(anonymous_11)
FN:405,FaqSection
FN:438,FinalCta
FN:486,PricingPage
FNF:15
FNH:0
FNDA:0,CheckIcon
FNDA:0,PageHero
FNDA:0,TierCardsSection
FNDA:0,(anonymous_3)
FNDA:0,(anonymous_4)
FNDA:0,(anonymous_5)
FNDA:0,ComparisonTableSection
FNDA:0,(anonymous_7)
FNDA:0,(anonymous_8)
FNDA:0,(anonymous_9)
FNDA:0,(anonymous_10)
FNDA:0,(anonymous_11)
FNDA:0,FaqSection
FNDA:0,FinalCta
FNDA:0,PricingPage
DA:23,0
DA:25,0
DA:34,0
DA:35,0
DA:44,0
DA:57,0
DA:79,0
DA:128,0
DA:145,0
DA:221,0
DA:258,0
DA:307,0
DA:328,0
DA:351,0
DA:371,0
DA:391,0
DA:406,0
DA:439,0
DA:487,0
LF:19
LH:0
BRDA:34,0,0,0
BRDA:34,0,1,0
BRDA:224,1,0,0
BRDA:224,1,1,0
BRF:4
BRH:0
end_of_record

TN:
SF:src/app/(marketing)/privacy/page.tsx
FN:37,PrivacyPage
FNF:1
FNH:0
FNDA:0,PrivacyPage
DA:13,0
DA:15,0
DA:24,0
DA:27,0
DA:29,0
DA:31,0
DA:33,0
DA:38,0
LF:8
LH:0
BRF:0
BRH:0
end_of_record

TN:
SF:src/app/(marketing)/terms/page.tsx
FN:36,TermsPage
FNF:1
FNH:0
FNDA:0,TermsPage
DA:13,0
DA:15,0
DA:23,0
DA:26,0
DA:28,0
DA:30,0
DA:32,0
DA:37,0
LF:8
LH:0
BRF:0
BRH:0
end_of_record

TN:
SF:src/app/admin/layout.tsx
FN:32,AdminLayout
FN:36,(anonymous_1)
FN:60,(anonymous_2)
FN:120,(anonymous_3)
FN:166,(anonymous_4)
FNF:5
FNH:0
FNDA:0,AdminLayout
FNDA:0,(anonymous_1)
FNDA:0,(anonymous_2)
FNDA:0,(anonymous_3)
FNDA:0,(anonymous_4)
DA:28,0
DA:33,0
DA:34,0
DA:36,0
DA:37,0
DA:38,0
DA:43,0
DA:44,0
DA:45,0
DA:48,0
DA:49,0
DA:50,0
DA:54,0
DA:56,0
DA:60,0
DA:61,0
DA:63,0
DA:65,0
DA:66,0
DA:67,0
DA:68,0
DA:72,0
DA:73,0
DA:75,0
DA:80,0
DA:81,0
DA:97,0
DA:98,0
DA:120,0
DA:136,0
DA:167,0
LF:31
LH:0
BRDA:43,0,0,0
BRDA:43,0,1,0
BRDA:48,1,0,0
BRDA:48,1,1,0
BRDA:61,2,0,0
BRDA:61,2,1,0
BRDA:63,3,0,0
BRDA:63,3,1,0
BRDA:63,4,0,0
BRDA:63,4,1,0
BRDA:72,5,0,0
BRDA:72,5,1,0
BRDA:80,6,0,0
BRDA:80,6,1,0
BRDA:80,7,0,0
BRDA:80,7,1,0
BRDA:88,8,0,0
BRDA:88,8,1,0
BRDA:97,9,0,0
BRDA:97,9,1,0
BRF:20
BRH:0
end_of_record

TN:
SF:src/app/admin/page.tsx
FN:16,AdminPage
FNF:1
FNH:0
FNDA:0,AdminPage
DA:17,0
LF:1
LH:0
BRF:0
BRH:0
end_of_record

TN:
SF:src/app/api/admin/pack-status/route.ts
FN:18,GET
FNF:1
FNH:1
FNDA:5,GET
DA:19,5
DA:22,5
DA:23,5
DA:26,4
DA:27,1
DA:30,1
DA:39,3
DA:40,3
DA:42,2
DA:47,2
DA:51,1
DA:52,1
DA:53,1
LF:13
LH:13
BRDA:23,0,0,1
BRDA:23,0,1,4
BRDA:26,1,0,1
BRDA:26,1,1,3
BRDA:51,2,0,1
BRDA:51,2,1,0
BRF:6
BRH:5
end_of_record

TN:
SF:src/app/api/auth/token/route.ts
FN:61,isRefreshRequest
FN:70,isAllowedRedirectUri
FN:83,POST
FNF:3
FNH:3
FNDA:12,isRefreshRequest
FNDA:2,isAllowedRedirectUri
FNDA:8,POST
DA:37,1
DA:47,1
DA:62,12
DA:71,2
DA:72,2
DA:73,2
DA:74,2
DA:75,2
DA:76,2
DA:78,0
DA:79,0
DA:85,8
DA:86,8
DA:89,8
DA:90,8
DA:91,1
DA:92,1
DA:103,7
DA:104,7
DA:106,1
DA:107,1
DA:113,6
DA:114,8
DA:123,8
DA:124,8
DA:126,8
DA:127,0
DA:128,0
DA:129,0
DA:138,6
DA:140,3
DA:141,1
DA:142,1
DA:148,2
DA:156,3
DA:158,3
DA:159,1
DA:160,1
DA:169,2
DA:170,1
DA:171,1
DA:180,1
DA:191,3
DA:193,3
DA:194,3
DA:200,1
DA:201,1
DA:202,1
DA:209,2
DA:210,2
DA:211,0
DA:213,2
DA:214,2
LF:53
LH:47
BRDA:39,0,0,1
BRDA:39,0,1,0
BRDA:41,1,0,1
BRDA:41,1,1,0
BRDA:41,2,0,1
BRDA:41,2,1,1
BRDA:85,3,0,8
BRDA:85,3,1,1
BRDA:90,4,0,1
BRDA:90,4,1,7
BRDA:113,5,0,3
BRDA:113,5,1,3
BRDA:126,6,0,0
BRDA:126,6,1,8
BRDA:126,7,0,8
BRDA:126,7,1,6
BRDA:138,8,0,3
BRDA:138,8,1,3
BRDA:140,9,0,1
BRDA:140,9,1,2
BRDA:158,10,0,1
BRDA:158,10,1,2
BRDA:158,11,0,3
BRDA:158,11,1,3
BRDA:158,11,2,2
BRDA:169,12,0,1
BRDA:169,12,1,1
BRDA:210,13,0,0
BRDA:210,13,1,2
BRF:29
BRH:25
end_of_record

TN:
SF:src/app/api/config/picker/route.ts
FN:5,GET
FNF:1
FNH:1
FNDA:15,GET
DA:6,15
DA:9,15
DA:10,15
DA:11,5
DA:12,5
DA:15,10
DA:16,10
DA:17,2
DA:18,2
DA:24,8
DA:25,8
LF:11
LH:11
BRDA:10,0,0,5
BRDA:10,0,1,10
BRDA:16,1,0,2
BRDA:16,1,1,8
BRF:4
BRH:4
end_of_record

TN:
SF:src/app/api/health/route.ts
FN:12,GET
FNF:1
FNH:1
FNDA:8,GET
DA:13,8
LF:1
LH:1
BRDA:17,0,0,8
BRDA:17,0,1,7
BRDA:18,1,0,8
BRDA:18,1,1,7
BRF:4
BRH:4
end_of_record

TN:
SF:src/app/api/household/invite/route.ts
FN:31,POST
FNF:1
FNH:1
FNDA:12,POST
DA:29,2
DA:32,12
DA:34,12
DA:35,12
DA:38,8
DA:39,8
DA:41,0
DA:47,8
DA:48,0
DA:54,8
DA:55,8
DA:56,1
DA:62,7
DA:63,1
DA:69,6
DA:71,6
DA:72,1
DA:73,1
DA:79,5
DA:80,5
DA:81,0
DA:87,5
DA:88,1
DA:89,1
DA:95,4
DA:97,4
DA:98,4
LF:27
LH:24
BRDA:35,0,0,4
BRDA:35,0,1,8
BRDA:47,1,0,0
BRDA:47,1,1,8
BRDA:47,2,0,8
BRDA:47,2,1,8
BRDA:55,3,0,1
BRDA:55,3,1,7
BRDA:62,4,0,1
BRDA:62,4,1,6
BRDA:71,5,0,1
BRDA:71,5,1,5
BRDA:80,6,0,0
BRDA:80,6,1,5
BRDA:87,7,0,1
BRDA:87,7,1,4
BRF:16
BRH:14
end_of_record

TN:
SF:src/app/api/household/invite/validate/route.ts
FN:39,GET
FN:103,(anonymous_1)
FNF:2
FNH:2
FNDA:17,GET
FNDA:7,(anonymous_1)
DA:37,2
DA:40,17
DA:42,17
DA:43,17
DA:45,16
DA:47,16
DA:48,16
DA:49,3
DA:55,13
DA:56,13
DA:57,2
DA:64,11
DA:65,11
DA:66,1
DA:73,10
DA:75,10
DA:76,1
DA:77,1
DA:84,9
DA:85,1
DA:86,1
DA:93,8
DA:94,1
DA:95,1
DA:102,7
DA:103,7
DA:110,7
DA:111,7
DA:113,7
DA:114,7
LF:30
LH:30
BRDA:43,0,0,1
BRDA:43,0,1,16
BRDA:48,1,0,3
BRDA:48,1,1,13
BRDA:48,2,0,16
BRDA:48,2,1,14
BRDA:48,2,2,14
BRDA:56,3,0,2
BRDA:56,3,1,11
BRDA:65,4,0,1
BRDA:65,4,1,10
BRDA:75,5,0,1
BRDA:75,5,1,9
BRDA:84,6,0,1
BRDA:84,6,1,8
BRDA:93,7,0,1
BRDA:93,7,1,7
BRF:17
BRH:17
end_of_record

TN:
SF:src/app/api/household/join/route.ts
FN:41,POST
FNF:1
FNH:1
FNDA:18,POST
DA:42,18
DA:44,18
DA:45,18
DA:47,17
DA:50,17
DA:51,17
DA:53,0
DA:59,17
DA:65,5
DA:71,12
DA:73,12
DA:74,1
DA:80,11
DA:81,11
DA:83,4
DA:87,4
DA:94,7
DA:95,7
DA:96,1
DA:101,6
DA:102,1
DA:107,5
DA:108,2
DA:113,3
DA:114,3
LF:25
LH:24
BRDA:45,0,0,1
BRDA:45,0,1,17
BRDA:59,1,0,5
BRDA:59,1,1,12
BRDA:60,2,0,17
BRDA:60,2,1,16
BRDA:60,2,2,16
BRDA:60,2,3,14
BRDA:73,3,0,1
BRDA:73,3,1,11
BRDA:95,4,0,1
BRDA:95,4,1,6
BRDA:101,5,0,1
BRDA:101,5,1,5
BRDA:107,6,0,2
BRDA:107,6,1,3
BRF:16
BRH:16
end_of_record

TN:
SF:src/app/api/household/members/route.ts
FN:37,GET
FN:80,(anonymous_1)
FN:85,(anonymous_2)
FNF:3
FNH:3
FNDA:10,GET
FNDA:7,(anonymous_1)
FNDA:15,(anonymous_2)
DA:35,1
DA:38,10
DA:40,10
DA:41,10
DA:43,9
DA:45,9
DA:46,9
DA:48,3
DA:49,3
DA:54,3
DA:55,3
DA:62,9
DA:63,9
DA:64,1
DA:70,8
DA:71,8
DA:72,8
DA:75,8
DA:78,8
DA:81,7
DA:82,7
DA:83,1
DA:85,15
DA:93,8
DA:106,8
DA:107,6
DA:108,6
DA:111,8
DA:112,8
LF:29
LH:29
BRDA:41,0,0,1
BRDA:41,0,1,9
BRDA:46,1,0,3
BRDA:46,1,1,6
BRDA:63,2,0,1
BRDA:63,2,1,8
BRDA:81,3,0,0
BRDA:81,3,1,7
BRDA:81,4,0,7
BRDA:81,4,1,0
BRDA:82,5,0,6
BRDA:82,5,1,1
BRDA:82,6,0,7
BRDA:82,6,1,7
BRDA:106,7,0,6
BRDA:106,7,1,2
BRDA:106,8,0,8
BRDA:106,8,1,7
BRF:18
BRH:16
end_of_record

TN:
SF:src/app/api/sheets/import/route.ts
FN:15,errorResponse
FN:20,POST
FNF:2
FNH:2
FNDA:4,errorResponse
FNDA:10,POST
DA:11,1
DA:13,1
DA:16,4
DA:17,4
DA:21,10
DA:24,10
DA:25,10
DA:26,2
DA:27,2
DA:31,8
DA:32,8
DA:37,8
DA:38,0
DA:39,0
DA:45,8
DA:53,8
DA:54,8
DA:55,7
DA:56,10
DA:57,10
DA:58,10
DA:59,10
DA:61,1
DA:62,1
DA:66,7
DA:67,10
DA:68,10
DA:70,10
DA:71,10
DA:73,10
DA:74,1
DA:75,1
DA:78,6
DA:79,1
DA:80,1
DA:84,5
DA:85,1
DA:86,1
DA:90,4
DA:91,4
DA:92,10
DA:93,10
DA:99,1
DA:100,1
DA:105,1
DA:106,1
DA:109,3
DA:110,3
DA:112,0
DA:113,0
LF:50
LH:46
BRDA:15,0,0,4
BRDA:25,1,0,2
BRDA:25,1,1,8
BRDA:37,2,0,0
BRDA:37,2,1,8
BRDA:66,3,0,7
BRDA:66,3,1,3
BRDA:67,4,0,10
BRDA:67,4,1,2
BRDA:68,5,0,10
BRDA:68,5,1,2
BRDA:68,5,2,2
BRDA:68,5,3,2
BRDA:73,6,0,1
BRDA:73,6,1,9
BRDA:78,7,0,1
BRDA:78,7,1,5
BRDA:84,8,0,1
BRDA:84,8,1,4
BRDA:84,9,0,5
BRDA:84,9,1,2
BRDA:84,9,2,2
BRDA:91,10,0,2
BRDA:91,10,1,2
BRDA:91,11,0,1
BRDA:91,11,1,1
BRDA:93,12,0,2
BRDA:93,12,1,2
BRDA:95,13,0,1
BRDA:95,13,1,1
BRDA:99,14,0,1
BRDA:99,14,1,0
BRDA:100,15,0,0
BRDA:100,15,1,1
BRDA:101,16,0,0
BRDA:101,16,1,1
BRDA:102,17,0,1
BRDA:102,17,1,0
BRDA:103,18,0,0
BRDA:103,18,1,0
BRF:40
BRH:33
end_of_record

TN:
SF:src/app/api/stripe/checkout/route.ts
FN:30,POST
FNF:1
FNH:1
FNDA:12,POST
DA:31,12
DA:35,12
DA:36,12
DA:40,12
DA:41,0
DA:42,0
DA:53,12
DA:54,12
DA:55,0
DA:56,0
DA:59,12
DA:60,12
DA:61,12
DA:63,12
DA:65,12
DA:66,1
DA:67,1
DA:68,1
DA:74,11
DA:76,11
DA:77,11
DA:78,11
DA:79,11
DA:80,11
DA:88,11
DA:93,12
DA:96,11
DA:97,10
DA:106,10
DA:109,10
DA:110,10
DA:111,10
DA:115,6
DA:123,4
DA:124,4
DA:131,10
DA:134,6
DA:136,6
DA:137,3
DA:148,3
DA:152,3
DA:155,3
DA:159,3
DA:160,3
DA:162,3
DA:169,3
DA:173,3
DA:177,3
DA:183,1
DA:184,0
DA:191,0
DA:195,0
DA:196,0
DA:199,1
DA:204,1
DA:214,2
DA:215,0
DA:220,0
DA:223,2
DA:229,1
DA:231,0
DA:232,0
DA:237,1
DA:247,7
DA:248,6
DA:253,6
DA:259,5
DA:260,3
DA:262,3
DA:264,3
DA:266,2
DA:273,2
DA:277,2
DA:278,2
DA:282,2
DA:283,2
DA:285,2
DA:287,2
DA:292,2
DA:296,2
DA:300,1
DA:304,1
DA:313,2
DA:323,3
DA:327,12
DA:333,12
DA:350,3
DA:351,0
DA:354,0
DA:355,0
DA:361,3
DA:362,3
DA:368,3
DA:370,1
DA:371,1
DA:375,1
DA:376,1
LF:97
LH:82
BRDA:35,0,0,12
BRDA:35,0,1,0
BRDA:40,1,0,0
BRDA:40,1,1,12
BRDA:54,2,0,0
BRDA:54,2,1,12
BRDA:65,3,0,1
BRDA:65,3,1,11
BRDA:79,4,0,11
BRDA:79,4,1,0
BRDA:79,5,0,11
BRDA:79,5,1,11
BRDA:79,5,2,11
BRDA:88,6,0,11
BRDA:88,6,1,0
BRDA:96,7,0,10
BRDA:96,7,1,1
BRDA:96,8,0,11
BRDA:96,8,1,10
BRDA:123,9,0,4
BRDA:123,9,1,0
BRDA:131,10,0,6
BRDA:131,10,1,4
BRDA:134,11,0,6
BRDA:134,11,1,4
BRDA:136,12,0,3
BRDA:136,12,1,3
BRDA:136,13,0,6
BRDA:136,13,1,4
BRDA:148,14,0,2
BRDA:148,14,1,1
BRDA:177,15,0,1
BRDA:177,15,1,2
BRDA:177,16,0,3
BRDA:177,16,1,2
BRDA:177,16,2,1
BRDA:183,17,0,0
BRDA:183,17,1,1
BRDA:214,18,0,0
BRDA:214,18,1,2
BRDA:214,19,0,2
BRDA:214,19,1,2
BRDA:229,20,0,0
BRDA:229,20,1,1
BRDA:247,21,0,6
BRDA:247,21,1,1
BRDA:259,22,0,3
BRDA:259,22,1,2
BRDA:259,23,0,5
BRDA:259,23,1,3
BRDA:262,24,0,3
BRDA:262,24,1,2
BRDA:264,25,0,2
BRDA:264,25,1,1
BRDA:273,26,0,1
BRDA:273,26,1,1
BRDA:282,27,0,2
BRDA:282,27,1,0
BRDA:323,28,0,2
BRDA:323,28,1,1
BRDA:330,29,0,2
BRDA:330,29,1,1
BRDA:343,30,0,0
BRDA:343,30,1,3
BRDA:344,31,0,0
BRDA:344,31,1,3
BRDA:350,32,0,0
BRDA:350,32,1,3
BRDA:370,33,0,1
BRDA:370,33,1,0
BRF:70
BRH:56
end_of_record

TN:
SF:src/app/api/stripe/membership/route.ts
FN:29,GET
FNF:1
FNH:1
FNDA:14,GET
DA:30,14
DA:34,14
DA:35,14
DA:39,14
DA:40,0
DA:41,0
DA:51,14
DA:52,14
DA:53,2
DA:54,2
DA:57,12
DA:60,12
DA:64,12
DA:65,6
DA:66,6
DA:67,4
DA:71,4
DA:72,4
DA:73,2
DA:77,4
DA:78,2
DA:79,2
DA:84,2
DA:86,2
DA:90,2
DA:91,2
DA:101,12
DA:102,4
DA:108,4
DA:113,4
DA:120,8
DA:121,8
DA:122,5
DA:123,5
DA:126,5
DA:127,5
DA:128,5
DA:135,5
DA:143,0
DA:144,0
DA:149,8
DA:160,14
DA:168,14
LF:43
LH:39
BRDA:34,0,0,14
BRDA:34,0,1,7
BRDA:39,1,0,0
BRDA:39,1,1,14
BRDA:52,2,0,2
BRDA:52,2,1,12
BRDA:64,3,0,6
BRDA:64,3,1,6
BRDA:66,4,0,4
BRDA:66,4,1,2
BRDA:73,5,0,2
BRDA:73,5,1,0
BRDA:77,6,0,2
BRDA:77,6,1,2
BRDA:84,7,0,2
BRDA:84,7,1,0
BRDA:90,8,0,2
BRDA:90,8,1,0
BRDA:101,9,0,4
BRDA:101,9,1,8
BRDA:121,10,0,5
BRDA:121,10,1,3
BRDA:121,11,0,8
BRDA:121,11,1,8
BRDA:121,11,2,3
BRDA:127,12,0,5
BRDA:127,12,1,2
BRDA:128,13,0,2
BRDA:128,13,1,3
BRDA:130,14,0,3
BRDA:130,14,1,0
BRDA:143,15,0,0
BRDA:143,15,1,0
BRDA:157,16,0,8
BRDA:157,16,1,8
BRDA:158,17,0,14
BRDA:158,17,1,8
BRF:37
BRH:30
end_of_record

TN:
SF:src/app/api/stripe/portal/route.ts
FN:28,POST
FNF:1
FNH:1
FNDA:5,POST
DA:29,5
DA:33,5
DA:34,5
DA:38,5
DA:39,0
DA:40,0
DA:50,5
DA:51,5
DA:52,2
DA:53,2
DA:56,3
DA:59,3
DA:60,3
DA:61,1
DA:66,1
DA:72,2
DA:74,2
DA:75,2
DA:76,2
DA:77,0
DA:78,0
DA:86,2
DA:88,5
DA:93,2
DA:94,2
DA:99,2
DA:101,0
DA:102,0
DA:107,0
DA:108,0
LF:30
LH:22
BRDA:33,0,0,5
BRDA:33,0,1,5
BRDA:38,1,0,0
BRDA:38,1,1,5
BRDA:51,2,0,2
BRDA:51,2,1,3
BRDA:60,3,0,1
BRDA:60,3,1,2
BRDA:77,4,0,0
BRDA:77,4,1,0
BRDA:77,5,0,0
BRDA:77,5,1,0
BRDA:77,5,2,0
BRDA:86,6,0,2
BRDA:86,6,1,0
BRDA:90,7,0,0
BRDA:90,7,1,2
BRDA:101,8,0,0
BRDA:101,8,1,0
BRF:19
BRH:9
end_of_record

TN:
SF:src/app/api/stripe/unlink/route.ts
FN:30,POST
FNF:1
FNH:1
FNDA:5,POST
DA:31,5
DA:35,5
DA:36,5
DA:40,5
DA:41,0
DA:42,0
DA:52,5
DA:53,5
DA:54,2
DA:55,2
DA:58,3
DA:60,3
DA:62,3
DA:64,3
DA:65,3
DA:67,3
DA:68,3
DA:74,0
DA:75,0
DA:85,3
DA:86,3
DA:98,3
DA:104,3
DA:110,3
DA:115,0
DA:116,0
DA:120,0
DA:126,0
LF:28
LH:20
BRDA:35,0,0,5
BRDA:35,0,1,5
BRDA:40,1,0,0
BRDA:40,1,1,5
BRDA:53,2,0,2
BRDA:53,2,1,3
BRDA:64,3,0,3
BRDA:64,3,1,0
BRDA:74,4,0,0
BRDA:74,4,1,0
BRDA:85,5,0,3
BRDA:85,5,1,0
BRDA:93,6,0,3
BRDA:93,6,1,3
BRDA:94,7,0,3
BRDA:94,7,1,0
BRDA:115,8,0,0
BRDA:115,8,1,0
BRF:18
BRH:10
end_of_record

TN:
SF:src/app/api/stripe/webhook/route.ts
FN:60,stripeTierToHouseholdTier
FN:64,syncHouseholdTierToFirestore
FN:113,handleCheckoutCompleted
FN:187,handleSubscriptionUpdated
FN:266,handleSubscriptionDeleted
FN:333,POST
FNF:6
FNH:6
FNDA:24,stripeTierToHouseholdTier
FNDA:24,syncHouseholdTierToFirestore
FNDA:17,handleCheckoutCompleted
FNDA:12,handleSubscriptionUpdated
FNDA:7,handleSubscriptionDeleted
FNDA:44,POST
DA:42,3
DA:61,24
DA:68,24
DA:69,24
DA:70,24
DA:71,10
DA:72,1
DA:73,1
DA:75,9
DA:76,9
DA:80,6
DA:85,17
DA:86,17
DA:96,3
DA:116,17
DA:122,17
DA:126,17
DA:127,1
DA:130,1
DA:131,1
DA:134,16
DA:138,17
DA:139,1
DA:142,1
DA:143,1
DA:147,15
DA:148,15
DA:150,15
DA:152,17
DA:154,11
DA:156,10
DA:157,10
DA:165,4
DA:166,4
DA:174,14
DA:190,12
DA:197,12
DA:201,12
DA:202,12
DA:203,1
DA:204,1
DA:205,1
DA:208,11
DA:209,11
DA:211,11
DA:227,12
DA:229,2
DA:230,2
DA:231,2
DA:232,2
DA:233,2
DA:241,9
DA:242,9
DA:243,9
DA:245,9
DA:246,9
DA:254,11
DA:269,7
DA:273,7
DA:277,7
DA:278,7
DA:279,1
DA:280,1
DA:281,1
DA:284,6
DA:286,6
DA:300,7
DA:301,1
DA:302,1
DA:303,1
DA:304,1
DA:305,1
DA:312,5
DA:313,5
DA:314,5
DA:316,5
DA:317,5
DA:325,6
DA:334,44
DA:338,44
DA:339,44
DA:341,0
DA:342,0
DA:349,44
DA:350,44
DA:351,2
DA:352,2
DA:358,42
DA:359,42
DA:360,2
DA:361,2
DA:368,40
DA:369,40
DA:370,40
DA:371,40
DA:372,39
DA:373,1
DA:377,1
DA:382,1
DA:389,1
DA:390,1
DA:398,39
DA:399,2
DA:404,2
DA:407,37
DA:413,37
DA:414,37
DA:416,17
DA:417,17
DA:418,16
DA:421,12
DA:422,12
DA:423,12
DA:426,7
DA:427,7
DA:428,7
DA:432,1
DA:433,1
DA:438,1
DA:443,1
DA:446,0
DA:447,0
DA:451,1
DA:452,1
DA:457,1
DA:458,1
DA:465,36
DA:466,36
DA:467,36
DA:468,36
DA:473,0
DA:474,0
DA:481,36
LF:133
LH:127
BRDA:61,0,0,18
BRDA:61,0,1,6
BRDA:71,1,0,1
BRDA:71,1,1,9
BRDA:85,2,0,17
BRDA:85,2,1,0
BRDA:122,3,0,15
BRDA:122,3,1,2
BRDA:126,4,0,1
BRDA:126,4,1,16
BRDA:134,5,0,14
BRDA:134,5,1,2
BRDA:138,6,0,1
BRDA:138,6,1,16
BRDA:152,7,0,11
BRDA:152,7,1,4
BRDA:194,8,0,12
BRDA:194,8,1,0
BRDA:197,9,0,12
BRDA:197,9,1,0
BRDA:202,10,0,1
BRDA:202,10,1,11
BRDA:217,11,0,11
BRDA:217,11,1,11
BRDA:218,12,0,2
BRDA:218,12,1,9
BRDA:220,13,0,8
BRDA:220,13,1,1
BRDA:227,14,0,2
BRDA:227,14,1,9
BRDA:231,15,0,2
BRDA:231,15,1,1
BRDA:242,16,0,9
BRDA:242,16,1,7
BRDA:273,17,0,7
BRDA:273,17,1,0
BRDA:278,18,0,1
BRDA:278,18,1,6
BRDA:293,19,0,6
BRDA:293,19,1,0
BRDA:300,20,0,1
BRDA:300,20,1,5
BRDA:303,21,0,1
BRDA:303,21,1,1
BRDA:313,22,0,5
BRDA:313,22,1,4
BRDA:350,23,0,2
BRDA:350,23,1,42
BRDA:359,24,0,2
BRDA:359,24,1,40
BRDA:372,25,0,1
BRDA:372,25,1,38
BRDA:389,26,0,1
BRDA:389,26,1,0
BRDA:398,27,0,2
BRDA:398,27,1,37
BRDA:414,28,0,17
BRDA:414,28,1,12
BRDA:414,28,2,7
BRDA:414,28,3,1
BRDA:414,28,4,0
BRDA:451,29,0,1
BRDA:451,29,1,0
BRDA:473,30,0,0
BRDA:473,30,1,0
BRF:65
BRH:55
end_of_record

TN:
SF:src/app/api/sync/route.ts
FN:31,GET
FN:52,PUT
FN:80,(anonymous_2)
FNF:3
FNH:3
FNDA:13,GET
FNDA:28,PUT
FNDA:1006,(anonymous_2)
DA:32,13
DA:34,13
DA:35,13
DA:37,7
DA:38,7
DA:39,7
DA:41,7
DA:47,7
DA:53,28
DA:55,28
DA:56,28
DA:59,21
DA:60,21
DA:62,1
DA:68,20
DA:69,2
DA:75,18
DA:76,18
DA:79,18
DA:80,1006
DA:82,18
DA:83,18
DA:85,18
DA:87,1522
DA:88,2
DA:89,2
DA:92,1520
DA:95,1520
DA:97,767
DA:99,753
DA:103,18
DA:104,9
DA:107,18
DA:109,18
DA:116,18
LF:35
LH:35
BRDA:35,0,0,6
BRDA:35,0,1,7
BRDA:56,1,0,7
BRDA:56,1,1,21
BRDA:68,2,0,2
BRDA:68,2,1,18
BRDA:87,3,0,2
BRDA:87,3,1,1520
BRDA:87,4,0,1522
BRDA:87,4,1,1521
BRDA:95,5,0,767
BRDA:95,5,1,753
BRDA:95,6,0,1520
BRDA:95,6,1,1006
BRDA:103,7,0,9
BRDA:103,7,1,9
BRF:16
BRH:16
end_of_record

TN:
SF:src/app/api/sync/pull/route.ts
FN:36,GET
FN:62,(anonymous_1)
FNF:2
FNH:2
FNDA:14,GET
FNDA:6,(anonymous_1)
DA:37,14
DA:40,14
DA:41,14
DA:42,1
DA:54,13
DA:55,13
DA:58,8
DA:60,8
DA:61,8
DA:62,7
DA:64,7
DA:71,7
DA:76,1
DA:77,1
DA:78,1
LF:15
LH:15
BRDA:41,0,0,1
BRDA:41,0,1,13
BRDA:55,1,0,5
BRDA:55,1,1,8
BRDA:76,2,0,1
BRDA:76,2,1,0
BRF:6
BRH:5
end_of_record

TN:
SF:src/app/api/sync/push/route.ts
FN:41,POST
FN:98,(anonymous_1)
FNF:2
FNH:2
FNDA:21,POST
FNDA:9,(anonymous_1)
DA:42,21
DA:46,21
DA:47,21
DA:49,1
DA:55,20
DA:56,0
DA:62,20
DA:64,20
DA:65,1
DA:74,19
DA:75,1
DA:87,18
DA:88,18
DA:91,11
DA:98,11
DA:103,11
DA:105,11
DA:108,10
DA:111,10
DA:113,10
DA:119,10
DA:127,1
DA:128,1
DA:129,1
LF:24
LH:23
BRDA:55,0,0,0
BRDA:55,0,1,20
BRDA:55,1,0,20
BRDA:55,1,1,20
BRDA:64,2,0,1
BRDA:64,2,1,19
BRDA:64,3,0,20
BRDA:64,3,1,19
BRDA:74,4,0,1
BRDA:74,4,1,18
BRDA:88,5,0,7
BRDA:88,5,1,11
BRDA:127,6,0,1
BRDA:127,6,1,0
BRF:14
BRH:12
end_of_record

TN:
SF:src/app/api/trial/convert/route.ts
FN:24,POST
FNF:1
FNH:1
FNDA:6,POST
DA:25,6
DA:29,6
DA:30,6
DA:34,6
DA:35,0
DA:36,0
DA:46,6
DA:47,6
DA:51,4
DA:52,4
DA:53,4
DA:59,1
DA:64,3
DA:66,0
DA:72,3
DA:73,1
DA:74,1
DA:84,2
DA:85,2
DA:86,2
DA:87,2
DA:92,0
DA:93,0
DA:94,0
LF:24
LH:18
BRDA:29,0,0,6
BRDA:29,0,1,6
BRDA:34,1,0,0
BRDA:34,1,1,6
BRDA:47,2,0,2
BRDA:47,2,1,4
BRDA:53,3,0,1
BRDA:53,3,1,3
BRDA:54,4,0,4
BRDA:54,4,1,4
BRDA:54,4,2,4
BRDA:54,4,3,3
BRDA:72,5,0,1
BRDA:72,5,1,2
BRDA:92,6,0,0
BRDA:92,6,1,0
BRF:16
BRH:13
end_of_record

TN:
SF:src/app/api/trial/init/route.ts
FN:24,POST
FNF:1
FNH:1
FNDA:11,POST
DA:25,11
DA:29,11
DA:30,11
DA:34,11
DA:35,1
DA:36,1
DA:46,10
DA:47,10
DA:51,9
DA:52,9
DA:53,8
DA:59,1
DA:64,7
DA:66,1
DA:72,7
DA:73,2
DA:74,2
DA:84,5
DA:85,5
DA:86,1
DA:87,1
DA:94,4
DA:95,4
DA:96,3
DA:97,3
DA:102,1
DA:103,1
DA:104,1
LF:28
LH:28
BRDA:29,0,0,11
BRDA:29,0,1,0
BRDA:34,1,0,1
BRDA:34,1,1,10
BRDA:47,2,0,1
BRDA:47,2,1,9
BRDA:53,3,0,1
BRDA:53,3,1,7
BRDA:54,4,0,8
BRDA:54,4,1,8
BRDA:54,4,2,8
BRDA:54,4,3,7
BRDA:72,5,0,2
BRDA:72,5,1,5
BRDA:85,6,0,1
BRDA:85,6,1,4
BRDA:102,7,0,1
BRDA:102,7,1,0
BRF:18
BRH:16
end_of_record

TN:
SF:src/app/api/trial/status/route.ts
FN:23,POST
FNF:1
FNH:1
FNDA:14,POST
DA:24,14
DA:28,14
DA:29,14
DA:33,14
DA:34,1
DA:35,1
DA:45,13
DA:46,13
DA:50,12
DA:51,12
DA:52,11
DA:58,1
DA:63,10
DA:65,1
DA:71,10
DA:72,1
DA:73,1
DA:86,9
DA:87,9
DA:88,9
DA:89,4
DA:90,4
DA:91,4
DA:93,0
DA:94,0
DA:98,9
DA:100,9
DA:106,9
DA:110,0
DA:111,0
DA:112,0
LF:31
LH:26
BRDA:28,0,0,14
BRDA:28,0,1,0
BRDA:33,1,0,1
BRDA:33,1,1,13
BRDA:46,2,0,1
BRDA:46,2,1,12
BRDA:52,3,0,1
BRDA:52,3,1,10
BRDA:53,4,0,11
BRDA:53,4,1,11
BRDA:53,4,2,11
BRDA:53,4,3,10
BRDA:71,5,0,1
BRDA:71,5,1,9
BRDA:88,6,0,4
BRDA:88,6,1,5
BRDA:93,7,0,0
BRDA:93,7,1,0
BRDA:110,8,0,0
BRDA:110,8,1,0
BRF:20
BRH:15
end_of_record

TN:
SF:src/app/ledger/layout.tsx
FN:21,LedgerLayout
FNF:1
FNH:0
FNDA:0,LedgerLayout
DA:17,0
DA:22,0
LF:2
LH:0
BRF:0
BRH:0
end_of_record

TN:
SF:src/app/ledger/page.tsx
FN:49,DashboardPageContent
FN:64,(anonymous_1)
FN:71,(anonymous_2)
FN:102,(anonymous_3)
FN:109,(anonymous_4)
FN:119,(anonymous_5)
FN:121,(anonymous_6)
FN:125,(anonymous_7)
FN:126,handleOpenWizard
FN:130,(anonymous_9)
FN:135,handleConfirmImport
FN:163,(anonymous_11)
FN:274,(anonymous_12)
FN:283,(anonymous_13)
FN:291,DashboardPage
FNF:15
FNH:0
FNDA:0,DashboardPageContent
FNDA:0,(anonymous_1)
FNDA:0,(anonymous_2)
FNDA:0,(anonymous_3)
FNDA:0,(anonymous_4)
FNDA:0,(anonymous_5)
FNDA:0,(anonymous_6)
FNDA:0,(anonymous_7)
FNDA:0,handleOpenWizard
FNDA:0,(anonymous_9)
FNDA:0,handleConfirmImport
FNDA:0,(anonymous_11)
FNDA:0,(anonymous_12)
FNDA:0,(anonymous_13)
FNDA:0,DashboardPage
DA:50,0
DA:51,0
DA:52,0
DA:53,0
DA:54,0
DA:55,0
DA:56,0
DA:57,0
DA:58,0
DA:60,0
DA:62,0
DA:64,0
DA:66,0
DA:68,0
DA:71,0
DA:72,0
DA:73,0
DA:77,0
DA:78,0
DA:80,0
DA:81,0
DA:83,0
DA:84,0
DA:85,0
DA:86,0
DA:89,0
DA:90,0
DA:91,0
DA:92,0
DA:93,0
DA:94,0
DA:102,0
DA:103,0
DA:104,0
DA:105,0
DA:109,0
DA:110,0
DA:111,0
DA:113,0
DA:119,0
DA:120,0
DA:121,0
DA:125,0
DA:127,0
DA:129,0
DA:130,0
DA:133,0
DA:136,0
DA:138,0
DA:139,0
DA:144,0
DA:145,0
DA:148,0
DA:149,0
DA:150,0
DA:154,0
DA:155,0
DA:158,0
DA:159,0
DA:160,0
DA:163,0
DA:164,0
DA:165,0
DA:166,0
DA:167,0
DA:168,0
DA:176,0
DA:183,0
DA:190,0
DA:193,0
DA:195,0
DA:274,0
DA:283,0
DA:292,0
LF:74
LH:0
BRDA:53,0,0,0
BRDA:53,0,1,0
BRDA:66,1,0,0
BRDA:66,1,1,0
BRDA:68,2,0,0
BRDA:68,2,1,0
BRDA:72,3,0,0
BRDA:72,3,1,0
BRDA:90,4,0,0
BRDA:90,4,1,0
BRDA:94,5,0,0
BRDA:94,5,1,0
BRDA:103,6,0,0
BRDA:103,6,1,0
BRDA:110,7,0,0
BRDA:110,7,1,0
BRDA:133,8,0,0
BRDA:133,8,1,0
BRDA:136,9,0,0
BRDA:136,9,1,0
BRDA:155,10,0,0
BRDA:155,10,1,0
BRDA:159,11,0,0
BRDA:159,11,1,0
BRDA:167,12,0,0
BRDA:167,12,1,0
BRDA:167,13,0,0
BRDA:167,13,1,0
BRDA:190,14,0,0
BRDA:190,14,1,0
BRDA:193,15,0,0
BRDA:193,15,1,0
BRDA:206,16,0,0
BRDA:206,16,1,0
BRDA:214,17,0,0
BRDA:214,17,1,0
BRDA:228,18,0,0
BRDA:228,18,1,0
BRDA:241,19,0,0
BRDA:241,19,1,0
BRDA:252,20,0,0
BRDA:252,20,1,0
BRDA:254,21,0,0
BRDA:254,21,1,0
BRDA:265,22,0,0
BRDA:265,22,1,0
BRF:46
BRH:0
end_of_record

TN:
SF:src/app/ledger/auth/callback/page.tsx
FN:53,decodeIdToken
FN:69,AuthCallbackContent
FN:78,(anonymous_2)
FN:81,(anonymous_3)
FN:86,(anonymous_4)
FN:117,(anonymous_5)
FN:156,exchangeCode
FN:210,(anonymous_7)
FN:310,AuthCallbackPage
FNF:9
FNH:0
FNDA:0,decodeIdToken
FNDA:0,AuthCallbackContent
FNDA:0,(anonymous_2)
FNDA:0,(anonymous_3)
FNDA:0,(anonymous_4)
FNDA:0,(anonymous_5)
FNDA:0,exchangeCode
FNDA:0,(anonymous_7)
FNDA:0,AuthCallbackPage
DA:33,0
DA:36,0
DA:54,0
DA:55,0
DA:56,0
DA:59,0
DA:60,0
DA:61,0
DA:62,0
DA:70,0
DA:71,0
DA:72,0
DA:74,0
DA:76,0
DA:78,0
DA:80,0
DA:81,0
DA:82,0
DA:86,0
DA:89,0
DA:90,0
DA:92,0
DA:93,0
DA:94,0
DA:97,0
DA:98,0
DA:99,0
DA:100,0
DA:102,0
DA:105,0
DA:106,0
DA:107,0
DA:108,0
DA:110,0
DA:114,0
DA:115,0
DA:117,0
DA:118,0
DA:119,0
DA:120,0
DA:123,0
DA:127,0
DA:128,0
DA:130,0
DA:131,0
DA:132,0
DA:134,0
DA:138,0
DA:139,0
DA:140,0
DA:141,0
DA:143,0
DA:151,0
DA:157,0
DA:158,0
DA:168,0
DA:169,0
DA:170,0
DA:173,0
DA:181,0
DA:183,0
DA:196,0
DA:199,0
DA:200,0
DA:202,0
DA:210,0
DA:211,0
DA:212,0
DA:213,0
DA:214,0
DA:224,0
DA:232,0
DA:235,0
DA:236,0
DA:238,0
DA:239,0
DA:240,0
DA:241,0
DA:242,0
DA:252,0
DA:255,0
DA:257,0
DA:258,0
DA:260,0
DA:261,0
DA:262,0
DA:267,0
DA:272,0
DA:311,0
LF:89
LH:0
BRDA:55,0,0,0
BRDA:55,0,1,0
BRDA:89,1,0,0
BRDA:89,1,1,0
BRDA:97,2,0,0
BRDA:97,2,1,0
BRDA:98,3,0,0
BRDA:98,3,1,0
BRDA:105,4,0,0
BRDA:105,4,1,0
BRDA:105,5,0,0
BRDA:105,5,1,0
BRDA:106,6,0,0
BRDA:106,6,1,0
BRDA:115,7,0,0
BRDA:115,7,1,0
BRDA:118,8,0,0
BRDA:118,8,1,0
BRDA:118,9,0,0
BRDA:118,9,1,0
BRDA:130,10,0,0
BRDA:130,10,1,0
BRDA:138,11,0,0
BRDA:138,11,1,0
BRDA:139,12,0,0
BRDA:139,12,1,0
BRDA:168,13,0,0
BRDA:168,13,1,0
BRDA:186,14,0,0
BRDA:186,14,1,0
BRDA:199,15,0,0
BRDA:199,15,1,0
BRDA:213,16,0,0
BRDA:213,16,1,0
BRDA:239,17,0,0
BRDA:239,17,1,0
BRDA:239,18,0,0
BRDA:239,18,1,0
BRDA:241,19,0,0
BRDA:241,19,1,0
BRDA:257,20,0,0
BRDA:257,20,1,0
BRDA:260,21,0,0
BRDA:260,21,1,0
BRDA:275,22,0,0
BRDA:275,22,1,0
BRDA:288,23,0,0
BRDA:288,23,1,0
BRF:48
BRH:0
end_of_record

TN:
SF:src/app/ledger/cards/[id]/edit/layout.tsx
FN:20,EditCardLayout
FNF:1
FNH:0
FNDA:0,EditCardLayout
DA:16,0
DA:21,0
LF:2
LH:0
BRF:0
BRH:0
end_of_record

TN:
SF:src/app/ledger/cards/[id]/edit/page.tsx
FN:25,EditCardPage
FN:32,(anonymous_1)
FNF:2
FNH:0
FNDA:0,EditCardPage
FNDA:0,(anonymous_1)
DA:26,0
DA:27,0
DA:28,0
DA:29,0
DA:30,0
DA:32,0
DA:33,0
DA:35,0
DA:37,0
DA:38,0
DA:41,0
DA:42,0
DA:44,0
DA:45,0
DA:46,0
DA:47,0
DA:50,0
DA:51,0
DA:54,0
LF:19
LH:0
BRDA:33,0,0,0
BRDA:33,0,1,0
BRDA:35,1,0,0
BRDA:35,1,1,0
BRDA:45,2,0,0
BRDA:45,2,1,0
BRDA:56,3,0,0
BRDA:56,3,1,0
BRDA:61,4,0,0
BRDA:61,4,1,0
BRF:10
BRH:0
end_of_record

TN:
SF:src/app/ledger/cards/new/layout.tsx
FN:18,NewCardLayout
FNF:1
FNH:0
FNDA:0,NewCardLayout
DA:14,0
DA:19,0
LF:2
LH:0
BRF:0
BRH:0
end_of_record

TN:
SF:src/app/ledger/cards/new/page.tsx
FN:18,NewCardPage
FN:21,(anonymous_1)
FNF:2
FNH:0
FNDA:0,NewCardPage
FNDA:0,(anonymous_1)
DA:19,0
DA:21,0
DA:22,0
DA:23,0
DA:24,0
DA:27,0
LF:6
LH:0
BRDA:22,0,0,0
BRDA:22,0,1,0
BRDA:22,1,0,0
BRDA:22,1,1,0
BRDA:40,2,0,0
BRDA:40,2,1,0
BRDA:40,2,2,0
BRF:7
BRH:0
end_of_record

TN:
SF:src/app/ledger/join/page.tsx
FN:54,getValidationMessage
FN:135,JoinHouseholdPage
FN:151,(anonymous_2)
FN:156,(anonymous_3)
FN:158,(anonymous_4)
FN:159,(anonymous_5)
FN:163,(anonymous_6)
FN:168,(anonymous_7)
FN:186,(anonymous_8)
FN:189,(anonymous_9)
FN:197,(anonymous_10)
FN:210,(anonymous_11)
FN:233,(anonymous_12)
FN:250,(anonymous_13)
FN:267,(anonymous_14)
FN:271,(anonymous_15)
FN:277,(anonymous_16)
FN:325,(anonymous_17)
FN:353,(anonymous_18)
FN:387,(anonymous_19)
FN:423,(anonymous_20)
FN:555,(anonymous_21)
FN:590,(anonymous_22)
FN:600,(anonymous_23)
FN:636,(anonymous_24)
FN:660,(anonymous_25)
FN:677,(anonymous_26)
FNF:27
FNH:0
FNDA:0,getValidationMessage
FNDA:0,JoinHouseholdPage
FNDA:0,(anonymous_2)
FNDA:0,(anonymous_3)
FNDA:0,(anonymous_4)
FNDA:0,(anonymous_5)
FNDA:0,(anonymous_6)
FNDA:0,(anonymous_7)
FNDA:0,(anonymous_8)
FNDA:0,(anonymous_9)
FNDA:0,(anonymous_10)
FNDA:0,(anonymous_11)
FNDA:0,(anonymous_12)
FNDA:0,(anonymous_13)
FNDA:0,(anonymous_14)
FNDA:0,(anonymous_15)
FNDA:0,(anonymous_16)
FNDA:0,(anonymous_17)
FNDA:0,(anonymous_18)
FNDA:0,(anonymous_19)
FNDA:0,(anonymous_20)
FNDA:0,(anonymous_21)
FNDA:0,(anonymous_22)
FNDA:0,(anonymous_23)
FNDA:0,(anonymous_24)
FNDA:0,(anonymous_25)
FNDA:0,(anonymous_26)
DA:46,0
DA:47,0
DA:48,0
DA:55,0
DA:57,0
DA:69,0
DA:81,0
DA:93,0
DA:105,0
DA:117,0
DA:127,0
DA:136,0
DA:139,0
DA:140,0
DA:141,0
DA:142,0
DA:145,0
DA:146,0
DA:147,0
DA:148,0
DA:151,0
DA:152,0
DA:156,0
DA:157,0
DA:158,0
DA:159,0
DA:162,0
DA:163,0
DA:168,0
DA:169,0
DA:170,0
DA:171,0
DA:172,0
DA:173,0
DA:174,0
DA:175,0
DA:177,0
DA:180,0
DA:181,0
DA:182,0
DA:183,0
DA:184,0
DA:185,0
DA:186,0
DA:187,0
DA:188,0
DA:189,0
DA:190,0
DA:191,0
DA:192,0
DA:193,0
DA:195,0
DA:197,0
DA:199,0
DA:202,0
DA:209,0
DA:211,0
DA:212,0
DA:213,0
DA:214,0
DA:215,0
DA:217,0
DA:218,0
DA:222,0
DA:223,0
DA:224,0
DA:225,0
DA:232,0
DA:234,0
DA:235,0
DA:236,0
DA:237,0
DA:238,0
DA:239,0
DA:240,0
DA:241,0
DA:243,0
DA:244,0
DA:249,0
DA:251,0
DA:252,0
DA:253,0
DA:254,0
DA:255,0
DA:256,0
DA:257,0
DA:258,0
DA:259,0
DA:260,0
DA:261,0
DA:267,0
DA:268,0
DA:269,0
DA:270,0
DA:271,0
DA:277,0
DA:278,0
DA:279,0
DA:280,0
DA:281,0
DA:282,0
DA:283,0
DA:284,0
DA:285,0
DA:287,0
DA:295,0
DA:296,0
DA:297,0
DA:298,0
DA:299,0
DA:300,0
DA:301,0
DA:303,0
DA:304,0
DA:307,0
DA:308,0
DA:315,0
DA:316,0
DA:317,0
DA:319,0
DA:324,0
DA:325,0
DA:326,0
DA:353,0
DA:369,0
DA:370,0
DA:387,0
DA:400,0
DA:401,0
DA:423,0
DA:436,0
DA:437,0
DA:471,0
DA:472,0
DA:473,0
DA:475,0
DA:555,0
DA:568,0
DA:591,0
DA:600,0
DA:637,0
DA:660,0
DA:677,0
LF:143
LH:0
BRDA:55,0,0,0
BRDA:55,0,1,0
BRDA:55,0,2,0
BRDA:55,0,3,0
BRDA:55,0,4,0
BRDA:55,0,5,0
BRDA:55,0,6,0
BRDA:157,1,0,0
BRDA:157,1,1,0
BRDA:169,2,0,0
BRDA:169,2,1,0
BRDA:173,3,0,0
BRDA:173,3,1,0
BRDA:180,4,0,0
BRDA:180,4,1,0
BRDA:184,5,0,0
BRDA:184,5,1,0
BRDA:187,6,0,0
BRDA:187,6,1,0
BRDA:190,7,0,0
BRDA:190,7,1,0
BRDA:192,8,0,0
BRDA:192,8,1,0
BRDA:217,9,0,0
BRDA:217,9,1,0
BRDA:217,10,0,0
BRDA:217,10,1,0
BRDA:222,11,0,0
BRDA:222,11,1,0
BRDA:222,12,0,0
BRDA:222,12,1,0
BRDA:224,13,0,0
BRDA:224,13,1,0
BRDA:235,14,0,0
BRDA:235,14,1,0
BRDA:238,15,0,0
BRDA:238,15,1,0
BRDA:252,16,0,0
BRDA:252,16,1,0
BRDA:260,17,0,0
BRDA:260,17,1,0
BRDA:278,18,0,0
BRDA:278,18,1,0
BRDA:282,19,0,0
BRDA:282,19,1,0
BRDA:295,20,0,0
BRDA:295,20,1,0
BRDA:300,21,0,0
BRDA:300,21,1,0
BRDA:317,22,0,0
BRDA:317,22,1,0
BRDA:324,23,0,0
BRDA:324,23,1,0
BRDA:325,24,0,0
BRDA:325,24,1,0
BRDA:336,25,0,0
BRDA:336,25,1,0
BRDA:343,26,0,0
BRDA:343,26,1,0
BRDA:369,27,0,0
BRDA:369,27,1,0
BRDA:400,28,0,0
BRDA:400,28,1,0
BRDA:411,29,0,0
BRDA:411,29,1,0
BRDA:436,30,0,0
BRDA:436,30,1,0
BRDA:443,31,0,0
BRDA:443,31,1,0
BRDA:471,32,0,0
BRDA:471,32,1,0
BRDA:471,33,0,0
BRDA:471,33,1,0
BRDA:473,34,0,0
BRDA:473,34,1,0
BRDA:491,35,0,0
BRDA:491,35,1,0
BRDA:493,36,0,0
BRDA:493,36,1,0
BRDA:506,37,0,0
BRDA:506,37,1,0
BRDA:512,38,0,0
BRDA:512,38,1,0
BRDA:515,39,0,0
BRDA:515,39,1,0
BRDA:518,40,0,0
BRDA:518,40,1,0
BRDA:524,41,0,0
BRDA:524,41,1,0
BRDA:531,42,0,0
BRDA:531,42,1,0
BRDA:549,43,0,0
BRDA:549,43,1,0
BRDA:549,44,0,0
BRDA:549,44,1,0
BRDA:551,45,0,0
BRDA:551,45,1,0
BRDA:596,46,0,0
BRDA:596,46,1,0
BRDA:608,47,0,0
BRDA:608,47,1,0
BRDA:614,48,0,0
BRDA:614,48,1,0
BRDA:627,49,0,0
BRDA:627,49,1,0
BRDA:627,49,2,0
BRDA:648,50,0,0
BRDA:648,50,1,0
BRDA:657,51,0,0
BRDA:657,51,1,0
BRDA:666,52,0,0
BRDA:666,52,1,0
BRDA:666,53,0,0
BRDA:666,53,1,0
BRDA:672,54,0,0
BRDA:672,54,1,0
BRDA:674,55,0,0
BRDA:674,55,1,0
BRDA:685,56,0,0
BRDA:685,56,1,0
BRDA:687,57,0,0
BRDA:687,57,1,0
BRDA:690,58,0,0
BRDA:690,58,1,0
BRF:124
BRH:0
end_of_record

TN:
SF:src/app/ledger/settings/layout.tsx
FN:18,SettingsLayout
FNF:1
FNH:0
FNDA:0,SettingsLayout
DA:14,0
DA:19,0
LF:2
LH:0
BRF:0
BRH:0
end_of_record

TN:
SF:src/app/ledger/settings/page.tsx
FN:62,getInitialTab
FN:65,(anonymous_1)
FN:76,(anonymous_2)
FN:85,countDismissedGuides
FN:88,(anonymous_4)
FN:111,RestoreTabGuides
FN:117,(anonymous_6)
FN:122,(anonymous_7)
FN:124,(anonymous_8)
FN:127,(anonymous_9)
FN:130,(anonymous_10)
FN:219,SettingsPage
FN:224,(anonymous_12)
FN:229,(anonymous_13)
FN:237,(anonymous_14)
FN:263,(anonymous_15)
FN:287,(anonymous_16)
FN:292,(anonymous_17)
FN:298,(anonymous_18)
FN:299,(anonymous_19)
FN:321,(anonymous_20)
FN:324,(anonymous_21)
FNF:22
FNH:21
FNDA:28,getInitialTab
FNDA:84,(anonymous_1)
FNDA:10,(anonymous_2)
FNDA:28,countDismissedGuides
FNDA:280,(anonymous_4)
FNDA:70,RestoreTabGuides
FNDA:28,(anonymous_6)
FNDA:32,(anonymous_7)
FNDA:0,(anonymous_8)
FNDA:4,(anonymous_9)
FNDA:4,(anonymous_10)
FNDA:67,SettingsPage
FNDA:28,(anonymous_12)
FNDA:21,(anonymous_13)
FNDA:5,(anonymous_14)
FNDA:127,(anonymous_15)
FNDA:201,(anonymous_16)
FNDA:294,(anonymous_17)
FNDA:15,(anonymous_18)
FNDA:5,(anonymous_19)
FNDA:1,(anonymous_20)
FNDA:201,(anonymous_21)
DA:41,2
DA:60,2
DA:63,28
DA:64,28
DA:65,84
DA:73,2
DA:76,10
DA:86,28
DA:87,28
DA:88,280
DA:91,0
DA:100,2
DA:112,70
DA:113,70
DA:114,70
DA:117,70
DA:118,28
DA:122,70
DA:123,32
DA:124,4
DA:125,0
DA:127,4
DA:130,70
DA:131,4
DA:132,4
DA:133,40
DA:138,4
DA:139,4
DA:141,4
DA:144,70
DA:146,70
DA:220,67
DA:221,67
DA:224,67
DA:225,28
DA:226,28
DA:229,67
DA:230,21
DA:231,21
DA:232,21
DA:236,67
DA:238,5
DA:239,5
DA:241,5
DA:242,2
DA:243,3
DA:244,1
DA:245,2
DA:246,1
DA:247,1
DA:248,1
DA:251,5
DA:252,5
DA:253,5
DA:254,5
DA:255,5
DA:256,5
DA:263,127
DA:265,67
DA:288,201
DA:289,201
DA:292,294
DA:298,15
DA:299,5
DA:321,1
DA:325,201
LF:66
LH:64
BRDA:63,0,0,0
BRDA:63,0,1,28
BRDA:65,1,0,1
BRDA:65,1,1,27
BRDA:123,2,0,28
BRDA:123,2,1,4
BRDA:170,3,0,9
BRDA:170,3,1,61
BRDA:175,4,0,9
BRDA:175,4,1,61
BRDA:186,5,0,70
BRDA:186,5,1,4
BRDA:197,6,0,70
BRDA:197,6,1,61
BRDA:197,6,2,57
BRDA:241,7,0,2
BRDA:241,7,1,3
BRDA:243,8,0,1
BRDA:243,8,1,2
BRDA:245,9,0,1
BRDA:245,9,1,1
BRDA:247,10,0,1
BRDA:247,10,1,0
BRDA:251,11,0,5
BRDA:251,11,1,0
BRDA:254,12,0,5
BRDA:254,12,1,0
BRDA:297,13,0,67
BRDA:297,13,1,134
BRDA:301,14,0,67
BRDA:301,14,1,134
BRF:31
BRH:27
end_of_record

TN:
SF:src/app/ledger/sign-in/layout.tsx
FN:18,SignInLayout
FNF:1
FNH:0
FNDA:0,SignInLayout
DA:14,0
DA:19,0
LF:2
LH:0
BRF:0
BRH:0
end_of_record

TN:
SF:src/app/ledger/sign-in/page.tsx
FN:45,SignInContent
FN:52,(anonymous_1)
FN:68,handleSignIn
FN:236,(anonymous_3)
FN:264,FeatureItem
FN:280,GoogleGlyph
FN:311,SignInPage
FNF:7
FNH:0
FNDA:0,SignInContent
FNDA:0,(anonymous_1)
FNDA:0,handleSignIn
FNDA:0,(anonymous_3)
FNDA:0,FeatureItem
FNDA:0,GoogleGlyph
FNDA:0,SignInPage
DA:41,0
DA:46,0
DA:47,0
DA:48,0
DA:49,0
DA:50,0
DA:52,0
DA:54,0
DA:55,0
DA:56,0
DA:57,0
DA:61,0
DA:62,0
DA:63,0
DA:64,0
DA:69,0
DA:71,0
DA:72,0
DA:73,0
DA:78,0
DA:79,0
DA:84,0
DA:85,0
DA:86,0
DA:87,0
DA:88,0
DA:91,0
DA:93,0
DA:106,0
DA:110,0
DA:111,0
DA:121,0
DA:123,0
DA:236,0
DA:265,0
DA:281,0
DA:312,0
LF:37
LH:0
BRDA:54,0,0,0
BRDA:54,0,1,0
BRDA:62,1,0,0
BRDA:62,1,1,0
BRDA:85,2,0,0
BRDA:85,2,1,0
BRDA:110,3,0,0
BRDA:110,3,1,0
BRDA:146,4,0,0
BRDA:146,4,1,0
BRDA:154,5,0,0
BRDA:154,5,1,0
BRDA:159,6,0,0
BRDA:159,6,1,0
BRDA:160,7,0,0
BRDA:160,7,1,0
BRDA:169,8,0,0
BRDA:169,8,1,0
BRDA:195,9,0,0
BRDA:195,9,1,0
BRDA:202,10,0,0
BRDA:202,10,1,0
BRDA:251,11,0,0
BRDA:251,11,1,0
BRF:24
BRH:0
end_of_record

TN:
SF:src/app/ledger/valhalla/layout.tsx
FN:12,ValhallaLayout
FNF:1
FNH:0
FNDA:0,ValhallaLayout
DA:8,0
DA:13,0
LF:2
LH:0
BRF:0
BRH:0
end_of_record

TN:
SF:src/app/ledger/valhalla/page.tsx
FN:10,ValhallaPage
FNF:1
FNH:0
FNDA:0,ValhallaPage
DA:11,0
LF:1
LH:0
BRF:0
BRH:0
end_of_record

TN:
SF:src/components/admin/PackStatusDashboard.tsx
FN:45,PackStatusDashboard
FN:53,(anonymous_1)
FN:79,(anonymous_2)
FN:84,(anonymous_3)
FN:180,WolvesHunt
FN:207,(anonymous_5)
FN:249,(anonymous_6)
FN:291,NornsSpeak
FN:307,(anonymous_8)
FN:316,(anonymous_9)
FN:317,(anonymous_10)
FN:343,(anonymous_11)
FN:344,(anonymous_12)
FN:364,ChainsYetForged
FN:376,(anonymous_14)
FN:402,ScrollsForOdin
FN:403,(anonymous_16)
FN:416,(anonymous_17)
FN:439,HowlCommands
FN:440,(anonymous_19)
FN:451,(anonymous_20)
FN:453,(anonymous_21)
FN:456,(anonymous_22)
FN:463,(anonymous_23)
FN:468,(anonymous_24)
FN:477,(anonymous_25)
FN:508,Section
FN:530,RuneDivider
FN:540,EmptyState
FN:546,IssueLink
FN:561,PrLink
FN:575,TypeBadge
FN:595,PriorityBadge
FN:614,CIBadge
FN:637,VerdictBadge
FN:663,ChainPipeline
FN:665,(anonymous_36)
FN:668,(anonymous_37)
FN:674,(anonymous_38)
FN:695,CopyButton
FN:698,handleCopy
FN:702,(anonymous_41)
FN:729,Th
FN:740,Td
FNF:44
FNH:0
FNDA:0,PackStatusDashboard
FNDA:0,(anonymous_1)
FNDA:0,(anonymous_2)
FNDA:0,(anonymous_3)
FNDA:0,WolvesHunt
FNDA:0,(anonymous_5)
FNDA:0,(anonymous_6)
FNDA:0,NornsSpeak
FNDA:0,(anonymous_8)
FNDA:0,(anonymous_9)
FNDA:0,(anonymous_10)
FNDA:0,(anonymous_11)
FNDA:0,(anonymous_12)
FNDA:0,ChainsYetForged
FNDA:0,(anonymous_14)
FNDA:0,ScrollsForOdin
FNDA:0,(anonymous_16)
FNDA:0,(anonymous_17)
FNDA:0,HowlCommands
FNDA:0,(anonymous_19)
FNDA:0,(anonymous_20)
FNDA:0,(anonymous_21)
FNDA:0,(anonymous_22)
FNDA:0,(anonymous_23)
FNDA:0,(anonymous_24)
FNDA:0,(anonymous_25)
FNDA:0,Section
FNDA:0,RuneDivider
FNDA:0,EmptyState
FNDA:0,IssueLink
FNDA:0,PrLink
FNDA:0,TypeBadge
FNDA:0,PriorityBadge
FNDA:0,CIBadge
FNDA:0,VerdictBadge
FNDA:0,ChainPipeline
FNDA:0,(anonymous_36)
FNDA:0,(anonymous_37)
FNDA:0,(anonymous_38)
FNDA:0,CopyButton
FNDA:0,handleCopy
FNDA:0,(anonymous_41)
FNDA:0,Th
FNDA:0,Td
DA:29,0
DA:30,0
DA:31,0
DA:35,0
DA:36,0
DA:37,0
DA:38,0
DA:39,0
DA:40,0
DA:41,0
DA:46,0
DA:47,0
DA:48,0
DA:49,0
DA:50,0
DA:51,0
DA:53,0
DA:54,0
DA:56,0
DA:57,0
DA:58,0
DA:62,0
DA:63,0
DA:64,0
DA:67,0
DA:68,0
DA:69,0
DA:70,0
DA:72,0
DA:74,0
DA:79,0
DA:80,0
DA:82,0
DA:84,0
DA:85,0
DA:89,0
DA:90,0
DA:108,0
DA:109,0
DA:118,0
DA:181,0
DA:182,0
DA:189,0
DA:208,0
DA:250,0
DA:298,0
DA:307,0
DA:309,0
DA:316,0
DA:318,0
DA:344,0
DA:345,0
DA:365,0
DA:366,0
DA:373,0
DA:377,0
DA:403,0
DA:405,0
DA:406,0
DA:413,0
DA:417,0
DA:440,0
DA:442,0
DA:443,0
DA:451,0
DA:452,0
DA:453,0
DA:455,0
DA:456,0
DA:459,0
DA:463,0
DA:465,0
DA:469,0
DA:478,0
DA:517,0
DA:531,0
DA:541,0
DA:547,0
DA:562,0
DA:576,0
DA:585,0
DA:596,0
DA:602,0
DA:604,0
DA:615,0
DA:617,0
DA:624,0
DA:626,0
DA:638,0
DA:639,0
DA:649,0
DA:650,0
DA:652,0
DA:665,0
DA:668,0
DA:669,0
DA:672,0
DA:675,0
DA:696,0
DA:699,0
DA:700,0
DA:701,0
DA:702,0
DA:708,0
DA:730,0
DA:741,0
LF:106
LH:0
BRDA:54,0,0,0
BRDA:54,0,1,0
BRDA:62,1,0,0
BRDA:62,1,1,0
BRDA:64,2,0,0
BRDA:64,2,1,0
BRDA:72,3,0,0
BRDA:72,3,1,0
BRDA:85,4,0,0
BRDA:85,4,1,0
BRDA:89,5,0,0
BRDA:89,5,1,0
BRDA:89,6,0,0
BRDA:89,6,1,0
BRDA:108,7,0,0
BRDA:108,7,1,0
BRDA:126,8,0,0
BRDA:126,8,1,0
BRDA:129,9,0,0
BRDA:129,9,1,0
BRDA:145,10,0,0
BRDA:145,10,1,0
BRDA:181,11,0,0
BRDA:181,11,1,0
BRDA:213,12,0,0
BRDA:213,12,1,0
BRDA:215,13,0,0
BRDA:215,13,1,0
BRDA:230,14,0,0
BRDA:230,14,1,0
BRDA:235,15,0,0
BRDA:235,15,1,0
BRDA:257,16,0,0
BRDA:257,16,1,0
BRDA:259,17,0,0
BRDA:259,17,1,0
BRDA:276,18,0,0
BRDA:276,18,1,0
BRDA:279,19,0,0
BRDA:279,19,1,0
BRDA:311,20,0,0
BRDA:311,20,1,0
BRDA:365,21,0,0
BRDA:365,21,1,0
BRDA:405,22,0,0
BRDA:405,22,1,0
BRDA:442,23,0,0
BRDA:442,23,1,0
BRDA:453,24,0,0
BRDA:453,24,1,0
BRDA:453,24,2,0
BRDA:456,25,0,0
BRDA:456,25,1,0
BRDA:456,25,2,0
BRDA:554,26,0,0
BRDA:554,26,1,0
BRDA:590,27,0,0
BRDA:590,27,1,0
BRDA:602,28,0,0
BRDA:602,28,1,0
BRDA:615,29,0,0
BRDA:615,29,1,0
BRDA:624,30,0,0
BRDA:624,30,1,0
BRDA:638,31,0,0
BRDA:638,31,1,0
BRDA:650,32,0,0
BRDA:650,32,1,0
BRDA:658,33,0,0
BRDA:658,33,1,0
BRDA:679,34,0,0
BRDA:679,34,1,0
BRDA:680,35,0,0
BRDA:680,35,1,0
BRDA:681,36,0,0
BRDA:681,36,1,0
BRDA:686,37,0,0
BRDA:686,37,1,0
BRDA:714,38,0,0
BRDA:714,38,1,0
BRDA:715,39,0,0
BRDA:715,39,1,0
BRDA:722,40,0,0
BRDA:722,40,1,0
BRF:84
BRH:0
end_of_record

TN:
SF:src/components/analytics/UmamiScript.tsx
FN:16,UmamiScript
FNF:1
FNH:1
FNDA:9,UmamiScript
DA:17,9
DA:19,7
LF:2
LH:2
BRDA:17,0,0,2
BRDA:17,0,1,7
BRF:2
BRH:2
end_of_record

TN:
SF:src/components/cards/CardForm.tsx
FN:80,(anonymous_0)
FN:82,(anonymous_1)
FN:88,(anonymous_2)
FN:90,(anonymous_3)
FN:118,CardForm
FN:136,(anonymous_5)
FN:144,(anonymous_6)
FN:157,(anonymous_7)
FN:164,(anonymous_8)
FN:169,(anonymous_9)
FN:229,(anonymous_10)
FN:246,(anonymous_11)
FN:247,(anonymous_12)
FN:252,(anonymous_13)
FN:259,(anonymous_14)
FN:360,(anonymous_15)
FN:395,(anonymous_16)
FN:409,(anonymous_17)
FN:418,(anonymous_18)
FN:420,(anonymous_19)
FN:421,(anonymous_20)
FN:422,(anonymous_21)
FN:441,(anonymous_22)
FN:451,(anonymous_23)
FN:458,(anonymous_24)
FN:522,(anonymous_25)
FN:528,(anonymous_26)
FN:598,(anonymous_27)
FN:629,(anonymous_28)
FN:673,(anonymous_29)
FN:680,(anonymous_30)
FN:680,(anonymous_31)
FN:683,(anonymous_32)
FN:683,(anonymous_33)
FN:721,(anonymous_34)
FN:760,(anonymous_35)
FN:766,(anonymous_36)
FN:837,(anonymous_37)
FN:868,(anonymous_38)
FN:903,(anonymous_39)
FN:921,(anonymous_40)
FN:997,(anonymous_41)
FN:1003,(anonymous_42)
FN:1009,(anonymous_43)
FN:1027,(anonymous_44)
FN:1031,(anonymous_45)
FN:1059,(anonymous_46)
FN:1092,(anonymous_47)
FN:1112,(anonymous_48)
FN:1147,(anonymous_49)
FNF:50
FNH:0
FNDA:0,(anonymous_0)
FNDA:0,(anonymous_1)
FNDA:0,(anonymous_2)
FNDA:0,(anonymous_3)
FNDA:0,CardForm
FNDA:0,(anonymous_5)
FNDA:0,(anonymous_6)
FNDA:0,(anonymous_7)
FNDA:0,(anonymous_8)
FNDA:0,(anonymous_9)
FNDA:0,(anonymous_10)
FNDA:0,(anonymous_11)
FNDA:0,(anonymous_12)
FNDA:0,(anonymous_13)
FNDA:0,(anonymous_14)
FNDA:0,(anonymous_15)
FNDA:0,(anonymous_16)
FNDA:0,(anonymous_17)
FNDA:0,(anonymous_18)
FNDA:0,(anonymous_19)
FNDA:0,(anonymous_20)
FNDA:0,(anonymous_21)
FNDA:0,(anonymous_22)
FNDA:0,(anonymous_23)
FNDA:0,(anonymous_24)
FNDA:0,(anonymous_25)
FNDA:0,(anonymous_26)
FNDA:0,(anonymous_27)
FNDA:0,(anonymous_28)
FNDA:0,(anonymous_29)
FNDA:0,(anonymous_30)
FNDA:0,(anonymous_31)
FNDA:0,(anonymous_32)
FNDA:0,(anonymous_33)
FNDA:0,(anonymous_34)
FNDA:0,(anonymous_35)
FNDA:0,(anonymous_36)
FNDA:0,(anonymous_37)
FNDA:0,(anonymous_38)
FNDA:0,(anonymous_39)
FNDA:0,(anonymous_40)
FNDA:0,(anonymous_41)
FNDA:0,(anonymous_42)
FNDA:0,(anonymous_43)
FNDA:0,(anonymous_44)
FNDA:0,(anonymous_45)
FNDA:0,(anonymous_46)
FNDA:0,(anonymous_47)
FNDA:0,(anonymous_48)
FNDA:0,(anonymous_49)
DA:72,0
DA:80,0
DA:82,0
DA:88,0
DA:90,0
DA:119,0
DA:120,0
DA:121,0
DA:122,0
DA:123,0
DA:124,0
DA:126,0
DA:127,0
DA:128,0
DA:129,0
DA:130,0
DA:131,0
DA:134,0
DA:135,0
DA:136,0
DA:144,0
DA:149,0
DA:157,0
DA:158,0
DA:159,0
DA:163,0
DA:164,0
DA:165,0
DA:166,0
DA:167,0
DA:169,0
DA:170,0
DA:171,0
DA:172,0
DA:178,0
DA:214,0
DA:220,0
DA:221,0
DA:222,0
DA:223,0
DA:224,0
DA:228,0
DA:229,0
DA:230,0
DA:231,0
DA:233,0
DA:234,0
DA:236,0
DA:237,0
DA:238,0
DA:240,0
DA:241,0
DA:242,0
DA:246,0
DA:247,0
DA:248,0
DA:252,0
DA:253,0
DA:255,0
DA:257,0
DA:258,0
DA:259,0
DA:260,0
DA:262,0
DA:263,0
DA:264,0
DA:265,0
DA:269,0
DA:272,0
DA:274,0
DA:275,0
DA:276,0
DA:277,0
DA:278,0
DA:282,0
DA:283,0
DA:284,0
DA:285,0
DA:286,0
DA:295,0
DA:296,0
DA:297,0
DA:301,0
DA:329,0
DA:331,0
DA:332,0
DA:335,0
DA:336,0
DA:337,0
DA:338,0
DA:339,0
DA:340,0
DA:344,0
DA:345,0
DA:346,0
DA:347,0
DA:348,0
DA:355,0
DA:356,0
DA:357,0
DA:360,0
DA:361,0
DA:362,0
DA:363,0
DA:364,0
DA:365,0
DA:374,0
DA:381,0
DA:388,0
DA:390,0
DA:391,0
DA:395,0
DA:396,0
DA:398,0
DA:399,0
DA:409,0
DA:410,0
DA:411,0
DA:412,0
DA:418,0
DA:419,0
DA:420,0
DA:421,0
DA:423,0
DA:425,0
DA:426,0
DA:427,0
DA:431,0
DA:442,0
DA:443,0
DA:452,0
DA:453,0
DA:454,0
DA:455,0
DA:459,0
DA:460,0
DA:461,0
DA:462,0
DA:463,0
DA:464,0
DA:522,0
DA:529,0
DA:530,0
DA:599,0
DA:629,0
DA:673,0
DA:680,0
DA:681,0
DA:683,0
DA:684,0
DA:722,0
DA:760,0
DA:767,0
DA:768,0
DA:838,0
DA:868,0
DA:904,0
DA:922,0
DA:997,0
DA:1003,0
DA:1009,0
DA:1027,0
DA:1031,0
DA:1059,0
DA:1092,0
DA:1112,0
DA:1147,0
LF:167
LH:0
BRDA:80,0,0,0
BRDA:80,0,1,0
BRDA:82,1,0,0
BRDA:82,1,1,0
BRDA:82,1,2,0
BRDA:88,2,0,0
BRDA:88,2,1,0
BRDA:90,3,0,0
BRDA:90,3,1,0
BRDA:90,3,2,0
BRDA:137,4,0,0
BRDA:137,4,1,0
BRDA:145,5,0,0
BRDA:145,5,1,0
BRDA:149,6,0,0
BRDA:149,6,1,0
BRDA:158,7,0,0
BRDA:158,7,1,0
BRDA:163,8,0,0
BRDA:163,8,1,0
BRDA:167,9,0,0
BRDA:167,9,1,0
BRDA:172,10,0,0
BRDA:172,10,1,0
BRDA:178,11,0,0
BRDA:178,11,1,0
BRDA:182,12,0,0
BRDA:182,12,1,0
BRDA:182,12,2,0
BRDA:185,13,0,0
BRDA:185,13,1,0
BRDA:185,13,2,0
BRDA:186,14,0,0
BRDA:186,14,1,0
BRDA:187,15,0,0
BRDA:187,15,1,0
BRDA:190,16,0,0
BRDA:190,16,1,0
BRDA:193,17,0,0
BRDA:193,17,1,0
BRDA:193,18,0,0
BRDA:193,18,1,0
BRDA:196,19,0,0
BRDA:196,19,1,0
BRDA:198,20,0,0
BRDA:198,20,1,0
BRDA:228,21,0,0
BRDA:228,21,1,0
BRDA:230,22,0,0
BRDA:230,22,1,0
BRDA:230,23,0,0
BRDA:230,23,1,0
BRDA:234,24,0,0
BRDA:234,24,1,0
BRDA:238,25,0,0
BRDA:238,25,1,0
BRDA:242,26,0,0
BRDA:242,26,1,0
BRDA:257,27,0,0
BRDA:257,27,1,0
BRDA:259,28,0,0
BRDA:259,28,1,0
BRDA:262,29,0,0
BRDA:262,29,1,0
BRDA:263,30,0,0
BRDA:263,30,1,0
BRDA:272,31,0,0
BRDA:272,31,1,0
BRDA:272,32,0,0
BRDA:272,32,1,0
BRDA:274,33,0,0
BRDA:274,33,1,0
BRDA:274,34,0,0
BRDA:274,34,1,0
BRDA:278,35,0,0
BRDA:278,35,1,0
BRDA:282,36,0,0
BRDA:282,36,1,0
BRDA:282,37,0,0
BRDA:282,37,1,0
BRDA:286,38,0,0
BRDA:286,38,1,0
BRDA:295,39,0,0
BRDA:295,39,1,0
BRDA:296,40,0,0
BRDA:296,40,1,0
BRDA:296,40,2,0
BRDA:297,41,0,0
BRDA:297,41,1,0
BRDA:297,41,2,0
BRDA:302,42,0,0
BRDA:302,42,1,0
BRDA:303,43,0,0
BRDA:303,43,1,0
BRDA:307,44,0,0
BRDA:307,44,1,0
BRDA:308,45,0,0
BRDA:308,45,1,0
BRDA:311,46,0,0
BRDA:311,46,1,0
BRDA:314,47,0,0
BRDA:314,47,1,0
BRDA:315,48,0,0
BRDA:315,48,1,0
BRDA:317,49,0,0
BRDA:317,49,1,0
BRDA:322,50,0,0
BRDA:322,50,1,0
BRDA:323,51,0,0
BRDA:323,51,1,0
BRDA:324,52,0,0
BRDA:324,52,1,0
BRDA:336,53,0,0
BRDA:336,53,1,0
BRDA:339,54,0,0
BRDA:339,54,1,0
BRDA:344,55,0,0
BRDA:344,55,1,0
BRDA:347,56,0,0
BRDA:347,56,1,0
BRDA:356,57,0,0
BRDA:356,57,1,0
BRDA:364,58,0,0
BRDA:364,58,1,0
BRDA:364,59,0,0
BRDA:364,59,1,0
BRDA:396,60,0,0
BRDA:396,60,1,0
BRDA:410,61,0,0
BRDA:410,61,1,0
BRDA:411,62,0,0
BRDA:411,62,1,0
BRDA:423,63,0,0
BRDA:423,63,1,0
BRDA:425,64,0,0
BRDA:425,64,1,0
BRDA:435,65,0,0
BRDA:435,65,1,0
BRDA:450,66,0,0
BRDA:450,66,1,0
BRDA:452,67,0,0
BRDA:452,67,1,0
BRDA:452,68,0,0
BRDA:452,68,1,0
BRDA:454,69,0,0
BRDA:454,69,1,0
BRDA:454,70,0,0
BRDA:454,70,1,0
BRDA:459,71,0,0
BRDA:459,71,1,0
BRDA:459,72,0,0
BRDA:459,72,1,0
BRDA:462,73,0,0
BRDA:462,73,1,0
BRDA:462,74,0,0
BRDA:462,74,1,0
BRDA:471,75,0,0
BRDA:471,75,1,0
BRDA:476,76,0,0
BRDA:476,76,1,0
BRDA:479,77,0,0
BRDA:479,77,1,0
BRDA:499,78,0,0
BRDA:499,78,1,0
BRDA:502,79,0,0
BRDA:502,79,1,0
BRDA:521,80,0,0
BRDA:521,80,1,0
BRDA:532,81,0,0
BRDA:532,81,1,0
BRDA:538,82,0,0
BRDA:538,82,1,0
BRDA:553,83,0,0
BRDA:553,83,1,0
BRDA:562,84,0,0
BRDA:562,84,1,0
BRDA:583,85,0,0
BRDA:583,85,1,0
BRDA:597,86,0,0
BRDA:597,86,1,0
BRDA:628,87,0,0
BRDA:628,87,1,0
BRDA:655,88,0,0
BRDA:655,88,1,0
BRDA:672,89,0,0
BRDA:672,89,1,0
BRDA:688,90,0,0
BRDA:688,90,1,0
BRDA:750,91,0,0
BRDA:750,91,1,0
BRDA:759,92,0,0
BRDA:759,92,1,0
BRDA:770,93,0,0
BRDA:770,93,1,0
BRDA:776,94,0,0
BRDA:776,94,1,0
BRDA:790,95,0,0
BRDA:790,95,1,0
BRDA:799,96,0,0
BRDA:799,96,1,0
BRDA:819,97,0,0
BRDA:819,97,1,0
BRDA:836,98,0,0
BRDA:836,98,1,0
BRDA:867,99,0,0
BRDA:867,99,1,0
BRDA:920,100,0,0
BRDA:920,100,1,0
BRDA:973,101,0,0
BRDA:973,101,1,0
BRDA:973,101,2,0
BRDA:984,102,0,0
BRDA:984,102,1,0
BRDA:984,103,0,0
BRDA:984,103,1,0
BRDA:1073,104,0,0
BRDA:1073,104,1,0
BRDA:1073,104,2,0
BRDA:1118,105,0,0
BRDA:1118,105,1,0
BRDA:1118,105,2,0
BRDA:1141,106,0,0
BRDA:1141,106,1,0
BRDA:1141,106,2,0
BRDA:1164,107,0,0
BRDA:1164,107,1,0
BRF:226
BRH:0
end_of_record

TN:
SF:src/components/cards/GleipnirBearSinews.tsx
FN:27,GleipnirBearSinews
FN:30,(anonymous_1)
FN:33,(anonymous_2)
FN:96,useGleipnirFragment4
FN:99,trigger
FN:107,dismiss
FNF:6
FNH:0
FNDA:0,GleipnirBearSinews
FNDA:0,(anonymous_1)
FNDA:0,(anonymous_2)
FNDA:0,useGleipnirFragment4
FNDA:0,trigger
FNDA:0,dismiss
DA:18,0
DA:19,0
DA:28,0
DA:30,0
DA:31,0
DA:33,0
DA:34,0
DA:36,0
DA:40,0
DA:97,0
DA:100,0
DA:101,0
DA:102,0
DA:103,0
DA:108,0
DA:111,0
LF:16
LH:0
BRDA:31,0,0,0
BRDA:31,0,1,0
BRDA:73,1,0,0
BRDA:73,1,1,0
BRDA:100,2,0,0
BRDA:100,2,1,0
BRF:6
BRH:0
end_of_record

TN:
SF:src/components/cards/GleipnirBirdSpittle.tsx
FN:27,GleipnirBirdSpittle
FN:30,(anonymous_1)
FN:33,(anonymous_2)
FN:96,useGleipnirFragment6
FN:99,trigger
FN:107,dismiss
FNF:6
FNH:0
FNDA:0,GleipnirBirdSpittle
FNDA:0,(anonymous_1)
FNDA:0,(anonymous_2)
FNDA:0,useGleipnirFragment6
FNDA:0,trigger
FNDA:0,dismiss
DA:18,0
DA:19,0
DA:28,0
DA:30,0
DA:31,0
DA:33,0
DA:34,0
DA:36,0
DA:40,0
DA:97,0
DA:100,0
DA:101,0
DA:102,0
DA:103,0
DA:108,0
DA:111,0
LF:16
LH:0
BRDA:31,0,0,0
BRDA:31,0,1,0
BRDA:73,1,0,0
BRDA:73,1,1,0
BRDA:100,2,0,0
BRDA:100,2,1,0
BRF:6
BRH:0
end_of_record

TN:
SF:src/components/cards/GleipnirCatFootfall.tsx
FN:35,GleipnirCatFootfall
FN:38,(anonymous_1)
FN:44,(anonymous_2)
FN:52,(anonymous_3)
FN:175,fadeIn
FN:178,(anonymous_5)
FN:185,fadeOut
FN:187,(anonymous_7)
FN:199,useGleipnirFragment1
FN:203,trigger
FN:213,(anonymous_10)
FN:222,dismiss
FN:226,(anonymous_12)
FNF:13
FNH:3
FNDA:5,GleipnirCatFootfall
FNDA:5,(anonymous_1)
FNDA:0,(anonymous_2)
FNDA:0,(anonymous_3)
FNDA:0,fadeIn
FNDA:0,(anonymous_5)
FNDA:0,fadeOut
FNDA:0,(anonymous_7)
FNDA:5,useGleipnirFragment1
FNDA:0,trigger
FNDA:0,(anonymous_10)
FNDA:0,dismiss
FNDA:0,(anonymous_12)
DA:26,2
DA:27,2
DA:36,5
DA:38,5
DA:39,5
DA:41,0
DA:44,0
DA:45,0
DA:47,0
DA:51,5
DA:52,0
DA:172,2
DA:173,2
DA:176,0
DA:177,0
DA:178,0
DA:179,0
DA:180,0
DA:181,0
DA:186,0
DA:187,0
DA:188,0
DA:189,0
DA:190,0
DA:191,0
DA:192,0
DA:193,0
DA:194,0
DA:200,5
DA:201,5
DA:204,0
DA:205,0
DA:206,0
DA:207,0
DA:210,0
DA:211,0
DA:212,0
DA:213,0
DA:214,0
DA:215,0
DA:223,0
DA:224,0
DA:225,0
DA:226,0
DA:228,0
DA:231,5
LF:46
LH:11
BRDA:39,0,0,0
BRDA:39,0,1,5
BRDA:52,1,0,0
BRDA:52,1,1,0
BRDA:130,2,0,5
BRDA:130,2,1,0
BRDA:181,3,0,0
BRDA:181,3,1,0
BRDA:190,4,0,0
BRDA:190,4,1,0
BRDA:204,5,0,0
BRDA:204,5,1,0
BRDA:224,6,0,0
BRDA:224,6,1,0
BRF:14
BRH:2
end_of_record

TN:
SF:src/components/cards/GleipnirFishBreath.tsx
FN:29,GleipnirFishBreath
FN:32,(anonymous_1)
FN:34,(anonymous_2)
FN:124,useGleipnirFragment5
FN:127,trigger
FN:135,dismiss
FNF:6
FNH:3
FNDA:12,GleipnirFishBreath
FNDA:12,(anonymous_1)
FNDA:0,(anonymous_2)
FNDA:12,useGleipnirFragment5
FNDA:0,trigger
FNDA:0,dismiss
DA:20,3
DA:21,3
DA:30,12
DA:32,12
DA:33,12
DA:34,0
DA:35,0
DA:37,0
DA:41,12
DA:125,12
DA:128,0
DA:129,0
DA:130,0
DA:131,0
DA:136,0
DA:139,12
LF:16
LH:8
BRDA:33,0,0,0
BRDA:33,0,1,12
BRDA:111,1,0,12
BRDA:111,1,1,0
BRDA:128,2,0,0
BRDA:128,2,1,0
BRF:6
BRH:2
end_of_record

TN:
SF:src/components/cards/GleipnirMountainRoots.tsx
FN:27,GleipnirMountainRoots
FN:30,(anonymous_1)
FN:33,(anonymous_2)
FN:97,useGleipnirFragment3
FN:100,trigger
FN:108,dismiss
FNF:6
FNH:6
FNDA:60,GleipnirMountainRoots
FNDA:31,(anonymous_1)
FNDA:18,(anonymous_2)
FNDA:87,useGleipnirFragment3
FNDA:13,trigger
FNDA:2,dismiss
DA:18,3
DA:19,3
DA:28,60
DA:30,60
DA:31,31
DA:33,3
DA:34,18
DA:36,3
DA:40,60
DA:98,87
DA:101,13
DA:102,9
DA:103,9
DA:104,9
DA:109,2
DA:112,87
LF:16
LH:16
BRDA:31,0,0,3
BRDA:31,0,1,28
BRDA:73,1,0,60
BRDA:73,1,1,0
BRDA:101,2,0,9
BRDA:101,2,1,4
BRF:6
BRH:5
end_of_record

TN:
SF:src/components/cards/GleipnirWomansBeard.tsx
FN:35,GleipnirWomansBeard
FN:38,(anonymous_1)
FN:44,(anonymous_2)
FN:52,(anonymous_3)
FN:169,fadeIn
FN:172,(anonymous_5)
FN:179,fadeOut
FN:181,(anonymous_7)
FN:193,useGleipnirFragment2
FN:197,trigger
FN:207,(anonymous_10)
FN:216,dismiss
FN:220,(anonymous_12)
FNF:13
FNH:3
FNDA:12,GleipnirWomansBeard
FNDA:12,(anonymous_1)
FNDA:0,(anonymous_2)
FNDA:0,(anonymous_3)
FNDA:0,fadeIn
FNDA:0,(anonymous_5)
FNDA:0,fadeOut
FNDA:0,(anonymous_7)
FNDA:12,useGleipnirFragment2
FNDA:0,trigger
FNDA:0,(anonymous_10)
FNDA:0,dismiss
FNDA:0,(anonymous_12)
DA:26,3
DA:27,3
DA:36,12
DA:38,12
DA:39,12
DA:41,0
DA:44,0
DA:45,0
DA:47,0
DA:51,12
DA:52,0
DA:166,3
DA:167,3
DA:170,0
DA:171,0
DA:172,0
DA:173,0
DA:174,0
DA:175,0
DA:180,0
DA:181,0
DA:182,0
DA:183,0
DA:184,0
DA:185,0
DA:186,0
DA:187,0
DA:188,0
DA:194,12
DA:195,12
DA:198,0
DA:199,0
DA:200,0
DA:201,0
DA:204,0
DA:205,0
DA:206,0
DA:207,0
DA:208,0
DA:209,0
DA:217,0
DA:218,0
DA:219,0
DA:220,0
DA:222,0
DA:225,12
LF:46
LH:11
BRDA:39,0,0,0
BRDA:39,0,1,12
BRDA:52,1,0,0
BRDA:52,1,1,0
BRDA:130,2,0,12
BRDA:130,2,1,0
BRDA:175,3,0,0
BRDA:175,3,1,0
BRDA:184,4,0,0
BRDA:184,4,1,0
BRDA:198,5,0,0
BRDA:198,5,1,0
BRDA:218,6,0,0
BRDA:218,6,1,0
BRF:14
BRH:2
end_of_record

TN:
SF:src/components/dashboard/AnimatedCardGrid.tsx
FN:75,makeCardVariants
FN:124,AnimatedCardGrid
FN:130,(anonymous_2)
FNF:3
FNH:0
FNDA:0,makeCardVariants
FNDA:0,AnimatedCardGrid
FNDA:0,(anonymous_2)
DA:55,0
DA:61,0
DA:79,0
DA:80,0
DA:87,0
DA:125,0
DA:127,0
DA:131,0
DA:134,0
DA:136,0
LF:10
LH:0
BRDA:79,0,0,0
BRDA:79,0,1,0
BRDA:125,1,0,0
BRDA:125,1,1,0
BRDA:131,2,0,0
BRDA:131,2,1,0
BRF:6
BRH:0
end_of_record

TN:
SF:src/components/dashboard/CardSkeletonGrid.tsx
FN:24,SkeletonTile
FN:66,CardSkeletonGrid
FN:77,(anonymous_2)
FNF:3
FNH:0
FNDA:0,SkeletonTile
FNDA:0,CardSkeletonGrid
FNDA:0,(anonymous_2)
DA:25,0
DA:67,0
DA:78,0
LF:3
LH:0
BRDA:66,0,0,0
BRF:1
BRH:0
end_of_record

TN:
SF:src/components/dashboard/CardTile.tsx
FN:48,getTotalDays
FN:58,CardTile
FN:72,(anonymous_2)
FN:82,(anonymous_3)
FNF:4
FNH:4
FNDA:12,getTotalDays
FNDA:12,CardTile
FNDA:12,(anonymous_2)
FNDA:12,(anonymous_3)
DA:49,12
DA:50,9
DA:51,9
DA:52,9
DA:53,9
DA:54,9
DA:55,9
DA:59,12
DA:61,12
DA:62,12
DA:63,12
DA:65,12
DA:72,12
DA:73,12
DA:74,12
DA:75,12
DA:77,12
DA:78,3
DA:79,3
DA:82,12
DA:83,12
DA:84,0
DA:85,12
DA:86,0
DA:87,12
DA:88,3
DA:89,3
DA:92,12
DA:93,12
DA:94,12
DA:96,12
LF:31
LH:29
BRDA:49,0,0,3
BRDA:49,0,1,9
BRDA:49,1,0,12
BRDA:49,1,1,12
BRDA:52,2,0,0
BRDA:52,2,1,9
BRDA:52,3,0,9
BRDA:52,3,1,9
BRDA:55,4,0,9
BRDA:55,4,1,0
BRDA:59,5,0,12
BRDA:59,5,1,0
BRDA:61,6,0,12
BRDA:61,6,1,9
BRDA:62,7,0,12
BRDA:62,7,1,0
BRDA:63,8,0,9
BRDA:63,8,1,3
BRDA:65,9,0,0
BRDA:65,9,1,12
BRDA:65,10,0,12
BRDA:65,10,1,0
BRDA:73,11,0,0
BRDA:73,11,1,12
BRDA:74,12,0,0
BRDA:74,12,1,12
BRDA:74,13,0,12
BRDA:74,13,1,0
BRDA:75,14,0,0
BRDA:75,14,1,12
BRDA:75,15,0,12
BRDA:75,15,1,0
BRDA:77,16,0,9
BRDA:77,16,1,3
BRDA:78,17,0,0
BRDA:78,17,1,3
BRDA:83,18,0,0
BRDA:83,18,1,12
BRDA:83,19,0,12
BRDA:83,19,1,0
BRDA:85,20,0,0
BRDA:85,20,1,12
BRDA:85,21,0,12
BRDA:85,21,1,0
BRDA:87,22,0,9
BRDA:87,22,1,3
BRDA:88,23,0,0
BRDA:88,23,1,3
BRDA:108,24,0,12
BRDA:108,24,1,10
BRDA:134,25,0,12
BRDA:134,25,1,0
BRDA:156,26,0,12
BRDA:156,26,1,0
BRDA:164,27,0,9
BRDA:164,27,1,3
BRDA:169,28,0,12
BRDA:169,28,1,9
BRDA:174,29,0,9
BRDA:174,29,1,0
BRDA:174,30,0,9
BRDA:174,30,1,9
BRDA:180,31,0,9
BRDA:180,31,1,9
BRDA:180,31,2,0
BRDA:180,31,3,0
BRDA:188,32,0,12
BRDA:188,32,1,0
BRDA:188,32,2,0
BRDA:193,33,0,0
BRDA:193,33,1,0
BRDA:193,34,0,0
BRDA:193,34,1,0
BRDA:199,35,0,0
BRDA:199,35,1,0
BRDA:199,35,2,0
BRDA:199,35,3,0
BRF:77
BRH:45
end_of_record

TN:
SF:src/components/dashboard/CardUrgencyBar.tsx
FN:20,CardUrgencyBar
FNF:1
FNH:0
FNDA:0,CardUrgencyBar
DA:21,0
DA:22,0
DA:25,0
DA:29,0
DA:37,0
DA:38,0
DA:39,0
DA:40,0
DA:42,0
DA:45,0
LF:10
LH:0
BRDA:21,0,0,0
BRDA:21,0,1,0
BRDA:22,1,0,0
BRDA:22,1,1,0
BRDA:24,2,0,0
BRDA:24,2,1,0
BRDA:29,3,0,0
BRDA:29,3,1,0
BRDA:31,4,0,0
BRDA:31,4,1,0
BRDA:37,5,0,0
BRDA:37,5,1,0
BRDA:38,6,0,0
BRDA:38,6,1,0
BRDA:39,7,0,0
BRDA:39,7,1,0
BRDA:40,8,0,0
BRDA:40,8,1,0
BRDA:42,9,0,0
BRDA:42,9,1,0
BRDA:51,10,0,0
BRDA:51,10,1,0
BRDA:53,11,0,0
BRDA:53,11,1,0
BRDA:63,12,0,0
BRDA:63,12,1,0
BRF:26
BRH:0
end_of_record

TN:
SF:src/components/dashboard/Dashboard.tsx
FN:72,isHowlCard
FN:77,isHuntCard
FN:82,isActiveCard
FN:87,isValhallaCard
FN:94,shuffleArray
FN:106,randomRealm
FN:123,UrgencyBar
FN:197,HowlCard
FN:216,TabBadge
FN:257,TabEmptyState
FN:347,Dashboard
FN:369,getInitialTab
FN:405,(anonymous_12)
FN:423,(anonymous_13)
FN:424,handleActivateTab
FN:452,(anonymous_15)
FN:456,(anonymous_16)
FN:465,(anonymous_17)
FN:474,(anonymous_18)
FN:487,(anonymous_19)
FN:488,handleLokiMode
FN:509,(anonymous_21)
FN:514,handleTabKeyDown
FN:544,(anonymous_23)
FN:582,(anonymous_24)
FN:611,(anonymous_25)
FN:634,(anonymous_26)
FN:664,(anonymous_27)
FN:726,(anonymous_28)
FN:753,(anonymous_29)
FN:781,(anonymous_30)
FN:792,(anonymous_31)
FN:821,(anonymous_32)
FN:848,(anonymous_33)
FN:880,(anonymous_34)
FN:884,(anonymous_35)
FN:888,(anonymous_36)
FN:900,(anonymous_37)
FN:907,(anonymous_38)
FN:914,(anonymous_39)
FN:921,(anonymous_40)
FNF:41
FNH:0
FNDA:0,isHowlCard
FNDA:0,isHuntCard
FNDA:0,isActiveCard
FNDA:0,isValhallaCard
FNDA:0,shuffleArray
FNDA:0,randomRealm
FNDA:0,UrgencyBar
FNDA:0,HowlCard
FNDA:0,TabBadge
FNDA:0,TabEmptyState
FNDA:0,Dashboard
FNDA:0,getInitialTab
FNDA:0,(anonymous_12)
FNDA:0,(anonymous_13)
FNDA:0,handleActivateTab
FNDA:0,(anonymous_15)
FNDA:0,(anonymous_16)
FNDA:0,(anonymous_17)
FNDA:0,(anonymous_18)
FNDA:0,(anonymous_19)
FNDA:0,handleLokiMode
FNDA:0,(anonymous_21)
FNDA:0,handleTabKeyDown
FNDA:0,(anonymous_23)
FNDA:0,(anonymous_24)
FNDA:0,(anonymous_25)
FNDA:0,(anonymous_26)
FNDA:0,(anonymous_27)
FNDA:0,(anonymous_28)
FNDA:0,(anonymous_29)
FNDA:0,(anonymous_30)
FNDA:0,(anonymous_31)
FNDA:0,(anonymous_32)
FNDA:0,(anonymous_33)
FNDA:0,(anonymous_34)
FNDA:0,(anonymous_35)
FNDA:0,(anonymous_36)
FNDA:0,(anonymous_37)
FNDA:0,(anonymous_38)
FNDA:0,(anonymous_39)
FNDA:0,(anonymous_40)
DA:63,0
DA:66,0
DA:69,0
DA:73,0
DA:78,0
DA:83,0
DA:88,0
DA:95,0
DA:96,0
DA:97,0
DA:98,0
DA:99,0
DA:100,0
DA:102,0
DA:107,0
DA:108,0
DA:124,0
DA:125,0
DA:128,0
DA:132,0
DA:140,0
DA:144,0
DA:145,0
DA:146,0
DA:147,0
DA:149,0
DA:154,0
DA:155,0
DA:156,0
DA:157,0
DA:159,0
DA:162,0
DA:198,0
DA:217,0
DA:218,0
DA:238,0
DA:258,0
DA:259,0
DA:276,0
DA:348,0
DA:349,0
DA:350,0
DA:352,0
DA:353,0
DA:354,0
DA:355,0
DA:356,0
DA:357,0
DA:358,0
DA:359,0
DA:362,0
DA:363,0
DA:364,0
DA:365,0
DA:372,0
DA:373,0
DA:375,0
DA:377,0
DA:379,0
DA:382,0
DA:387,0
DA:388,0
DA:391,0
DA:392,0
DA:399,0
DA:402,0
DA:405,0
DA:406,0
DA:407,0
DA:409,0
DA:410,0
DA:412,0
DA:413,0
DA:415,0
DA:416,0
DA:423,0
DA:425,0
DA:426,0
DA:427,0
DA:429,0
DA:430,0
DA:431,0
DA:434,0
DA:435,0
DA:436,0
DA:439,0
DA:440,0
DA:441,0
DA:444,0
DA:445,0
DA:446,0
DA:448,0
DA:451,0
DA:452,0
DA:456,0
DA:457,0
DA:458,0
DA:465,0
DA:466,0
DA:467,0
DA:472,0
DA:473,0
DA:474,0
DA:475,0
DA:476,0
DA:477,0
DA:479,0
DA:483,0
DA:484,0
DA:485,0
DA:487,0
DA:489,0
DA:490,0
DA:492,0
DA:493,0
DA:494,0
DA:495,0
DA:496,0
DA:498,0
DA:499,0
DA:500,0
DA:502,0
DA:503,0
DA:504,0
DA:508,0
DA:509,0
DA:515,0
DA:516,0
DA:518,0
DA:519,0
DA:520,0
DA:521,0
DA:522,0
DA:523,0
DA:524,0
DA:525,0
DA:526,0
DA:527,0
DA:528,0
DA:529,0
DA:532,0
DA:533,0
DA:534,0
DA:535,0
DA:537,0
DA:538,0
DA:544,0
DA:545,0
DA:546,0
DA:550,0
DA:551,0
DA:552,0
DA:553,0
DA:555,0
DA:558,0
DA:561,0
DA:564,0
DA:573,0
DA:583,0
DA:584,0
DA:585,0
DA:586,0
DA:587,0
DA:588,0
DA:589,0
DA:590,0
DA:591,0
DA:593,0
DA:595,0
DA:613,0
DA:614,0
DA:615,0
DA:618,0
DA:619,0
DA:620,0
DA:623,0
DA:624,0
DA:625,0
DA:628,0
DA:629,0
DA:630,0
DA:632,0
DA:634,0
DA:664,0
DA:727,0
DA:754,0
DA:782,0
DA:792,0
DA:822,0
DA:849,0
DA:850,0
DA:857,0
DA:881,0
DA:882,0
DA:885,0
DA:886,0
DA:889,0
DA:890,0
DA:900,0
DA:907,0
DA:914,0
DA:921,0
LF:202
LH:0
BRDA:88,0,0,0
BRDA:88,0,1,0
BRDA:108,1,0,0
BRDA:108,1,1,0
BRDA:124,2,0,0
BRDA:124,2,1,0
BRDA:125,3,0,0
BRDA:125,3,1,0
BRDA:127,4,0,0
BRDA:127,4,1,0
BRDA:132,5,0,0
BRDA:132,5,1,0
BRDA:134,6,0,0
BRDA:134,6,1,0
BRDA:140,7,0,0
BRDA:140,7,1,0
BRDA:144,8,0,0
BRDA:144,8,1,0
BRDA:146,9,0,0
BRDA:146,9,1,0
BRDA:154,10,0,0
BRDA:154,10,1,0
BRDA:155,11,0,0
BRDA:155,11,1,0
BRDA:156,12,0,0
BRDA:156,12,1,0
BRDA:177,13,0,0
BRDA:177,13,1,0
BRDA:217,14,0,0
BRDA:217,14,1,0
BRDA:224,15,0,0
BRDA:224,15,1,0
BRDA:224,16,0,0
BRDA:224,16,1,0
BRDA:225,17,0,0
BRDA:225,17,1,0
BRDA:228,18,0,0
BRDA:228,18,1,0
BRDA:347,19,0,0
BRDA:352,20,0,0
BRDA:352,20,1,0
BRDA:353,21,0,0
BRDA:353,21,1,0
BRDA:354,22,0,0
BRDA:354,22,1,0
BRDA:372,23,0,0
BRDA:372,23,1,0
BRDA:372,24,0,0
BRDA:372,24,1,0
BRDA:373,25,0,0
BRDA:373,25,1,0
BRDA:373,26,0,0
BRDA:373,26,1,0
BRDA:375,27,0,0
BRDA:375,27,1,0
BRDA:375,28,0,0
BRDA:375,28,1,0
BRDA:377,29,0,0
BRDA:377,29,1,0
BRDA:377,30,0,0
BRDA:377,30,1,0
BRDA:379,31,0,0
BRDA:379,31,1,0
BRDA:379,32,0,0
BRDA:379,32,1,0
BRDA:388,33,0,0
BRDA:388,33,1,0
BRDA:391,34,0,0
BRDA:391,34,1,0
BRDA:391,35,0,0
BRDA:391,35,1,0
BRDA:399,36,0,0
BRDA:399,36,1,0
BRDA:406,37,0,0
BRDA:406,37,1,0
BRDA:406,38,0,0
BRDA:406,38,1,0
BRDA:409,39,0,0
BRDA:409,39,1,0
BRDA:409,40,0,0
BRDA:409,40,1,0
BRDA:412,41,0,0
BRDA:412,41,1,0
BRDA:412,42,0,0
BRDA:412,42,1,0
BRDA:415,43,0,0
BRDA:415,43,1,0
BRDA:415,44,0,0
BRDA:415,44,1,0
BRDA:427,45,0,0
BRDA:427,45,1,0
BRDA:427,46,0,0
BRDA:427,46,1,0
BRDA:429,47,0,0
BRDA:429,47,1,0
BRDA:429,48,0,0
BRDA:429,48,1,0
BRDA:434,49,0,0
BRDA:434,49,1,0
BRDA:434,50,0,0
BRDA:434,50,1,0
BRDA:439,51,0,0
BRDA:439,51,1,0
BRDA:439,52,0,0
BRDA:439,52,1,0
BRDA:444,53,0,0
BRDA:444,53,1,0
BRDA:444,54,0,0
BRDA:444,54,1,0
BRDA:466,55,0,0
BRDA:466,55,1,0
BRDA:476,56,0,0
BRDA:476,56,1,0
BRDA:490,57,0,0
BRDA:490,57,1,0
BRDA:492,58,0,0
BRDA:492,58,1,0
BRDA:518,59,0,0
BRDA:518,59,1,0
BRDA:521,60,0,0
BRDA:521,60,1,0
BRDA:524,61,0,0
BRDA:524,61,1,0
BRDA:527,62,0,0
BRDA:527,62,1,0
BRDA:532,63,0,0
BRDA:532,63,1,0
BRDA:534,64,0,0
BRDA:534,64,1,0
BRDA:545,65,0,0
BRDA:545,65,1,0
BRDA:545,66,0,0
BRDA:545,66,1,0
BRDA:550,67,0,0
BRDA:550,67,1,0
BRDA:555,68,0,0
BRDA:555,68,1,0
BRDA:558,69,0,0
BRDA:558,69,1,0
BRDA:588,70,0,0
BRDA:588,70,1,0
BRDA:589,71,0,0
BRDA:589,71,1,0
BRDA:590,72,0,0
BRDA:590,72,1,0
BRDA:593,73,0,0
BRDA:593,73,1,0
BRDA:602,74,0,0
BRDA:602,74,1,0
BRDA:602,75,0,0
BRDA:602,75,1,0
BRDA:602,75,2,0
BRDA:602,75,3,0
BRDA:604,76,0,0
BRDA:604,76,1,0
BRDA:605,77,0,0
BRDA:605,77,1,0
BRDA:606,78,0,0
BRDA:606,78,1,0
BRDA:607,79,0,0
BRDA:607,79,1,0
BRDA:610,80,0,0
BRDA:610,80,1,0
BRDA:613,81,0,0
BRDA:613,81,1,0
BRDA:618,82,0,0
BRDA:618,82,1,0
BRDA:623,83,0,0
BRDA:623,83,1,0
BRDA:628,84,0,0
BRDA:628,84,1,0
BRDA:640,85,0,0
BRDA:640,85,1,0
BRDA:642,86,0,0
BRDA:642,86,1,0
BRDA:643,87,0,0
BRDA:643,87,1,0
BRDA:644,88,0,0
BRDA:644,88,1,0
BRDA:644,89,0,0
BRDA:644,89,1,0
BRDA:645,90,0,0
BRDA:645,90,1,0
BRDA:657,91,0,0
BRDA:657,91,1,0
BRDA:657,92,0,0
BRDA:657,92,1,0
BRDA:657,92,2,0
BRDA:657,92,3,0
BRDA:659,93,0,0
BRDA:659,93,1,0
BRDA:659,94,0,0
BRDA:659,94,1,0
BRDA:659,94,2,0
BRDA:662,95,0,0
BRDA:662,95,1,0
BRDA:662,96,0,0
BRDA:662,96,1,0
BRDA:662,96,2,0
BRDA:664,97,0,0
BRDA:664,97,1,0
BRDA:664,98,0,0
BRDA:664,98,1,0
BRDA:669,99,0,0
BRDA:669,99,1,0
BRDA:669,100,0,0
BRDA:669,100,1,0
BRDA:669,100,2,0
BRDA:671,101,0,0
BRDA:671,101,1,0
BRDA:683,102,0,0
BRDA:683,102,1,0
BRDA:685,103,0,0
BRDA:685,103,1,0
BRDA:687,104,0,0
BRDA:687,104,1,0
BRDA:721,105,0,0
BRDA:721,105,1,0
BRDA:729,106,0,0
BRDA:729,106,1,0
BRDA:748,107,0,0
BRDA:748,107,1,0
BRDA:756,108,0,0
BRDA:756,108,1,0
BRDA:775,109,0,0
BRDA:775,109,1,0
BRDA:784,110,0,0
BRDA:784,110,1,0
BRDA:789,111,0,0
BRDA:789,111,1,0
BRDA:797,112,0,0
BRDA:797,112,1,0
BRDA:816,113,0,0
BRDA:816,113,1,0
BRDA:824,114,0,0
BRDA:824,114,1,0
BRDA:843,115,0,0
BRDA:843,115,1,0
BRDA:849,116,0,0
BRDA:849,116,1,0
BRDA:853,117,0,0
BRDA:853,117,1,0
BRDA:860,118,0,0
BRDA:860,118,1,0
BRDA:881,119,0,0
BRDA:881,119,1,0
BRDA:885,120,0,0
BRDA:885,120,1,0
BRDA:889,121,0,0
BRDA:889,121,1,0
BRF:250
BRH:0
end_of_record

TN:
SF:src/components/dashboard/DashboardTabs.tsx
FN:47,partitionCards
FN:64,DashboardTabs
FN:67,(anonymous_2)
FN:71,(anonymous_3)
FN:80,(anonymous_4)
FN:80,(anonymous_5)
FN:86,(anonymous_6)
FN:127,(anonymous_7)
FN:177,(anonymous_8)
FNF:9
FNH:0
FNDA:0,partitionCards
FNDA:0,DashboardTabs
FNDA:0,(anonymous_2)
FNDA:0,(anonymous_3)
FNDA:0,(anonymous_4)
FNDA:0,(anonymous_5)
FNDA:0,(anonymous_6)
FNDA:0,(anonymous_7)
FNDA:0,(anonymous_8)
DA:31,0
DA:48,0
DA:49,0
DA:51,0
DA:52,0
DA:53,0
DA:55,0
DA:59,0
DA:65,0
DA:67,0
DA:71,0
DA:72,0
DA:75,0
DA:80,0
DA:81,0
DA:85,0
DA:87,0
DA:88,0
DA:89,0
DA:91,0
DA:92,0
DA:93,0
DA:94,0
DA:96,0
DA:99,0
DA:100,0
DA:101,0
DA:102,0
DA:107,0
DA:109,0
DA:127,0
DA:177,0
LF:32
LH:0
BRDA:52,0,0,0
BRDA:52,0,1,0
BRDA:72,1,0,0
BRDA:72,1,1,0
BRDA:91,2,0,0
BRDA:91,2,1,0
BRDA:93,3,0,0
BRDA:93,3,1,0
BRDA:107,4,0,0
BRDA:107,4,1,0
BRDA:126,5,0,0
BRDA:126,5,1,0
BRDA:132,6,0,0
BRDA:132,6,1,0
BRDA:133,7,0,0
BRDA:133,7,1,0
BRDA:144,8,0,0
BRDA:144,8,1,0
BRDA:144,8,2,0
BRDA:148,9,0,0
BRDA:148,9,1,0
BRDA:150,10,0,0
BRDA:150,10,1,0
BRDA:155,11,0,0
BRDA:155,11,1,0
BRDA:156,12,0,0
BRDA:156,12,1,0
BRDA:161,13,0,0
BRDA:161,13,1,0
BRDA:176,14,0,0
BRDA:176,14,1,0
BRDA:182,15,0,0
BRDA:182,15,1,0
BRDA:199,16,0,0
BRDA:199,16,1,0
BRDA:203,17,0,0
BRDA:203,17,1,0
BRDA:214,18,0,0
BRDA:214,18,1,0
BRDA:215,19,0,0
BRDA:215,19,1,0
BRF:41
BRH:0
end_of_record

TN:
SF:src/components/dashboard/EmptyState.tsx
FN:14,EmptyState
FN:53,(anonymous_1)
FNF:2
FNH:0
FNDA:0,EmptyState
FNDA:0,(anonymous_1)
DA:15,0
DA:54,0
LF:2
LH:0
BRF:0
BRH:0
end_of_record

TN:
SF:src/components/dashboard/HowlEmptyState.tsx
FN:10,HowlEmptyState
FNF:1
FNH:0
FNDA:0,HowlEmptyState
DA:11,0
LF:1
LH:0
BRF:0
BRH:0
end_of_record

TN:
SF:src/components/dashboard/HowlTeaserState.tsx
FN:66,SampleAlertCard
FN:108,HowlUpsellOverlay
FN:150,(anonymous_2)
FN:189,HowlTeaserState
FN:204,(anonymous_4)
FNF:5
FNH:0
FNDA:0,SampleAlertCard
FNDA:0,HowlUpsellOverlay
FNDA:0,(anonymous_2)
FNDA:0,HowlTeaserState
FNDA:0,(anonymous_4)
DA:34,0
DA:67,0
DA:109,0
DA:151,0
DA:190,0
DA:205,0
LF:6
LH:0
BRF:0
BRH:0
end_of_record

TN:
SF:src/components/dashboard/StatusBadge.tsx
FN:50,StatusBadge
FN:67,(anonymous_1)
FN:72,(anonymous_2)
FNF:3
FNH:1
FNDA:27,StatusBadge
FNDA:0,(anonymous_1)
FNDA:0,(anonymous_2)
DA:56,27
DA:57,27
DA:58,27
DA:59,27
DA:60,27
DA:64,27
DA:66,27
DA:70,0
DA:71,0
DA:72,0
DA:78,27
DA:79,12
DA:90,15
LF:13
LH:10
BRDA:54,0,0,27
BRDA:56,1,0,27
BRDA:56,1,1,25
BRDA:56,1,2,0
BRDA:60,2,0,9
BRDA:60,2,1,18
BRDA:70,3,0,0
BRDA:70,3,1,0
BRDA:78,4,0,12
BRDA:78,4,1,15
BRF:10
BRH:7
end_of_record

TN:
SF:src/components/dashboard/StatusRing.tsx
FN:73,getRingColor
FN:93,computeOffset
FN:133,StatusRing
FNF:3
FNH:3
FNDA:12,getRingColor
FNDA:12,computeOffset
FNDA:12,StatusRing
DA:26,4
DA:29,4
DA:32,4
DA:38,4
DA:41,4
DA:44,4
DA:47,4
DA:50,4
DA:53,4
DA:56,4
DA:74,12
DA:75,12
DA:76,12
DA:77,12
DA:78,3
DA:79,3
DA:80,3
DA:94,12
DA:95,12
DA:96,12
DA:140,12
DA:141,12
DA:142,12
DA:145,12
DA:151,12
LF:25
LH:25
BRDA:74,0,0,0
BRDA:74,0,1,12
BRDA:74,1,0,12
BRDA:74,1,1,12
BRDA:75,2,0,0
BRDA:75,2,1,12
BRDA:76,3,0,0
BRDA:76,3,1,12
BRDA:77,4,0,9
BRDA:77,4,1,3
BRDA:78,5,0,0
BRDA:78,5,1,3
BRDA:79,6,0,0
BRDA:79,6,1,3
BRDA:94,7,0,0
BRDA:94,7,1,12
BRDA:142,8,0,12
BRDA:142,8,1,12
BRDA:145,9,0,12
BRDA:145,9,1,0
BRDA:146,10,0,0
BRDA:146,10,1,12
BRDA:148,11,0,12
BRDA:148,11,1,0
BRDA:156,12,0,12
BRDA:156,12,1,0
BRDA:158,13,0,12
BRDA:158,13,1,0
BRDA:193,14,0,9
BRDA:193,14,1,3
BRDA:203,15,0,0
BRDA:203,15,1,12
BRF:32
BRH:20
end_of_record

TN:
SF:src/components/dashboard/TabHeader.tsx
FN:22,getHeaderStorageKey
FN:31,TabHeader
FN:36,(anonymous_2)
FN:46,(anonymous_3)
FN:59,(anonymous_4)
FNF:5
FNH:0
FNDA:0,getHeaderStorageKey
FNDA:0,TabHeader
FNDA:0,(anonymous_2)
FNDA:0,(anonymous_3)
FNDA:0,(anonymous_4)
DA:23,0
DA:32,0
DA:33,0
DA:36,0
DA:37,0
DA:38,0
DA:39,0
DA:42,0
DA:46,0
DA:48,0
DA:50,0
DA:51,0
DA:55,0
DA:59,0
DA:60,0
DA:61,0
DA:64,0
DA:68,0
DA:70,0
DA:72,0
LF:20
LH:0
BRDA:60,0,0,0
BRDA:60,0,1,0
BRDA:68,1,0,0
BRDA:68,1,1,0
BRF:4
BRH:0
end_of_record

TN:
SF:src/components/dashboard/TabSummary.tsx
FN:22,getSummaryStorageKey
FN:32,allSummary
FN:33,(anonymous_2)
FN:34,(anonymous_3)
FN:36,(anonymous_4)
FN:42,(anonymous_5)
FN:68,valhallaSummary
FN:69,(anonymous_7)
FN:70,(anonymous_8)
FN:89,activeSummary
FN:102,huntSummary
FN:103,(anonymous_11)
FN:132,howlSummary
FN:133,(anonymous_13)
FN:134,(anonymous_14)
FN:135,(anonymous_15)
FN:171,(anonymous_16)
FN:179,trashSummary
FN:210,TabSummary
FN:215,(anonymous_19)
FN:225,(anonymous_20)
FN:237,(anonymous_21)
FNF:22
FNH:0
FNDA:0,getSummaryStorageKey
FNDA:0,allSummary
FNDA:0,(anonymous_2)
FNDA:0,(anonymous_3)
FNDA:0,(anonymous_4)
FNDA:0,(anonymous_5)
FNDA:0,valhallaSummary
FNDA:0,(anonymous_7)
FNDA:0,(anonymous_8)
FNDA:0,activeSummary
FNDA:0,huntSummary
FNDA:0,(anonymous_11)
FNDA:0,howlSummary
FNDA:0,(anonymous_13)
FNDA:0,(anonymous_14)
FNDA:0,(anonymous_15)
FNDA:0,(anonymous_16)
FNDA:0,trashSummary
FNDA:0,TabSummary
FNDA:0,(anonymous_19)
FNDA:0,(anonymous_20)
FNDA:0,(anonymous_21)
DA:23,0
DA:33,0
DA:34,0
DA:35,0
DA:37,0
DA:41,0
DA:42,0
DA:45,0
DA:46,0
DA:47,0
DA:48,0
DA:49,0
DA:51,0
DA:52,0
DA:57,0
DA:58,0
DA:60,0
DA:62,0
DA:69,0
DA:70,0
DA:72,0
DA:73,0
DA:74,0
DA:76,0
DA:77,0
DA:82,0
DA:83,0
DA:90,0
DA:103,0
DA:104,0
DA:105,0
DA:106,0
DA:109,0
DA:110,0
DA:115,0
DA:116,0
DA:117,0
DA:118,0
DA:123,0
DA:125,0
DA:133,0
DA:134,0
DA:135,0
DA:137,0
DA:138,0
DA:139,0
DA:148,0
DA:149,0
DA:158,0
DA:159,0
DA:170,0
DA:171,0
DA:172,0
DA:173,0
DA:175,0
DA:180,0
DA:192,0
DA:211,0
DA:212,0
DA:215,0
DA:216,0
DA:217,0
DA:218,0
DA:221,0
DA:225,0
DA:227,0
DA:229,0
DA:230,0
DA:234,0
DA:237,0
DA:238,0
DA:239,0
DA:240,0
DA:245,0
DA:246,0
DA:248,0
DA:249,0
DA:251,0
LF:78
LH:0
BRDA:37,0,0,0
BRDA:37,0,1,0
BRDA:37,0,2,0
BRDA:42,1,0,0
BRDA:42,1,1,0
BRDA:46,2,0,0
BRDA:46,2,1,0
BRDA:47,3,0,0
BRDA:47,3,1,0
BRDA:48,4,0,0
BRDA:48,4,1,0
BRDA:49,5,0,0
BRDA:49,5,1,0
BRDA:54,6,0,0
BRDA:54,6,1,0
BRDA:57,7,0,0
BRDA:57,7,1,0
BRDA:73,8,0,0
BRDA:73,8,1,0
BRDA:74,9,0,0
BRDA:74,9,1,0
BRDA:92,10,0,0
BRDA:92,10,1,0
BRDA:104,11,0,0
BRDA:104,11,1,0
BRDA:106,12,0,0
BRDA:106,12,1,0
BRDA:112,13,0,0
BRDA:112,13,1,0
BRDA:116,14,0,0
BRDA:116,14,1,0
BRDA:123,15,0,0
BRDA:123,15,1,0
BRDA:138,16,0,0
BRDA:138,16,1,0
BRDA:142,17,0,0
BRDA:142,17,1,0
BRDA:148,18,0,0
BRDA:148,18,1,0
BRDA:152,19,0,0
BRDA:152,19,1,0
BRDA:158,20,0,0
BRDA:158,20,1,0
BRDA:172,21,0,0
BRDA:172,21,1,0
BRDA:182,22,0,0
BRDA:182,22,1,0
BRDA:238,23,0,0
BRDA:238,23,1,0
BRDA:245,24,0,0
BRDA:245,24,1,0
BRDA:246,25,0,0
BRDA:246,25,1,0
BRF:53
BRH:0
end_of_record

TN:
SF:src/components/dashboard/TrashView.tsx
FN:46,formatDeletedAt
FN:94,ExpungeDialog
FN:99,(anonymous_2)
FN:103,(anonymous_3)
FN:158,EmptyTrashDialog
FN:160,(anonymous_5)
FN:163,(anonymous_6)
FN:209,TrashEmptyState
FN:247,TrashCardRow
FN:332,TrashView
FN:344,(anonymous_10)
FN:347,(anonymous_11)
FN:350,(anonymous_12)
FN:359,(anonymous_13)
FN:360,(anonymous_14)
FN:368,(anonymous_15)
FN:374,(anonymous_16)
FN:378,(anonymous_17)
FN:383,(anonymous_18)
FN:410,(anonymous_19)
FN:431,(anonymous_20)
FN:441,(anonymous_21)
FN:442,(anonymous_22)
FNF:23
FNH:0
FNDA:0,formatDeletedAt
FNDA:0,ExpungeDialog
FNDA:0,(anonymous_2)
FNDA:0,(anonymous_3)
FNDA:0,EmptyTrashDialog
FNDA:0,(anonymous_5)
FNDA:0,(anonymous_6)
FNDA:0,TrashEmptyState
FNDA:0,TrashCardRow
FNDA:0,TrashView
FNDA:0,(anonymous_10)
FNDA:0,(anonymous_11)
FNDA:0,(anonymous_12)
FNDA:0,(anonymous_13)
FNDA:0,(anonymous_14)
FNDA:0,(anonymous_15)
FNDA:0,(anonymous_16)
FNDA:0,(anonymous_17)
FNDA:0,(anonymous_18)
FNDA:0,(anonymous_19)
FNDA:0,(anonymous_20)
FNDA:0,(anonymous_21)
FNDA:0,(anonymous_22)
DA:47,0
DA:48,0
DA:50,0
DA:56,0
DA:57,0
DA:60,0
DA:61,0
DA:62,0
DA:63,0
DA:65,0
DA:68,0
DA:95,0
DA:98,0
DA:100,0
DA:101,0
DA:103,0
DA:109,0
DA:159,0
DA:161,0
DA:162,0
DA:163,0
DA:169,0
DA:210,0
DA:248,0
DA:249,0
DA:251,0
DA:334,0
DA:336,0
DA:339,0
DA:340,0
DA:343,0
DA:346,0
DA:348,0
DA:351,0
DA:359,0
DA:360,0
DA:361,0
DA:362,0
DA:363,0
DA:368,0
DA:369,0
DA:370,0
DA:371,0
DA:374,0
DA:375,0
DA:378,0
DA:379,0
DA:380,0
DA:383,0
DA:384,0
DA:387,0
DA:410,0
DA:432,0
DA:441,0
DA:442,0
LF:55
LH:0
BRDA:60,0,0,0
BRDA:60,0,1,0
BRDA:62,1,0,0
BRDA:62,1,1,0
BRDA:100,2,0,0
BRDA:100,2,1,0
BRDA:117,3,0,0
BRDA:117,3,1,0
BRDA:161,4,0,0
BRDA:161,4,1,0
BRDA:180,5,0,0
BRDA:180,5,1,0
BRDA:248,6,0,0
BRDA:248,6,1,0
BRDA:281,7,0,0
BRDA:281,7,1,0
BRDA:348,8,0,0
BRDA:348,8,1,0
BRDA:362,9,0,0
BRDA:362,9,1,0
BRDA:369,10,0,0
BRDA:369,10,1,0
BRDA:406,11,0,0
BRDA:406,11,1,0
BRDA:427,12,0,0
BRDA:427,12,1,0
BRDA:457,13,0,0
BRDA:457,13,1,0
BRF:28
BRH:0
end_of_record

TN:
SF:src/components/easter-eggs/EasterEggModal.tsx
FN:62,EasterEggModal
FN:74,(anonymous_1)
FN:84,(anonymous_2)
FN:92,(anonymous_3)
FN:98,(anonymous_4)
FNF:5
FNH:2
FNDA:24,EasterEggModal
FNDA:24,(anonymous_1)
FNDA:0,(anonymous_2)
FNDA:0,(anonymous_3)
FNDA:0,(anonymous_4)
DA:71,24
DA:74,24
DA:75,24
DA:77,0
DA:78,0
DA:81,0
DA:82,0
DA:84,0
DA:85,0
DA:88,0
DA:89,0
DA:92,0
DA:93,0
DA:97,24
DA:98,0
LF:15
LH:4
BRDA:66,0,0,24
BRDA:75,1,0,24
BRDA:75,1,1,0
BRDA:75,2,0,24
BRDA:75,2,1,0
BRDA:77,3,0,0
BRDA:77,3,1,0
BRDA:85,4,0,0
BRDA:85,4,1,0
BRDA:88,5,0,0
BRDA:88,5,1,0
BRDA:88,6,0,0
BRDA:88,6,1,0
BRDA:98,7,0,0
BRDA:98,7,1,0
BRDA:126,8,0,24
BRDA:126,8,1,0
BRF:17
BRH:4
end_of_record

TN:
SF:src/components/easter-eggs/HeilungModal.tsx
FN:32,HeilungModal
FN:37,(anonymous_1)
FN:43,(anonymous_2)
FN:46,(anonymous_3)
FN:47,(anonymous_4)
FN:50,(anonymous_5)
FN:51,handleKeyDown
FN:57,(anonymous_7)
FN:71,(anonymous_8)
FN:75,handlePortalActivate
FN:125,(anonymous_10)
FN:251,(anonymous_11)
FNF:12
FNH:11
FNDA:121,HeilungModal
FNDA:8,(anonymous_1)
FNDA:109,(anonymous_2)
FNDA:0,(anonymous_3)
FNDA:50,(anonymous_4)
FNDA:109,(anonymous_5)
FNDA:59,handleKeyDown
FNDA:52,(anonymous_7)
FNDA:109,(anonymous_8)
FNDA:10,handlePortalActivate
FNDA:13,(anonymous_10)
FNDA:240,(anonymous_11)
DA:22,2
DA:25,2
DA:27,2
DA:30,2
DA:33,121
DA:34,121
DA:35,121
DA:37,121
DA:38,8
DA:39,8
DA:43,121
DA:44,109
DA:46,50
DA:47,50
DA:50,121
DA:53,59
DA:54,55
DA:55,55
DA:56,52
DA:57,52
DA:58,52
DA:59,52
DA:61,52
DA:65,4
DA:66,2
DA:70,109
DA:71,109
DA:76,10
DA:81,0
DA:83,10
DA:84,10
DA:87,121
DA:125,13
DA:252,240
LF:34
LH:33
BRDA:44,0,0,59
BRDA:44,0,1,50
BRDA:53,1,0,55
BRDA:53,1,1,4
BRDA:53,2,0,59
BRDA:53,2,1,55
BRDA:53,2,2,55
BRDA:53,2,3,54
BRDA:55,3,0,3
BRDA:55,3,1,52
BRDA:55,4,0,55
BRDA:55,4,1,54
BRDA:55,4,2,53
BRDA:58,5,0,2
BRDA:58,5,1,50
BRDA:65,6,0,2
BRDA:65,6,1,2
BRDA:65,7,0,4
BRDA:65,7,1,2
BRDA:76,8,0,0
BRDA:76,8,1,10
BRDA:77,9,0,10
BRDA:77,9,1,2
BRDA:77,9,2,1
BRDA:89,10,0,121
BRDA:89,10,1,60
BRDA:271,11,0,10
BRDA:271,11,1,50
BRF:28
BRH:27
end_of_record

TN:
SF:src/components/entitlement/KarlUpsellDialog.tsx
FN:79,KarlUpsellDialog
FN:92,(anonymous_1)
FN:102,(anonymous_2)
FN:204,(anonymous_3)
FNF:4
FNH:2
FNDA:4,KarlUpsellDialog
FNDA:0,(anonymous_1)
FNDA:0,(anonymous_2)
FNDA:16,(anonymous_3)
DA:89,4
DA:90,4
DA:92,4
DA:93,0
DA:94,0
DA:95,0
DA:97,0
DA:101,4
DA:102,0
DA:205,16
DA:267,1
DA:286,1
DA:305,1
DA:324,1
DA:343,1
LF:15
LH:10
BRDA:102,0,0,0
BRDA:102,0,1,0
BRF:2
BRH:0
end_of_record

TN:
SF:src/components/entitlement/SealedRuneModal.tsx
FN:54,SealedRuneModal
FN:75,(anonymous_1)
FN:86,(anonymous_2)
FNF:3
FNH:0
FNDA:0,SealedRuneModal
FNDA:0,(anonymous_1)
FNDA:0,(anonymous_2)
DA:59,0
DA:61,0
DA:63,0
DA:64,0
DA:67,0
DA:69,0
DA:75,0
DA:76,0
DA:77,0
DA:78,0
DA:80,0
DA:84,0
DA:86,0
LF:13
LH:0
BRDA:67,0,0,0
BRDA:67,0,1,0
BRDA:67,0,2,0
BRDA:69,1,0,0
BRDA:69,1,1,0
BRDA:86,2,0,0
BRDA:86,2,1,0
BRF:7
BRH:0
end_of_record

TN:
SF:src/components/entitlement/StripeSettings.tsx
FN:50,StripeSettingsSkeleton
FN:74,StripeSettings
FN:117,(anonymous_2)
FN:132,(anonymous_3)
FN:134,(anonymous_4)
FN:142,(anonymous_5)
FN:232,(anonymous_6)
FNF:7
FNH:0
FNDA:0,StripeSettingsSkeleton
FNDA:0,StripeSettings
FNDA:0,(anonymous_2)
FNDA:0,(anonymous_3)
FNDA:0,(anonymous_4)
FNDA:0,(anonymous_5)
FNDA:0,(anonymous_6)
DA:33,0
DA:41,0
DA:51,0
DA:85,0
DA:87,0
DA:88,0
DA:91,0
DA:93,0
DA:95,0
DA:97,0
DA:98,0
DA:101,0
DA:104,0
DA:117,0
DA:118,0
DA:119,0
DA:120,0
DA:123,0
DA:124,0
DA:132,0
DA:133,0
DA:134,0
DA:135,0
DA:136,0
DA:139,0
DA:140,0
DA:142,0
DA:144,0
DA:145,0
DA:147,0
DA:152,0
DA:153,0
DA:156,0
DA:233,0
LF:34
LH:0
BRDA:91,0,0,0
BRDA:91,0,1,0
BRDA:93,1,0,0
BRDA:93,1,1,0
BRDA:93,1,2,0
BRDA:93,1,3,0
BRDA:95,2,0,0
BRDA:95,2,1,0
BRDA:95,2,2,0
BRDA:95,2,3,0
BRDA:97,3,0,0
BRDA:97,3,1,0
BRDA:97,3,2,0
BRDA:98,4,0,0
BRDA:98,4,1,0
BRDA:98,4,2,0
BRDA:101,5,0,0
BRDA:101,5,1,0
BRDA:104,6,0,0
BRDA:104,6,1,0
BRDA:152,7,0,0
BRDA:152,7,1,0
BRDA:152,8,0,0
BRDA:152,8,1,0
BRDA:173,9,0,0
BRDA:173,9,1,0
BRDA:185,10,0,0
BRDA:185,10,1,0
BRDA:194,11,0,0
BRDA:194,11,1,0
BRDA:203,12,0,0
BRDA:203,12,1,0
BRDA:215,13,0,0
BRDA:215,13,1,0
BRDA:261,14,0,0
BRDA:261,14,1,0
BRDA:274,15,0,0
BRDA:274,15,1,0
BRDA:297,16,0,0
BRDA:297,16,1,0
BRDA:317,17,0,0
BRDA:317,17,1,0
BRDA:345,18,0,0
BRDA:345,18,1,0
BRDA:357,19,0,0
BRDA:357,19,1,0
BRF:46
BRH:0
end_of_record

TN:
SF:src/components/entitlement/SubscriptionGate.tsx
FN:51,GateSkeleton
FN:76,SubscriptionGate
FN:99,(anonymous_2)
FN:122,(anonymous_3)
FNF:4
FNH:0
FNDA:0,GateSkeleton
FNDA:0,SubscriptionGate
FNDA:0,(anonymous_2)
FNDA:0,(anonymous_3)
DA:52,0
DA:77,0
DA:78,0
DA:81,0
DA:82,0
DA:86,0
DA:87,0
DA:91,0
DA:92,0
DA:94,0
DA:99,0
DA:122,0
LF:12
LH:0
BRDA:81,0,0,0
BRDA:81,0,1,0
BRDA:86,1,0,0
BRDA:86,1,1,0
BRF:4
BRH:0
end_of_record

TN:
SF:src/components/entitlement/UnlinkConfirmDialog.tsx
FN:53,UnlinkConfirmDialog
FN:60,(anonymous_1)
FNF:2
FNH:0
FNDA:0,UnlinkConfirmDialog
[...]
DA:193,0
DA:194,0
DA:195,0
DA:196,0
DA:197,0
DA:198,0
DA:199,0
DA:200,0
DA:201,0
DA:202,0
DA:203,0
DA:204,0
DA:205,0
DA:206,0
DA:207,0
DA:208,0
DA:209,0
DA:210,0
DA:211,0
DA:212,1
DA:213,1
DA:214,1
DA:215,1
DA:216,1
DA:217,1
DA:218,1
DA:219,1
DA:220,1
DA:221,1
DA:222,1
DA:223,1
DA:224,1
DA:225,0
DA:226,0
DA:227,0
DA:228,0
DA:229,0
DA:230,0
DA:231,0
DA:232,0
DA:233,0
DA:234,0
DA:235,0
DA:236,0
DA:237,0
DA:238,0
DA:239,0
DA:240,0
DA:241,0
DA:242,0
DA:243,0
DA:244,0
DA:245,0
DA:246,1
DA:247,1
DA:248,1
DA:249,1
DA:250,1
DA:251,1
DA:252,1
DA:253,1
DA:254,1
DA:255,1
DA:256,0
DA:257,0
DA:258,0
DA:259,0
DA:260,0
DA:261,0
DA:262,0
DA:263,0
DA:264,0
DA:265,0
DA:266,0
DA:267,0
DA:268,0
DA:269,0
DA:270,0
DA:271,0
DA:272,0
DA:273,0
DA:274,0
DA:275,0
DA:276,0
DA:277,0
DA:278,0
DA:279,0
DA:280,0
DA:281,1
DA:282,1
DA:283,1
DA:284,1
DA:285,1
DA:286,1
DA:287,1
DA:288,1
DA:289,1
DA:290,1
DA:291,1
DA:292,1
DA:293,1
DA:294,1
DA:295,1
DA:296,1
DA:297,1
DA:298,1
DA:299,1
DA:300,1
DA:301,1
DA:302,0
DA:303,0
DA:304,0
DA:305,0
DA:306,0
DA:307,0
DA:308,0
DA:309,0
DA:310,0
DA:311,0
DA:312,0
DA:313,0
DA:314,0
DA:315,0
DA:316,0
DA:317,0
DA:318,0
DA:319,0
DA:320,0
DA:321,0
DA:322,0
DA:323,0
DA:324,0
DA:325,0
DA:326,0
DA:327,0
DA:328,0
DA:329,0
DA:330,0
DA:331,0
DA:332,0
DA:333,0
DA:334,0
DA:335,0
DA:336,0
DA:337,0
DA:338,0
DA:339,0
DA:340,0
DA:341,0
DA:342,0
DA:343,0
DA:344,0
DA:345,0
DA:346,0
DA:347,0
DA:348,0
DA:349,0
DA:350,0
DA:351,0
DA:352,0
DA:353,0
DA:354,0
DA:355,0
DA:356,0
DA:357,0
DA:358,0
DA:359,0
DA:360,0
DA:361,0
DA:362,0
DA:363,0
DA:364,0
DA:365,0
DA:366,0
LF:366
LH:179
BRF:0
BRH:0
end_of_record

TN:
SF:src/lib/kv/redis-client.ts

FNF:0
FNH:0

DA:1,1
DA:2,1
DA:3,1
DA:4,1
DA:5,1
DA:6,1
DA:7,1
DA:8,1
DA:9,1
DA:10,1
DA:11,1
DA:12,1
DA:13,1
DA:14,1
DA:15,1
DA:16,1
DA:17,1
DA:18,1
DA:19,0
DA:20,0
DA:21,0
DA:22,0
DA:23,0
DA:24,0
DA:25,0
DA:26,0
DA:27,0
LF:27
LH:18
BRF:0
BRH:0
end_of_record

TN:
SF:src/lib/kv/trial-store.ts





FNF:0
FNH:0





DA:1,15
DA:2,15
DA:3,15
DA:4,15
DA:5,15
DA:6,15
DA:7,15
DA:8,15
DA:9,15
DA:10,15
DA:11,15
DA:12,15
DA:13,15
DA:14,15
DA:15,15
DA:16,15
DA:17,15
DA:18,15
DA:19,15
DA:20,15
DA:21,15
DA:22,15
DA:23,15
DA:24,15
DA:25,15
DA:26,15
DA:27,15
DA:28,15
DA:29,15
DA:30,15
DA:31,15
DA:32,15
DA:33,15
DA:34,15
DA:35,15
DA:36,15
DA:37,15
DA:38,15
DA:39,15
DA:40,15
DA:41,15
DA:42,15
DA:43,15
DA:44,15
DA:45,15
DA:46,14
DA:47,14
DA:48,15
DA:49,15
DA:50,15
DA:51,15
DA:52,15
DA:53,15
DA:54,15
DA:55,15
DA:56,15
DA:57,15
DA:58,15
DA:59,15
DA:60,15
DA:61,14
DA:62,14
DA:63,14
DA:64,14
DA:65,14
DA:66,14
DA:67,14
DA:68,14
DA:69,14
DA:70,14
DA:71,14
DA:72,14
DA:73,14
DA:74,14
DA:75,14
DA:76,14
DA:77,14
DA:78,15
DA:79,15
DA:80,15
DA:81,15
DA:82,15
DA:83,15
DA:84,15
DA:85,15
DA:86,15
DA:87,14
DA:88,14
DA:89,14
DA:90,14
DA:91,14
DA:92,14
DA:93,14
DA:94,14
DA:95,14
DA:96,14
DA:97,14
DA:98,14
DA:99,14
DA:100,14
DA:101,14
DA:102,14
DA:103,14
DA:104,14
DA:105,14
DA:106,14
DA:107,14
DA:108,14
DA:109,14
DA:110,14
DA:111,15
DA:112,15
DA:113,15
DA:114,15
DA:115,15
DA:116,15
DA:117,15
DA:118,15
DA:119,15
DA:120,14
DA:121,14
DA:122,14
DA:123,14
DA:124,14
DA:125,14
DA:126,14
DA:127,14
DA:128,14
DA:129,14
DA:130,14
DA:131,14
DA:132,14
DA:133,14
DA:134,14
DA:135,14
DA:136,14
DA:137,14
DA:138,14
DA:139,14
DA:140,14
DA:141,14
DA:142,14
DA:143,14
DA:144,14
DA:145,14
DA:146,14
DA:147,14
DA:148,14
DA:149,14
DA:150,14
DA:151,14
DA:152,15
DA:153,15
DA:154,15
DA:155,15
DA:156,15
DA:157,15
DA:158,15
DA:159,15
DA:160,14
DA:161,14
DA:162,14
DA:163,14
DA:164,14
DA:165,14
DA:166,14
DA:167,14
DA:168,14
DA:169,14
DA:170,14
DA:171,14
DA:172,14
DA:173,14
DA:174,14
DA:175,14
DA:176,14
DA:177,14
DA:178,14
DA:179,14
DA:180,14
DA:181,14
DA:182,14
DA:183,14
LF:183
LH:183
BRF:0
BRH:0
end_of_record

TN:
SF:src/lib/llm/extract.ts
FNF:0
FNH:0
DA:1,1
DA:2,1
DA:3,1
DA:4,1
DA:5,1
DA:6,1
DA:7,1
DA:8,1
DA:9,1
DA:10,1
DA:11,1
DA:12,1
DA:13,1
DA:14,1
DA:15,1
DA:16,1
DA:17,1
DA:18,1
DA:19,1
DA:20,1
DA:21,1
DA:22,1
DA:23,1
DA:24,1
DA:25,1
DA:26,1
DA:27,1
DA:28,1
DA:29,1
DA:30,1
DA:31,1
DA:32,1
DA:33,1
DA:34,1
DA:35,1
DA:36,1
DA:37,1
DA:38,1
DA:39,1
DA:40,1
DA:41,1
DA:42,1
DA:43,1
DA:44,1
DA:45,1
DA:46,1
DA:47,1
DA:48,1
DA:49,1
DA:50,1
DA:51,1
DA:52,1
DA:53,1
DA:54,1
DA:55,1
DA:56,1
DA:57,1
DA:58,1
DA:59,1
DA:60,1
DA:61,1
DA:62,1
DA:63,1
DA:64,1
DA:65,1
DA:66,1
DA:67,1
DA:68,1
DA:69,1
DA:70,1
DA:71,1
DA:72,1
DA:73,1
DA:74,1
DA:75,1
DA:76,1
DA:77,1
DA:78,1
DA:79,1
DA:80,1
DA:81,1
DA:82,1
DA:83,1
DA:84,1
DA:85,1
DA:86,1
DA:87,1
DA:88,1
DA:89,1
DA:90,1
DA:91,1
DA:92,1
DA:93,1
DA:94,1
DA:95,1
DA:96,1
DA:97,1
DA:98,1
DA:99,1
DA:100,1
DA:101,1
DA:102,1
DA:103,1
DA:104,1
DA:105,1
DA:106,1
DA:107,1
DA:108,1
DA:109,1
DA:110,1
DA:111,1
DA:112,1
DA:113,1
DA:114,1
DA:115,1
DA:116,1
DA:117,1
DA:118,1
DA:119,1
DA:120,1
DA:121,1
DA:122,1
DA:123,1
DA:124,1
DA:125,1
DA:126,1
DA:127,1
DA:128,1
DA:129,1
DA:130,1
DA:131,1
DA:132,1
DA:133,1
DA:134,1
DA:135,1
DA:136,1
DA:137,1
DA:138,1
LF:138
LH:138
BRF:0
BRH:0
end_of_record

TN:
SF:src/lib/sheets/card-schema.ts

FNF:0
FNH:0

DA:1,1
DA:2,1
DA:3,1
DA:4,1
DA:5,1
DA:6,1
DA:7,1
DA:8,1
DA:9,1
DA:10,1
DA:11,1
DA:12,1
DA:13,1
DA:14,1
DA:15,1
DA:16,1
DA:17,1
DA:18,1
DA:19,1
DA:20,1
DA:21,1
DA:22,1
DA:23,1
DA:24,1
DA:25,1
DA:26,1
DA:27,1
DA:28,1
DA:29,1
DA:30,1
DA:31,1
DA:32,1
DA:33,1
DA:34,1
DA:35,1
DA:36,1
DA:37,1
DA:38,1
DA:39,1
DA:40,1
DA:41,1
DA:42,1
DA:43,1
DA:44,1
DA:45,1
DA:46,1
DA:47,1
DA:48,1
DA:49,1
DA:50,1
DA:51,1
DA:52,1
DA:53,1
DA:54,1
DA:55,1
DA:56,1
DA:57,1
DA:58,1
DA:59,1
DA:60,1
DA:61,1
DA:62,1
DA:63,1
DA:64,1
DA:65,1
DA:66,1
LF:66
LH:66
BRF:0
BRH:0
end_of_record

TN:
SF:src/lib/sheets/csv-import-pipeline.ts
FNF:0
FNH:0
DA:1,1
DA:2,1
DA:3,1
DA:4,1
DA:5,1
DA:6,1
DA:7,1
DA:8,1
DA:9,1
DA:10,1
DA:11,1
DA:12,1
DA:13,1
DA:14,1
DA:15,1
DA:16,1
DA:17,1
DA:18,1
DA:19,1
DA:20,1
DA:21,1
DA:22,1
DA:23,1
DA:24,1
DA:25,1
DA:26,1
DA:27,1
DA:28,1
DA:29,1
DA:30,1
DA:31,1
DA:32,1
DA:33,1
DA:34,1
DA:35,1
DA:36,1
DA:37,1
DA:38,1
DA:39,1
DA:40,1
DA:41,1
DA:42,1
DA:43,1
DA:44,1
DA:45,1
DA:46,1
DA:47,1
DA:48,1
DA:49,1
DA:50,1
DA:51,1
DA:52,1
DA:53,1
DA:54,1
DA:55,1
DA:56,1
DA:57,1
DA:58,1
DA:59,1
DA:60,1
DA:61,1
DA:62,1
DA:63,1
DA:64,1
DA:65,1
DA:66,1
DA:67,1
DA:68,1
DA:69,1
DA:70,1
DA:71,1
LF:71
LH:71
BRF:0
BRH:0
end_of_record

TN:
SF:src/lib/sheets/dedup.ts

FNF:0
FNH:0

DA:1,0
DA:2,0
DA:3,0
DA:4,0
DA:5,0
DA:6,0
DA:7,0
DA:8,0
DA:9,0
DA:10,0
DA:11,0
DA:12,0
DA:13,0
DA:14,0
DA:15,0
DA:16,0
DA:17,0
DA:18,0
DA:19,0
DA:20,0
DA:21,0
DA:22,0
DA:23,0
DA:24,0
DA:25,0
DA:26,0
DA:27,0
DA:28,0
DA:29,0
DA:30,0
DA:31,0
DA:32,0
DA:33,0
DA:34,0
DA:35,0
DA:36,0
DA:37,0
DA:38,0
DA:39,0
DA:40,0
DA:41,0
LF:41
LH:0
BRDA:1,0,0,0
BRF:1
BRH:0
end_of_record

TN:
SF:src/lib/sheets/extract-cards.ts







FNF:0
FNH:0







DA:1,1
DA:2,1
DA:3,1
DA:4,1
DA:5,1
DA:6,1
DA:7,1
DA:8,1
DA:9,1
DA:10,1
DA:11,1
DA:12,1
DA:13,1
DA:14,1
DA:15,1
DA:16,1
DA:17,1
DA:18,1
DA:19,1
DA:20,1
DA:21,1
DA:22,1
DA:23,1
DA:24,1
DA:25,1
DA:26,1
DA:27,1
DA:28,1
DA:29,1
DA:30,1
DA:31,1
DA:32,1
DA:33,1
DA:34,1
DA:35,1
DA:36,1
DA:37,1
DA:38,1
DA:39,1
DA:40,1
DA:41,1
DA:42,1
DA:43,1
DA:44,1
DA:45,1
DA:46,1
DA:47,1
DA:48,1
DA:49,1
DA:50,1
DA:51,1
DA:52,1
DA:53,1
DA:54,1
DA:55,1
DA:56,1
DA:57,1
DA:58,1
DA:59,1
DA:60,1
DA:61,1
DA:62,1
DA:63,1
DA:64,1
DA:65,1
DA:66,1
DA:67,1
DA:68,1
DA:69,1
DA:70,1
DA:71,1
DA:72,1
DA:73,1
DA:74,1
DA:75,1
DA:76,1
DA:77,1
DA:78,1
DA:79,1
DA:80,1
DA:81,1
DA:82,1
DA:83,1
DA:84,1
DA:85,1
DA:86,1
DA:87,1
DA:88,1
DA:89,1
DA:90,1
DA:91,1
DA:92,1
DA:93,1
DA:94,1
DA:95,1
DA:96,1
DA:97,1
DA:98,1
DA:99,1
DA:100,1
DA:101,1
DA:102,1
DA:103,1
DA:104,1
DA:105,1
DA:106,1
DA:107,1
DA:108,1
DA:109,1
DA:110,1
DA:111,1
DA:112,1
DA:113,1
DA:114,1
DA:115,1
DA:116,1
DA:117,1
DA:118,1
DA:119,1
DA:120,1
DA:121,1
DA:122,1
DA:123,1
DA:124,1
DA:125,1
DA:126,1
DA:127,1
DA:128,1
DA:129,1
DA:130,1
DA:131,1
DA:132,1
DA:133,1
DA:134,1
DA:135,1
DA:136,1
DA:137,1
DA:138,1
DA:139,1
DA:140,1
DA:141,1
DA:142,1
DA:143,1
DA:144,1
DA:145,1
DA:146,1
DA:147,1
DA:148,1
DA:149,1
DA:150,1
DA:151,1
DA:152,1
DA:153,1
DA:154,1
DA:155,1
DA:156,1
DA:157,1
DA:158,1
DA:159,1
DA:160,1
DA:161,1
DA:162,1
DA:163,1
DA:164,1
DA:165,0
DA:166,0
DA:167,0
DA:168,0
DA:169,0
DA:170,0
DA:171,0
DA:172,0
DA:173,0
DA:174,0
DA:175,0
DA:176,0
DA:177,0
DA:178,0
DA:179,0
DA:180,0
DA:181,0
DA:182,0
DA:183,0
DA:184,0
DA:185,0
DA:186,0
DA:187,0
DA:188,0
DA:189,0
DA:190,0
DA:191,0
DA:192,0
DA:193,0
DA:194,0
DA:195,0
DA:196,0
DA:197,0
DA:198,0
DA:199,0
DA:200,0
DA:201,0
DA:202,0
DA:203,0
DA:204,0
DA:205,0
DA:206,0
DA:207,0
DA:208,0
DA:209,0
DA:210,0
DA:211,0
DA:212,0
DA:213,0
DA:214,0
DA:215,0
DA:216,0
DA:217,0
DA:218,0
DA:219,0
DA:220,0
DA:221,0
DA:222,0
DA:223,0
DA:224,0
DA:225,0
DA:226,0
DA:227,0
LF:227
LH:164
BRDA:195,0,0,3
BRDA:195,1,0,1
BRF:2
BRH:2
end_of_record

TN:
SF:src/lib/sheets/fetch-csv.ts



FNF:0
FNH:0



DA:1,1
DA:2,1
DA:3,1
DA:4,1
DA:5,1
DA:6,1
DA:7,1
DA:8,1
DA:9,1
DA:10,1
DA:11,1
DA:12,1
DA:13,1
DA:14,1
DA:15,1
DA:16,1
DA:17,1
DA:18,1
DA:19,1
DA:20,1
DA:21,0
DA:22,0
DA:23,0
DA:24,0
DA:25,0
DA:26,0
DA:27,1
DA:28,1
DA:29,1
DA:30,1
DA:31,1
DA:32,1
DA:33,1
DA:34,1
DA:35,1
DA:36,1
DA:37,1
DA:38,1
DA:39,0
DA:40,0
DA:41,0
DA:42,0
DA:43,0
DA:44,0
DA:45,0
DA:46,0
DA:47,0
DA:48,0
DA:49,0
DA:50,0
DA:51,0
DA:52,0
DA:53,0
DA:54,0
DA:55,0
DA:56,0
DA:57,0
DA:58,0
DA:59,0
DA:60,0
DA:61,0
DA:62,0
DA:63,0
DA:64,0
DA:65,0
DA:66,0
DA:67,0
DA:68,0
DA:69,0
DA:70,0
DA:71,0
DA:72,0
DA:73,0
DA:74,0
DA:75,0
DA:76,0
DA:77,0
DA:78,0
DA:79,0
DA:80,0
DA:81,0
DA:82,0
DA:83,0
DA:84,0
DA:85,0
DA:86,0
DA:87,0
DA:88,0
DA:89,0
DA:90,0
DA:91,0
LF:91
LH:32
BRDA:19,0,0,0
BRF:1
BRH:0
end_of_record

TN:
SF:src/lib/sheets/file-import-pipeline.ts
FNF:0
FNH:0
DA:1,1
DA:2,1
DA:3,1
DA:4,1
DA:5,1
DA:6,1
DA:7,1
DA:8,1
DA:9,1
DA:10,1
DA:11,1
DA:12,1
DA:13,1
DA:14,1
DA:15,1
DA:16,1
DA:17,1
DA:18,1
DA:19,1
DA:20,1
DA:21,1
DA:22,1
DA:23,1
DA:24,1
DA:25,1
DA:26,1
DA:27,1
DA:28,1
DA:29,1
DA:30,1
DA:31,1
DA:32,1
DA:33,1
DA:34,1
DA:35,1
DA:36,1
DA:37,1
DA:38,1
DA:39,1
DA:40,1
DA:41,1
DA:42,1
DA:43,1
DA:44,1
DA:45,1
DA:46,1
DA:47,1
DA:48,1
DA:49,1
DA:50,1
DA:51,1
DA:52,1
DA:53,1
DA:54,1
DA:55,1
DA:56,1
DA:57,1
DA:58,1
DA:59,1
DA:60,1
DA:61,1
DA:62,1
DA:63,1
DA:64,1
DA:65,1
DA:66,1
DA:67,1
DA:68,1
LF:68
LH:68
BRF:0
BRH:0
end_of_record

TN:
SF:src/lib/sheets/import-pipeline.ts
FNF:0
FNH:0
DA:1,1
DA:2,1
DA:3,1
DA:4,1
DA:5,1
DA:6,1
DA:7,1
DA:8,1
DA:9,1
DA:10,1
DA:11,1
DA:12,1
DA:13,1
DA:14,1
DA:15,1
DA:16,1
DA:17,1
DA:18,1
DA:19,1
DA:20,1
DA:21,1
DA:22,1
DA:23,1
DA:24,1
DA:25,1
DA:26,1
DA:27,1
DA:28,1
DA:29,1
DA:30,1
DA:31,1
DA:32,1
DA:33,1
DA:34,1
DA:35,1
DA:36,1
DA:37,1
DA:38,1
DA:39,1
DA:40,1
DA:41,1
DA:42,1
DA:43,1
DA:44,1
DA:45,1
DA:46,1
DA:47,1
DA:48,1
DA:49,1
DA:50,1
DA:51,1
DA:52,1
DA:53,1
DA:54,1
DA:55,1
DA:56,1
DA:57,1
DA:58,1
DA:59,1
DA:60,1
DA:61,1
DA:62,1
DA:63,1
DA:64,1
DA:65,1
DA:66,1
DA:67,1
DA:68,1
DA:69,1
DA:70,1
DA:71,1
DA:72,1
DA:73,1
DA:74,1
DA:75,1
DA:76,1
DA:77,1
DA:78,1
DA:79,1
DA:80,1
DA:81,1
LF:81
LH:81
BRF:0
BRH:0
end_of_record

TN:
SF:src/lib/sheets/parse-url.ts
FNF:0
FNH:0
DA:1,1
DA:2,1
DA:3,1
DA:4,1
DA:5,1
DA:6,1
DA:7,1
DA:8,1
DA:9,1
DA:10,1
DA:11,1
DA:12,1
DA:13,1
DA:14,1
DA:15,1
DA:16,1
DA:17,1
DA:18,1
DA:19,1
DA:20,1
DA:21,1
DA:22,1
DA:23,1
DA:24,1
DA:25,1
DA:26,1
DA:27,1
DA:28,1
DA:29,1
DA:30,1
DA:31,1
DA:32,1
DA:33,1
DA:34,1
LF:34
LH:34
BRF:0
BRH:0
end_of_record

TN:
SF:src/lib/sheets/prompt.ts
FNF:0
FNH:0
DA:1,1
DA:2,1
DA:3,1
DA:4,1
DA:5,1
DA:6,1
DA:7,1
DA:8,1
DA:9,1
DA:10,1
DA:11,1
DA:12,1
DA:13,1
DA:14,1
DA:15,1
DA:16,1
DA:17,1
DA:18,1
DA:19,1
DA:20,1
DA:21,1
DA:22,1
DA:23,1
DA:24,1
DA:25,1
DA:26,1
DA:27,1
DA:28,1
DA:29,1
DA:30,1
DA:31,1
DA:32,1
DA:33,1
DA:34,1
DA:35,1
DA:36,1
DA:37,1
DA:38,1
DA:39,1
DA:40,1
DA:41,1
DA:42,1
DA:43,1
DA:44,1
DA:45,1
DA:46,1
DA:47,1
DA:48,1
DA:49,1
DA:50,1
DA:51,1
DA:52,1
DA:53,1
DA:54,1
DA:55,1
DA:56,1
DA:57,1
DA:58,1
DA:59,1
DA:60,1
DA:61,1
DA:62,1
DA:63,1
DA:64,1
DA:65,1
DA:66,1
DA:67,1
DA:68,1
DA:69,1
DA:70,1
DA:71,1
DA:72,1
DA:73,1
DA:74,1
DA:75,1
DA:76,1
DA:77,1
DA:78,1
DA:79,1
DA:80,1
DA:81,1
DA:82,1
DA:83,1
DA:84,1
DA:85,1
DA:86,1
DA:87,1
DA:88,1
DA:89,1
DA:90,1
DA:91,1
DA:92,1
DA:93,1
DA:94,1
DA:95,1
DA:96,1
DA:97,1
DA:98,1
DA:99,1
DA:100,1
DA:101,1
DA:102,1
DA:103,1
DA:104,1
DA:105,1
DA:106,1
DA:107,1
DA:108,1
DA:109,1
DA:110,1
DA:111,1
DA:112,1
DA:113,1
DA:114,1
DA:115,1
DA:116,1
DA:117,1
DA:118,1
DA:119,1
DA:120,1
DA:121,1
DA:122,1
DA:123,1
DA:124,1
DA:125,1
DA:126,1
DA:127,1
DA:128,1
DA:129,1
DA:130,1
DA:131,1
DA:132,1
DA:133,1
DA:134,1
DA:135,1
DA:136,1
DA:137,1
DA:138,1
DA:139,1
DA:140,1
DA:141,1
DA:142,1
DA:143,1
DA:144,1
DA:145,1
DA:146,1
DA:147,1
DA:148,1
DA:149,1
DA:150,1
DA:151,1
DA:152,1
DA:153,1
DA:154,1
DA:155,1
DA:156,1
DA:157,1
LF:157
LH:157
BRF:0
BRH:0
end_of_record

TN:
SF:src/lib/sheets/types.ts

FNF:0
FNH:0

DA:1,0
DA:2,0
DA:3,0
DA:4,0
DA:5,0
DA:6,0
DA:7,0
DA:8,0
DA:9,0
DA:10,0
DA:11,0
DA:12,0
DA:13,0
DA:14,0
DA:15,0
DA:16,0
DA:17,0
DA:18,0
DA:19,0
DA:20,0
DA:21,0
DA:22,0
DA:23,0
DA:24,0
DA:25,0
LF:25
LH:0
BRDA:1,0,0,0
BRF:1
BRH:0
end_of_record

TN:
SF:src/lib/sheets/url-validation.ts

FNF:0
FNH:0

DA:1,1
DA:2,1
DA:3,1
DA:4,1
DA:5,1
DA:6,1
DA:7,1
DA:8,1
DA:9,1
DA:10,1
DA:11,1
DA:12,1
DA:13,1
DA:14,1
DA:15,1
DA:16,1
DA:17,1
DA:18,1
DA:19,1
DA:20,1
DA:21,1
DA:22,1
DA:23,1
DA:24,1
DA:25,1
DA:26,1
DA:27,1
DA:28,1
DA:29,1
DA:30,1
DA:31,1
DA:32,1
DA:33,1
DA:34,1
DA:35,1
DA:36,1
DA:37,1
DA:38,1
DA:39,1
DA:40,1
DA:41,1
DA:42,1
DA:43,1
DA:44,1
DA:45,1
DA:46,1
DA:47,1
DA:48,1
DA:49,1
DA:50,1
DA:51,1
DA:52,1
DA:53,1
DA:54,1
DA:55,1
DA:56,1
DA:57,1
DA:58,1
DA:59,1
DA:60,1
DA:61,1
DA:62,1
DA:63,1
DA:64,1
DA:65,1
DA:66,1
DA:67,1
DA:68,1
DA:69,1
DA:70,1
DA:71,1
DA:72,1
DA:73,1
DA:74,1
DA:75,1
DA:76,1
DA:77,1
DA:78,0
DA:79,0
DA:80,0
DA:81,0
DA:82,0
DA:83,0
DA:84,0
DA:85,0
DA:86,0
DA:87,0
DA:88,0
DA:89,0
DA:90,0
DA:91,0
DA:92,0
DA:93,0
DA:94,0
DA:95,0
DA:96,0
DA:97,0
DA:98,0
DA:99,0
DA:100,0
DA:101,0
DA:102,0
DA:103,0
DA:104,0
DA:105,0
DA:106,0
DA:107,0
DA:108,0
DA:109,0
DA:110,0
DA:111,0
DA:112,0
DA:113,0
DA:114,0
DA:115,0
DA:116,0
DA:117,0
DA:118,0
DA:119,0
DA:120,0
DA:121,0
DA:122,0
LF:122
LH:77
BRF:0
BRH:0
end_of_record

TN:
SF:src/lib/stripe/api.ts

FNF:0
FNH:0

DA:1,1
DA:2,1
DA:3,1
DA:4,1
DA:5,1
DA:6,1
DA:7,1
DA:8,1
DA:9,1
DA:10,1
DA:11,1
DA:12,1
DA:13,1
DA:14,1
DA:15,1
DA:16,1
DA:17,1
DA:18,1
DA:19,1
DA:20,1
DA:21,1
DA:22,1
DA:23,1
DA:24,1
DA:25,1
DA:26,1
DA:27,1
DA:28,1
DA:29,1
DA:30,1
DA:31,1
DA:32,1
DA:33,1
DA:34,1
DA:35,1
DA:36,1
DA:37,1
DA:38,1
DA:39,1
DA:40,1
DA:41,1
DA:42,1
DA:43,1
DA:44,1
DA:45,1
DA:46,1
DA:47,1
DA:48,1
DA:49,1
DA:50,1
DA:51,1
DA:52,1
DA:53,1
DA:54,1
DA:55,1
DA:56,1
DA:57,1
DA:58,1
DA:59,1
DA:60,1
DA:61,1
DA:62,1
DA:63,1
DA:64,1
DA:65,1
DA:66,1
DA:67,1
DA:68,1
DA:69,1
DA:70,0
DA:71,0
DA:72,0
DA:73,0
DA:74,0
DA:75,0
DA:76,0
DA:77,1
LF:77
LH:70
BRF:0
BRH:0
end_of_record

TN:
SF:src/lib/stripe/types.ts
FNF:0
FNH:0
DA:1,2
DA:2,2
DA:3,2
DA:4,2
DA:5,2
DA:6,2
DA:7,2
DA:8,2
DA:9,2
DA:10,2
DA:11,2
DA:12,2
DA:13,2
DA:14,2
DA:15,2
DA:16,2
DA:17,2
DA:18,2
DA:19,2
DA:20,2
DA:21,2
DA:22,2
DA:23,2
DA:24,2
DA:25,2
DA:26,2
DA:27,2
DA:28,2
DA:29,2
DA:30,2
DA:31,2
DA:32,2
DA:33,2
DA:34,2
DA:35,2
DA:36,2
DA:37,2
DA:38,2
DA:39,2
DA:40,2
DA:41,2
DA:42,2
DA:43,2
DA:44,2
DA:45,2
DA:46,2
DA:47,2
DA:48,2
DA:49,2
DA:50,2
DA:51,2
DA:52,2
DA:53,2
DA:54,2
DA:55,2
DA:56,2
DA:57,2
DA:58,2
DA:59,2
DA:60,2
DA:61,2
DA:62,2
DA:63,2
DA:64,2
DA:65,2
DA:66,2
DA:67,2
DA:68,2
DA:69,2
DA:70,2
DA:71,2
DA:72,2
DA:73,2
DA:74,2
DA:75,2
DA:76,2
DA:77,2
DA:78,2
DA:79,2
DA:80,2
DA:81,2
DA:82,2
DA:83,2
DA:84,2
DA:85,2
DA:86,2
DA:87,2
DA:88,2
DA:89,2
DA:90,2
DA:91,2
DA:92,2
DA:93,2
DA:94,2
DA:95,2
DA:96,2
DA:97,2
DA:98,2
DA:99,2
DA:100,2
DA:101,2
DA:102,2
DA:103,2
DA:104,2
DA:105,2
DA:106,2
DA:107,2
DA:108,2
DA:109,2
DA:110,2
DA:111,2
DA:112,2
DA:113,2
DA:114,2
DA:115,2
DA:116,2
DA:117,2
DA:118,2
LF:118
LH:118
BRF:0
BRH:0
end_of_record

TN:
SF:src/lib/stripe/webhook.ts




FNF:0
FNH:0




DA:1,2
DA:2,2
DA:3,2
DA:4,2
DA:5,2
DA:6,2
DA:7,2
DA:8,2
DA:9,2
DA:10,2
DA:11,2
DA:12,2
DA:13,2
DA:14,2
DA:15,2
DA:16,2
DA:17,1
DA:18,1
DA:19,1
DA:20,1
DA:21,1
DA:22,1
DA:23,1
DA:24,1
DA:25,1
DA:26,1
DA:27,1
DA:28,1
DA:29,1
DA:30,0
DA:31,0
DA:32,0
DA:33,0
DA:34,0
DA:35,0
DA:36,0
DA:37,0
DA:38,0
DA:39,0
DA:40,0
DA:41,0
DA:42,0
DA:43,0
DA:44,0
DA:45,0
DA:46,0
DA:47,0
DA:48,0
DA:49,0
DA:50,0
DA:51,0
DA:52,0
DA:53,0
DA:54,0
DA:55,0
DA:56,0
DA:57,0
DA:58,0
DA:59,0
DA:60,1
DA:61,1
DA:62,1
DA:63,1
DA:64,1
DA:65,1
DA:66,1
DA:67,1
DA:68,0
DA:69,0
DA:70,0
DA:71,0
DA:72,0
DA:73,0
DA:74,0
DA:75,0
DA:76,0
DA:77,0
DA:78,0
DA:79,1
DA:80,1
DA:81,1
DA:82,1
DA:83,1
DA:84,1
DA:85,1
DA:86,1
DA:87,1
DA:88,0
DA:89,0
DA:90,0
DA:91,0
DA:92,0
DA:93,0
DA:94,0
DA:95,0
DA:96,0
DA:97,0
DA:98,0
DA:99,0
DA:100,0
DA:101,0
DA:102,0
DA:103,0
DA:104,0
DA:105,0
DA:106,0
DA:107,0
DA:108,0
DA:109,0
DA:110,0
DA:111,0
DA:112,0
DA:113,0
DA:114,0
DA:115,0
DA:116,0
DA:117,0
DA:118,0
DA:119,0
DA:120,0
DA:121,0
DA:122,0
DA:123,0
LF:123
LH:46
BRF:0
BRH:0
end_of_record

TN:
SF:src/lib/sync/migration.ts


FNF:0
FNH:0


DA:1,1
DA:2,1
DA:3,1
DA:4,1
DA:5,1
DA:6,1
DA:7,1
DA:8,1
DA:9,1
DA:10,1
DA:11,1
DA:12,1
DA:13,1
DA:14,1
DA:15,1
DA:16,1
DA:17,1
DA:18,1
DA:19,1
DA:20,1
DA:21,1
DA:22,1
DA:23,1
DA:24,1
DA:25,1
DA:26,1
DA:27,1
DA:28,1
DA:29,1
DA:30,1
DA:31,1
DA:32,1
DA:33,1
DA:34,1
DA:35,1
DA:36,1
DA:37,1
DA:38,1
DA:39,1
DA:40,1
DA:41,1
DA:42,1
DA:43,1
DA:44,1
DA:45,1
DA:46,1
DA:47,1
DA:48,1
DA:49,1
DA:50,1
DA:51,1
DA:52,1
DA:53,1
DA:54,1
DA:55,1
DA:56,1
DA:57,1
DA:58,1
DA:59,1
DA:60,1
DA:61,1
DA:62,1
DA:63,1
DA:64,1
DA:65,1
DA:66,1
DA:67,1
DA:68,0
DA:69,0
DA:70,0
DA:71,0
DA:72,0
DA:73,0
DA:74,0
DA:75,1
DA:76,1
DA:77,1
DA:78,1
DA:79,1
DA:80,1
DA:81,1
DA:82,1
DA:83,1
DA:84,1
DA:85,1
DA:86,1
DA:87,1
DA:88,1
DA:89,1
DA:90,1
DA:91,1
DA:92,1
DA:93,1
DA:94,1
DA:95,1
DA:96,1
DA:97,1
DA:98,1
DA:99,1
DA:100,1
DA:101,1
DA:102,1
DA:103,1
DA:104,1
DA:105,1
DA:106,1
DA:107,1
DA:108,1
DA:109,0
DA:110,0
DA:111,0
DA:112,0
DA:113,0
DA:114,0
DA:115,0
DA:116,0
DA:117,0
DA:118,0
DA:119,0
DA:120,0
DA:121,0
DA:122,0
DA:123,0
DA:124,0
DA:125,0
DA:126,0
DA:127,0
DA:128,0
DA:129,0
DA:130,0
DA:131,0
DA:132,0
DA:133,0
DA:134,0
DA:135,0
DA:136,0
DA:137,0
DA:138,0
DA:139,0
DA:140,0
DA:141,0
DA:142,0
DA:143,0
DA:144,0
DA:145,0
DA:146,0
DA:147,0
DA:148,0
DA:149,0
DA:150,0
DA:151,0
DA:152,0
DA:153,0
DA:154,0
DA:155,0
DA:156,0
DA:157,0
DA:158,0
DA:159,0
DA:160,0
DA:161,0
DA:162,1
DA:163,1
DA:164,1
DA:165,1
DA:166,1
DA:167,1
DA:168,1
DA:169,1
DA:170,1
DA:171,1
DA:172,1
DA:173,1
DA:174,1
DA:175,1
DA:176,1
DA:177,1
DA:178,1
DA:179,1
DA:180,1
DA:181,1
DA:182,1
DA:183,1
DA:184,1
DA:185,1
DA:186,1
DA:187,1
DA:188,1
DA:189,1
DA:190,1
LF:190
LH:130
BRF:0
BRH:0
end_of_record

TN:
SF:src/lib/sync/sync-engine.ts

FNF:0
FNH:0

DA:1,1
DA:2,1
DA:3,1
DA:4,1
DA:5,1
DA:6,1
DA:7,1
DA:8,1
DA:9,1
DA:10,1
DA:11,1
DA:12,1
DA:13,1
DA:14,1
DA:15,1
DA:16,1
DA:17,1
DA:18,1
DA:19,1
DA:20,1
DA:21,1
DA:22,1
DA:23,1
DA:24,1
DA:25,1
DA:26,1
DA:27,1
DA:28,1
DA:29,1
DA:30,0
DA:31,0
DA:32,0
DA:33,0
DA:34,1
DA:35,1
DA:36,1
DA:37,1
DA:38,1
DA:39,1
DA:40,1
DA:41,1
DA:42,1
DA:43,1
DA:44,1
DA:45,1
DA:46,1
DA:47,1
DA:48,1
DA:49,1
DA:50,1
DA:51,1
DA:52,1
DA:53,1
DA:54,1
DA:55,1
DA:56,1
DA:57,1
DA:58,1
DA:59,1
DA:60,1
DA:61,1
DA:62,1
DA:63,1
DA:64,1
DA:65,1
DA:66,1
DA:67,1
DA:68,1
DA:69,1
DA:70,1
DA:71,1
DA:72,1
DA:73,1
DA:74,1
DA:75,1
DA:76,1
DA:77,1
DA:78,1
DA:79,1
DA:80,1
DA:81,1
DA:82,1
DA:83,1
DA:84,1
DA:85,1
DA:86,1
DA:87,1
DA:88,1
DA:89,1
DA:90,1
DA:91,1
DA:92,1
DA:93,1
DA:94,1
DA:95,1
DA:96,1
DA:97,1
DA:98,1
DA:99,1
DA:100,1
DA:101,1
DA:102,1
DA:103,1
DA:104,1
DA:105,1
DA:106,1
DA:107,1
DA:108,1
DA:109,1
DA:110,1
DA:111,1
DA:112,1
DA:113,1
DA:114,1
DA:115,1
DA:116,1
DA:117,1
DA:118,1
DA:119,1
DA:120,1
DA:121,1
DA:122,1
DA:123,1
DA:124,1
DA:125,1
DA:126,1
DA:127,1
DA:128,1
DA:129,1
DA:130,1
DA:131,1
DA:132,1
DA:133,1
DA:134,1
DA:135,1
DA:136,1
DA:137,1
DA:138,1
DA:139,1
DA:140,1
DA:141,1
DA:142,1
DA:143,1
DA:144,1
DA:145,1
DA:146,1
DA:147,1
DA:148,1
DA:149,1
DA:150,1
DA:151,1
DA:152,1
DA:153,1
DA:154,1
DA:155,1
DA:156,1
DA:157,1
DA:158,1
DA:159,1
DA:160,1
DA:161,1
DA:162,1
DA:163,1
DA:164,1
DA:165,1
DA:166,1
DA:167,1
DA:168,1
DA:169,1
LF:169
LH:165
BRF:0
BRH:0
end_of_record