TN:
SF:src/middleware.ts
FN:38,middleware
FNF:1
FNH:1
FNDA:11,middleware
DA:39,11
DA:53,11
DA:54,11
DA:56,11
DA:59,11
DA:67,11
DA:68,11
DA:69,10
DA:72,11
DA:80,1
LF:10
LH:10
BRDA:68,0,0,10
BRDA:68,0,1,1
BRF:2
BRH:2
end_of_record
TN:
SF:src/app/layout.tsx
FN:84,RootLayout
FNF:1
FNH:0
FNDA:0,RootLayout
DA:37,0
DA:44,0
DA:51,0
DA:58,0
DA:67,0
DA:89,0
LF:6
LH:0
BRDA:123,0,0,0
BRDA:123,0,1,0
BRF:2
BRH:0
end_of_record
TN:
SF:src/app/(marketing)/layout.tsx
FN:24,MarketingLayout
FNF:1
FNH:0
FNDA:0,MarketingLayout
DA:25,0
LF:1
LH:0
BRF:0
BRH:0
end_of_record
TN:
SF:src/app/(marketing)/page.tsx
FN:33,HeroSection
FN:171,ChainsSection
FN:191,(anonymous_2)
FN:272,FeaturesSection
FN:292,(anonymous_4)
FN:310,DataSafetySection
FN:372,OnboardingSection
FN:394,(anonymous_7)
FN:439,FinalCtaSection
FN:473,MarketingHomePage
FNF:10
FNH:0
FNDA:0,HeroSection
FNDA:0,ChainsSection
FNDA:0,(anonymous_2)
FNDA:0,FeaturesSection
FNDA:0,(anonymous_4)
FNDA:0,DataSafetySection
FNDA:0,OnboardingSection
FNDA:0,(anonymous_7)
FNDA:0,FinalCtaSection
FNDA:0,MarketingHomePage
DA:23,0
DA:25,0
DA:34,0
DA:146,0
DA:172,0
DA:192,0
DA:228,0
DA:273,0
DA:293,0
DA:311,0
DA:345,0
DA:373,0
DA:395,0
DA:440,0
DA:474,0
LF:15
LH:0
BRDA:417,0,0,0
BRDA:417,0,1,0
BRDA:423,1,0,0
BRDA:423,1,1,0
BRF:4
BRH:0
end_of_record
TN:
SF:src/app/(marketing)/about/page.tsx
FN:227,AnimatedSection
FN:254,SectionHeading
FN:292,DualRealmPortrait
FN:302,(anonymous_3)
FN:303,(anonymous_4)
FN:349,HoverOverlay
FN:369,RealmBadge
FN:408,RealmLore
FN:462,AgentMythRow
FN:545,OriginHeroSection
FN:640,WhyTheWolfSection
FN:735,TheMythWithAgentsSection
FN:768,(anonymous_12)
FN:807,TheForgeSection
FN:822,(anonymous_14)
FN:896,FinalCtaSection
FN:944,AboutPage
FNF:17
FNH:0
FNDA:0,AnimatedSection
FNDA:0,SectionHeading
FNDA:0,DualRealmPortrait
FNDA:0,(anonymous_3)
FNDA:0,(anonymous_4)
FNDA:0,HoverOverlay
FNDA:0,RealmBadge
FNDA:0,RealmLore
FNDA:0,AgentMythRow
FNDA:0,OriginHeroSection
FNDA:0,WhyTheWolfSection
FNDA:0,TheMythWithAgentsSection
FNDA:0,(anonymous_12)
FNDA:0,TheForgeSection
FNDA:0,(anonymous_14)
FNDA:0,FinalCtaSection
FNDA:0,AboutPage
DA:27,0
DA:34,0
DA:39,0
DA:51,0
DA:75,0
DA:169,0
DA:177,0
DA:186,0
DA:191,0
DA:197,0
DA:203,0
DA:209,0
DA:214,0
DA:219,0
DA:236,0
DA:237,0
DA:239,0
DA:263,0
DA:297,0
DA:298,0
DA:299,0
DA:300,0
DA:302,0
DA:303,0
DA:305,0
DA:307,0
DA:308,0
DA:320,0
DA:350,0
DA:358,0
DA:370,0
DA:371,0
DA:373,0
DA:415,0
DA:416,0
DA:418,0
DA:469,0
DA:470,0
DA:471,0
DA:473,0
DA:546,0
DA:547,0
DA:549,0
DA:641,0
DA:736,0
DA:769,0
DA:808,0
DA:823,0
DA:897,0
DA:898,0
DA:900,0
DA:945,0
LF:52
LH:0
BRDA:229,0,0,0
BRDA:243,1,0,0
BRDA:243,1,1,0
BRDA:277,2,0,0
BRDA:277,2,1,0
BRDA:305,3,0,0
BRDA:305,3,1,0
BRDA:307,4,0,0
BRDA:307,4,1,0
BRDA:329,5,0,0
BRDA:329,5,1,0
BRDA:340,6,0,0
BRDA:340,6,1,0
BRDA:382,7,0,0
BRDA:382,7,1,0
BRDA:395,8,0,0
BRDA:395,8,1,0
BRDA:424,9,0,0
BRDA:424,9,1,0
BRDA:442,10,0,0
BRDA:442,10,1,0
BRDA:477,11,0,0
BRDA:477,11,1,0
BRDA:478,12,0,0
BRDA:478,12,1,0
BRDA:481,13,0,0
BRDA:481,13,1,0
BRDA:553,14,0,0
BRDA:553,14,1,0
BRDA:773,15,0,0
BRDA:773,15,1,0
BRDA:790,16,0,0
BRDA:790,16,1,0
BRDA:790,16,2,0
BRDA:845,17,0,0
BRDA:845,17,1,0
BRDA:904,18,0,0
BRDA:904,18,1,0
BRF:38
BRH:0
end_of_record
TN:
SF:src/app/(marketing)/chronicles/page.tsx
FN:29,formatDate
FN:41,ChroniclesIndexPage
FN:60,(anonymous_2)
FNF:3
FNH:0
FNDA:0,formatDate
FNDA:0,ChroniclesIndexPage
FNDA:0,(anonymous_2)
DA:19,0
DA:21,0
DA:30,0
DA:31,0
DA:42,0
DA:44,0
DA:61,0
LF:7
LH:0
BRDA:75,0,0,0
BRDA:75,0,1,0
BRDA:95,1,0,0
BRDA:95,1,1,0
BRF:4
BRH:0
end_of_record
TN:
SF:src/app/(marketing)/chronicles/[slug]/page.tsx
FN:35,generateStaticParams
FN:36,(anonymous_1)
FN:41,generateMetadata
FN:57,formatDate
FN:77,dedentHtml
FN:80,(anonymous_5)
FN:92,stripInlineHeader
FN:110,stripInlineFooter
FN:119,ChronicleDetailPage
FN:130,(anonymous_9)
FNF:10
FNH:0
FNDA:0,generateStaticParams
FNDA:0,(anonymous_1)
FNDA:0,generateMetadata
FNDA:0,formatDate
FNDA:0,dedentHtml
FNDA:0,(anonymous_5)
FNDA:0,stripInlineHeader
FNDA:0,stripInlineFooter
FNDA:0,ChronicleDetailPage
FNDA:0,(anonymous_9)
DA:33,0
DA:36,0
DA:46,0
DA:47,0
DA:48,0
DA:49,0
DA:58,0
DA:59,0
DA:78,0
DA:80,0
DA:93,0
DA:111,0
DA:124,0
DA:125,0
DA:126,0
DA:129,0
DA:130,0
DA:131,0
DA:132,0
DA:134,0
LF:20
LH:0
BRDA:48,0,0,0
BRDA:48,0,1,0
BRDA:126,1,0,0
BRDA:126,1,1,0
BRDA:131,2,0,0
BRDA:131,2,1,0
BRDA:132,3,0,0
BRDA:132,3,1,0
BRDA:141,4,0,0
BRDA:141,4,1,0
BRDA:146,5,0,0
BRDA:146,5,1,0
BRDA:154,6,0,0
BRDA:154,6,1,0
BRDA:169,7,0,0
BRDA:169,7,1,0
BRDA:197,8,0,0
BRDA:197,8,1,0
BRF:18
BRH:0
end_of_record
TN:
SF:src/app/(marketing)/faq/FaqAccordion.tsx
FN:31,FaqAccordion
FN:36,(anonymous_1)
FN:48,(anonymous_2)
FNF:3
FNH:0
FNDA:0,FaqAccordion
FNDA:0,(anonymous_1)
FNDA:0,(anonymous_2)
DA:13,0
DA:32,0
DA:34,0
DA:37,0
DA:49,0
LF:5
LH:0
BRF:0
BRH:0
end_of_record
TN:
SF:src/app/(marketing)/faq/page.tsx
FN:33,FaqPage
FNF:1
FNH:0
FNDA:0,FaqPage
DA:23,0
DA:25,0
DA:34,0
LF:3
LH:0
BRF:0
BRH:0
end_of_record
TN:
SF:src/app/(marketing)/features/page.tsx
FN:325,TierBadge
FN:356,FeatureImage
FN:365,FeatureSection
FN:394,(anonymous_3)
FN:444,PageHero
FN:498,ThrallSectionHeading
FN:518,(anonymous_6)
FN:533,UpgradeHook
FN:546,TierDivider
FN:572,SmartImportSafetyCallout
FN:587,DataSafetyTrustSection
FN:619,FinalCta
FN:667,FeaturesPage
FN:673,(anonymous_13)
FN:678,(anonymous_14)
FNF:15
FNH:0
FNDA:0,TierBadge
FNDA:0,FeatureImage
FNDA:0,FeatureSection
FNDA:0,(anonymous_3)
FNDA:0,PageHero
FNDA:0,ThrallSectionHeading
FNDA:0,(anonymous_6)
FNDA:0,UpgradeHook
FNDA:0,TierDivider
FNDA:0,SmartImportSafetyCallout
FNDA:0,DataSafetyTrustSection
FNDA:0,FinalCta
FNDA:0,FeaturesPage
FNDA:0,(anonymous_13)
FNDA:0,(anonymous_14)
DA:33,0
DA:35,0
DA:62,0
DA:128,0
DA:326,0
DA:327,0
DA:339,0
DA:357,0
DA:367,0
DA:395,0
DA:415,0
DA:417,0
DA:445,0
DA:499,0
DA:519,0
DA:534,0
DA:547,0
DA:573,0
DA:588,0
DA:620,0
DA:668,0
DA:674,0
DA:679,0
LF:23
LH:0
BRDA:326,0,0,0
BRDA:326,0,1,0
BRDA:425,1,0,0
BRDA:425,1,1,0
BRF:4
BRH:0
end_of_record
TN:
SF:src/app/(marketing)/free-trial/FreeTrialContent.tsx
FN:134,useFadeInUp
FN:144,HeroSection
FN:232,FeatureShowcase
FN:272,(anonymous_3)
FN:315,TimelineSection
FN:353,(anonymous_5)
FN:408,(anonymous_6)
FN:454,AfterTrialSection
FN:523,(anonymous_8)
FN:610,(anonymous_9)
FN:672,FinalCtaSection
FN:747,FreeTrialContent
FNF:12
FNH:0
FNDA:0,useFadeInUp
FNDA:0,HeroSection
FNDA:0,FeatureShowcase
FNDA:0,(anonymous_3)
FNDA:0,TimelineSection
FNDA:0,(anonymous_5)
FNDA:0,(anonymous_6)
FNDA:0,AfterTrialSection
FNDA:0,(anonymous_8)
FNDA:0,(anonymous_9)
FNDA:0,FinalCtaSection
FNDA:0,FreeTrialContent
DA:15,0
DA:37,0
DA:82,0
DA:106,0
DA:120,0
DA:135,0
DA:136,0
DA:145,0
DA:147,0
DA:233,0
DA:235,0
DA:273,0
DA:316,0
DA:318,0
DA:354,0
DA:409,0
DA:455,0
DA:457,0
DA:524,0
DA:611,0
DA:673,0
DA:675,0
DA:748,0
LF:23
LH:0
BRDA:137,0,0,0
BRDA:137,0,1,0
BRDA:138,1,0,0
BRDA:138,1,1,0
BRDA:358,2,0,0
BRDA:358,2,1,0
BRDA:383,3,0,0
BRDA:383,3,1,0
BRDA:413,4,0,0
BRDA:413,4,1,0
BRDA:438,5,0,0
BRDA:438,5,1,0
BRDA:528,6,0,0
BRDA:528,6,1,0
BRDA:545,7,0,0
BRDA:545,7,1,0
BRF:16
BRH:0
end_of_record
TN:
SF:src/app/(marketing)/free-trial/page.tsx
FN:39,FreeTrialPage
FNF:1
FNH:0
FNDA:0,FreeTrialPage
DA:22,0
DA:24,0
DA:40,0
LF:3
LH:0
BRF:0
BRH:0
end_of_record
TN:
SF:src/app/(marketing)/home/page.tsx
FN:7,HomeRedirectPage
FNF:1
FNH:0
FNDA:0,HomeRedirectPage
DA:8,0
LF:1
LH:0
BRF:0
BRH:0
end_of_record
TN:
SF:src/app/(marketing)/pricing/PricingFaqAccordion.tsx
FN:74,PricingFaqAccordion
FN:77,(anonymous_1)
FNF:2
FNH:0
FNDA:0,PricingFaqAccordion
FNDA:0,(anonymous_1)
DA:17,0
DA:75,0
DA:78,0
DA:92,0
LF:4
LH:0
BRF:0
BRH:0
end_of_record
TN:
SF:src/app/(marketing)/pricing/page.tsx
FN:33,CheckIcon
FN:56,PageHero
FN:78,TierCardsSection
FN:127,(anonymous_3)
FN:144,(anonymous_4)
FN:220,(anonymous_5)
FN:257,ComparisonTableSection
FN:306,(anonymous_7)
FN:327,(anonymous_8)
FN:350,(anonymous_9)
FN:370,(anonymous_10)
FN:390,(anonymous_11)
FN:405,FaqSection
FN:438,FinalCta
FN:486,PricingPage
FNF:15
FNH:0
FNDA:0,CheckIcon
FNDA:0,PageHero
FNDA:0,TierCardsSection
FNDA:0,(anonymous_3)
FNDA:0,(anonymous_4)
FNDA:0,(anonymous_5)
FNDA:0,ComparisonTableSection
FNDA:0,(anonymous_7)
FNDA:0,(anonymous_8)
FNDA:0,(anonymous_9)
FNDA:0,(anonymous_10)
FNDA:0,(anonymous_11)
FNDA:0,FaqSection
FNDA:0,FinalCta
FNDA:0,PricingPage
DA:23,0
DA:25,0
DA:34,0
DA:35,0
DA:44,0
DA:57,0
DA:79,0
DA:128,0
DA:145,0
DA:221,0
DA:258,0
DA:307,0
DA:328,0
DA:351,0
DA:371,0
DA:391,0
DA:406,0
DA:439,0
DA:487,0
LF:19
LH:0
BRDA:34,0,0,0
BRDA:34,0,1,0
BRDA:224,1,0,0
BRDA:224,1,1,0
BRF:4
BRH:0
end_of_record
TN:
SF:src/app/(marketing)/privacy/page.tsx
FN:37,PrivacyPage
FNF:1
FNH:0
FNDA:0,PrivacyPage
DA:13,0
DA:15,0
DA:24,0
DA:27,0
DA:29,0
DA:31,0
DA:33,0
DA:38,0
LF:8
LH:0
BRF:0
BRH:0
end_of_record
TN:
SF:src/app/(marketing)/terms/page.tsx
FN:36,TermsPage
FNF:1
FNH:0
FNDA:0,TermsPage
DA:13,0
DA:15,0
DA:23,0
DA:26,0
DA:28,0
DA:30,0
DA:32,0
DA:37,0
LF:8
LH:0
BRF:0
BRH:0
end_of_record
TN:
SF:src/app/admin/layout.tsx
FN:32,AdminLayout
FN:36,(anonymous_1)
FN:60,(anonymous_2)
FN:120,(anonymous_3)
FN:166,(anonymous_4)
FNF:5
FNH:4
FNDA:18,AdminLayout
FNDA:5,(anonymous_1)
FNDA:10,(anonymous_2)
FNDA:0,(anonymous_3)
FNDA:2,(anonymous_4)
DA:20,1
DA:28,1
DA:33,18
DA:34,18
DA:36,18
DA:37,5
DA:38,5
DA:43,4
DA:44,2
DA:45,2
DA:48,2
DA:49,2
DA:50,2
DA:54,0
DA:56,1
DA:60,18
DA:61,10
DA:63,8
DA:65,2
DA:66,2
DA:67,2
DA:68,2
DA:72,6
DA:73,5
DA:75,1
DA:80,18
DA:81,12
DA:97,6
DA:98,4
DA:120,0
DA:136,2
DA:167,2
LF:32
LH:30
BRDA:43,0,0,2
BRDA:43,0,1,2
BRDA:48,1,0,2
BRDA:48,1,1,0
BRDA:61,2,0,2
BRDA:61,2,1,8
BRDA:63,3,0,2
BRDA:63,3,1,6
BRDA:63,4,0,8
BRDA:63,4,1,6
BRDA:72,5,0,5
BRDA:72,5,1,1
BRDA:80,6,0,12
BRDA:80,6,1,6
BRDA:80,7,0,18
BRDA:80,7,1,8
BRDA:88,8,0,2
BRDA:88,8,1,10
BRDA:97,9,0,4
BRDA:97,9,1,2
BRF:20
BRH:19
end_of_record
TN:
SF:src/app/admin/page.tsx
FN:16,AdminPage
FNF:1
FNH:0
FNDA:0,AdminPage
DA:14,0
DA:17,0
LF:2
LH:0
BRF:0
BRH:0
end_of_record
TN:
SF:src/app/api/admin/pack-status/route.ts
FN:18,GET
FNF:1
FNH:1
FNDA:5,GET
DA:19,5
DA:22,5
DA:23,5
DA:26,4
DA:27,1
DA:30,1
DA:39,3
DA:40,3
DA:42,2
DA:47,2
DA:51,1
DA:52,1
DA:53,1
LF:13
LH:13
BRDA:23,0,0,1
BRDA:23,0,1,4
BRDA:26,1,0,1
BRDA:26,1,1,3
BRDA:51,2,0,1
BRDA:51,2,1,0
BRF:6
BRH:5
end_of_record
TN:
SF:src/app/api/auth/token/route.ts
FN:61,isRefreshRequest
FN:70,isAllowedRedirectUri
FN:83,POST
FNF:3
FNH:3
FNDA:12,isRefreshRequest
FNDA:2,isAllowedRedirectUri
FNDA:8,POST
DA:37,1
DA:47,1
DA:62,12
DA:71,2
DA:72,2
DA:73,2
DA:74,2
DA:75,2
DA:76,2
DA:78,0
DA:79,0
DA:85,8
DA:86,8
DA:89,8
DA:90,8
DA:91,1
DA:92,1
DA:103,7
DA:104,7
DA:106,1
DA:107,1
DA:113,6
DA:114,8
DA:123,8
DA:124,8
DA:126,8
DA:127,0
DA:128,0
DA:129,0
DA:138,6
DA:140,3
DA:141,1
DA:142,1
DA:148,2
DA:156,3
DA:158,3
DA:159,1
DA:160,1
DA:169,2
DA:170,1
DA:171,1
DA:180,1
DA:191,3
DA:193,3
DA:194,3
DA:200,1
DA:201,1
DA:202,1
DA:209,2
DA:210,2
DA:211,0
DA:213,2
DA:214,2
LF:53
LH:47
BRDA:39,0,0,1
BRDA:39,0,1,0
BRDA:41,1,0,1
BRDA:41,1,1,0
BRDA:41,2,0,1
BRDA:41,2,1,1
BRDA:85,3,0,8
BRDA:85,3,1,1
BRDA:90,4,0,1
BRDA:90,4,1,7
BRDA:113,5,0,3
BRDA:113,5,1,3
BRDA:126,6,0,0
BRDA:126,6,1,8
BRDA:126,7,0,8
BRDA:126,7,1,6
BRDA:138,8,0,3
BRDA:138,8,1,3
BRDA:140,9,0,1
BRDA:140,9,1,2
BRDA:158,10,0,1
BRDA:158,10,1,2
BRDA:158,11,0,3
BRDA:158,11,1,3
BRDA:158,11,2,2
BRDA:169,12,0,1
BRDA:169,12,1,1
BRDA:210,13,0,0
BRDA:210,13,1,2
BRF:29
BRH:25
end_of_record
TN:
SF:src/app/api/config/picker/route.ts
FN:5,GET
FNF:1
FNH:1
FNDA:15,GET
DA:6,15
DA:9,15
DA:10,15
DA:11,5
DA:12,5
DA:15,10
DA:16,10
DA:17,2
DA:18,2
DA:24,8
DA:25,8
LF:11
LH:11
BRDA:10,0,0,5
BRDA:10,0,1,10
BRDA:16,1,0,2
BRDA:16,1,1,8
BRF:4
BRH:4
end_of_record
TN:
SF:src/app/api/health/route.ts
FN:12,GET
FNF:1
FNH:1
FNDA:8,GET
DA:13,8
LF:1
LH:1
BRDA:17,0,0,8
BRDA:17,0,1,7
BRDA:18,1,0,8
BRDA:18,1,1,7
BRF:4
BRH:4
end_of_record
TN:
SF:src/app/api/household/invite/route.ts
FN:31,POST
FNF:1
FNH:1
FNDA:12,POST
DA:29,2
DA:32,12
DA:34,12
DA:35,12
DA:38,8
DA:39,8
DA:41,0
DA:47,8
DA:48,0
DA:54,8
DA:55,8
DA:56,1
DA:62,7
DA:63,1
DA:69,6
DA:71,6
DA:72,1
DA:73,1
DA:79,5
DA:80,5
DA:81,0
DA:87,5
DA:88,1
DA:89,1
DA:95,4
DA:97,4
DA:98,4
LF:27
LH:24
BRDA:35,0,0,4
BRDA:35,0,1,8
BRDA:47,1,0,0
BRDA:47,1,1,8
BRDA:47,2,0,8
BRDA:47,2,1,8
BRDA:55,3,0,1
BRDA:55,3,1,7
BRDA:62,4,0,1
BRDA:62,4,1,6
BRDA:71,5,0,1
BRDA:71,5,1,5
BRDA:80,6,0,0
BRDA:80,6,1,5
BRDA:87,7,0,1
BRDA:87,7,1,4
BRF:16
BRH:14
end_of_record
TN:
SF:src/app/api/household/invite/validate/route.ts
FN:39,GET
FN:103,(anonymous_1)
FNF:2
FNH:2
FNDA:17,GET
FNDA:7,(anonymous_1)
DA:37,2
DA:40,17
DA:42,17
DA:43,17
DA:45,16
DA:47,16
DA:48,16
DA:49,3
DA:55,13
DA:56,13
DA:57,2
DA:64,11
DA:65,11
DA:66,1
DA:73,10
DA:75,10
DA:76,1
DA:77,1
DA:84,9
DA:85,1
DA:86,1
DA:93,8
DA:94,1
DA:95,1
DA:102,7
DA:103,7
DA:110,7
DA:111,7
DA:113,7
DA:114,7
LF:30
LH:30
BRDA:43,0,0,1
BRDA:43,0,1,16
BRDA:48,1,0,3
BRDA:48,1,1,13
BRDA:48,2,0,16
BRDA:48,2,1,14
BRDA:48,2,2,14
BRDA:56,3,0,2
BRDA:56,3,1,11
BRDA:65,4,0,1
BRDA:65,4,1,10
BRDA:75,5,0,1
BRDA:75,5,1,9
BRDA:84,6,0,1
BRDA:84,6,1,8
BRDA:93,7,0,1
BRDA:93,7,1,7
BRF:17
BRH:17
end_of_record
TN:
SF:src/app/api/household/join/route.ts
FN:41,POST
FNF:1
FNH:1
FNDA:18,POST
DA:42,18
DA:44,18
DA:45,18
DA:47,17
DA:50,17
DA:51,17
DA:53,0
DA:59,17
DA:65,5
DA:71,12
DA:73,12
DA:74,1
DA:80,11
DA:81,11
DA:83,4
DA:87,4
DA:94,7
DA:95,7
DA:96,1
DA:101,6
DA:102,1
DA:107,5
DA:108,2
DA:113,3
DA:114,3
LF:25
LH:24
BRDA:45,0,0,1
BRDA:45,0,1,17
BRDA:59,1,0,5
BRDA:59,1,1,12
BRDA:60,2,0,17
BRDA:60,2,1,16
BRDA:60,2,2,16
BRDA:60,2,3,14
BRDA:73,3,0,1
BRDA:73,3,1,11
BRDA:95,4,0,1
BRDA:95,4,1,6
BRDA:101,5,0,1
BRDA:101,5,1,5
BRDA:107,6,0,2
BRDA:107,6,1,3
BRF:16
BRH:16
end_of_record
TN:
SF:src/app/api/household/members/route.ts
FN:37,GET
FN:80,(anonymous_1)
FN:85,(anonymous_2)
FNF:3
FNH:3
FNDA:10,GET
FNDA:7,(anonymous_1)
FNDA:15,(anonymous_2)
DA:35,1
DA:38,10
DA:40,10
DA:41,10
DA:43,9
DA:45,9
DA:46,9
DA:48,3
DA:49,3
DA:54,3
DA:55,3
DA:62,9
DA:63,9
DA:64,1
DA:70,8
DA:71,8
DA:72,8
DA:75,8
DA:78,8
DA:81,7
DA:82,7
DA:83,1
DA:85,15
DA:93,8
DA:106,8
DA:107,6
DA:108,6
DA:111,8
DA:112,8
LF:29
LH:29
BRDA:41,0,0,1
BRDA:41,0,1,9
BRDA:46,1,0,3
BRDA:46,1,1,6
BRDA:63,2,0,1
BRDA:63,2,1,8
BRDA:81,3,0,0
BRDA:81,3,1,7
BRDA:81,4,0,7
BRDA:81,4,1,0
BRDA:82,5,0,6
BRDA:82,5,1,1
BRDA:82,6,0,7
BRDA:82,6,1,7
BRDA:106,7,0,6
BRDA:106,7,1,2
BRDA:106,8,0,8
BRDA:106,8,1,7
BRF:18
BRH:16
end_of_record
TN:
SF:src/app/api/sheets/import/route.ts
FN:15,errorResponse
FN:20,POST
FNF:2
FNH:2
FNDA:4,errorResponse
FNDA:10,POST
DA:11,1
DA:13,1
DA:16,4
DA:17,4
DA:21,10
DA:24,10
DA:25,10
DA:26,2
DA:27,2
DA:31,8
DA:32,8
DA:37,8
DA:38,0
DA:39,0
DA:45,8
DA:53,8
DA:54,8
DA:55,7
DA:56,10
DA:57,10
DA:58,10
DA:59,10
DA:61,1
DA:62,1
DA:66,7
DA:67,10
DA:68,10
DA:70,10
DA:71,10
DA:73,10
DA:74,1
DA:75,1
DA:78,6
DA:79,1
DA:80,1
DA:84,5
DA:85,1
DA:86,1
DA:90,4
DA:91,4
DA:92,10
DA:93,10
DA:99,1
DA:100,1
DA:105,1
DA:106,1
DA:109,3
DA:110,3
DA:112,0
DA:113,0
LF:50
LH:46
BRDA:15,0,0,4
BRDA:25,1,0,2
BRDA:25,1,1,8
BRDA:37,2,0,0
BRDA:37,2,1,8
BRDA:66,3,0,7
BRDA:66,3,1,3
BRDA:67,4,0,10
BRDA:67,4,1,2
BRDA:68,5,0,10
BRDA:68,5,1,2
BRDA:68,5,2,2
BRDA:68,5,3,2
BRDA:73,6,0,1
BRDA:73,6,1,9
BRDA:78,7,0,1
BRDA:78,7,1,5
BRDA:84,8,0,1
BRDA:84,8,1,4
BRDA:84,9,0,5
BRDA:84,9,1,2
BRDA:84,9,2,2
BRDA:91,10,0,2
BRDA:91,10,1,2
BRDA:91,11,0,1
BRDA:91,11,1,1
BRDA:93,12,0,2
BRDA:93,12,1,2
BRDA:95,13,0,1
BRDA:95,13,1,1
BRDA:99,14,0,1
BRDA:99,14,1,0
BRDA:100,15,0,0
BRDA:100,15,1,1
BRDA:101,16,0,0
BRDA:101,16,1,1
BRDA:102,17,0,1
BRDA:102,17,1,0
BRDA:103,18,0,0
BRDA:103,18,1,0
BRF:40
BRH:33
end_of_record
TN:
SF:src/app/api/stripe/checkout/route.ts
FN:30,POST
FNF:1
FNH:1
FNDA:12,POST
DA:31,12
DA:35,12
DA:36,12
DA:40,12
DA:41,0
DA:42,0
DA:53,12
DA:54,12
DA:55,0
DA:56,0
DA:59,12
DA:60,12
DA:61,12
DA:63,12
DA:65,12
DA:66,1
DA:67,1
DA:68,1
DA:74,11
DA:76,11
DA:77,11
DA:78,11
DA:79,11
DA:80,11
DA:88,11
DA:93,12
DA:96,11
DA:97,10
DA:106,10
DA:109,10
DA:110,10
DA:111,10
DA:115,6
DA:123,4
DA:124,4
DA:131,10
DA:134,6
DA:136,6
DA:137,3
DA:148,3
DA:152,3
DA:155,3
DA:159,3
DA:160,3
DA:162,3
DA:169,3
DA:173,3
DA:177,3
DA:183,1
DA:184,0
DA:191,0
DA:195,0
DA:196,0
DA:199,1
DA:204,1
DA:214,2
DA:215,0
DA:220,0
DA:223,2
DA:229,1
DA:231,0
DA:232,0
DA:237,1
DA:247,7
DA:248,6
DA:253,6
DA:259,5
DA:260,3
DA:262,3
DA:264,3
DA:266,2
DA:273,2
DA:277,2
DA:278,2
DA:282,2
DA:283,2
DA:285,2
DA:287,2
DA:292,2
DA:296,2
DA:300,1
DA:304,1
DA:313,2
DA:323,3
DA:327,12
DA:333,12
DA:350,3
DA:351,0
DA:354,0
DA:355,0
DA:361,3
DA:362,3
DA:368,3
DA:370,1
DA:371,1
DA:375,1
DA:376,1
LF:97
LH:82
BRDA:35,0,0,12
BRDA:35,0,1,0
BRDA:40,1,0,0
BRDA:40,1,1,12
BRDA:54,2,0,0
BRDA:54,2,1,12
BRDA:65,3,0,1
BRDA:65,3,1,11
BRDA:79,4,0,11
BRDA:79,4,1,0
BRDA:79,5,0,11
BRDA:79,5,1,11
BRDA:79,5,2,11
BRDA:88,6,0,11
BRDA:88,6,1,0
BRDA:96,7,0,10
BRDA:96,7,1,1
BRDA:96,8,0,11
BRDA:96,8,1,10
BRDA:123,9,0,4
BRDA:123,9,1,0
BRDA:131,10,0,6
BRDA:131,10,1,4
BRDA:134,11,0,6
BRDA:134,11,1,4
BRDA:136,12,0,3
BRDA:136,12,1,3
BRDA:136,13,0,6
BRDA:136,13,1,4
BRDA:148,14,0,2
BRDA:148,14,1,1
BRDA:177,15,0,1
BRDA:177,15,1,2
BRDA:177,16,0,3
BRDA:177,16,1,2
BRDA:177,16,2,1
BRDA:183,17,0,0
BRDA:183,17,1,1
BRDA:214,18,0,0
BRDA:214,18,1,2
BRDA:214,19,0,2
BRDA:214,19,1,2
BRDA:229,20,0,0
BRDA:229,20,1,1
BRDA:247,21,0,6
BRDA:247,21,1,1
BRDA:259,22,0,3
BRDA:259,22,1,2
BRDA:259,23,0,5
BRDA:259,23,1,3
BRDA:262,24,0,3
BRDA:262,24,1,2
BRDA:264,25,0,2
BRDA:264,25,1,1
BRDA:273,26,0,1
BRDA:273,26,1,1
BRDA:282,27,0,2
BRDA:282,27,1,0
BRDA:323,28,0,2
BRDA:323,28,1,1
BRDA:330,29,0,2
BRDA:330,29,1,1
BRDA:343,30,0,0
BRDA:343,30,1,3
BRDA:344,31,0,0
BRDA:344,31,1,3
BRDA:350,32,0,0
BRDA:350,32,1,3
BRDA:370,33,0,1
BRDA:370,33,1,0
BRF:70
BRH:56
end_of_record
TN:
SF:src/app/api/stripe/membership/route.ts
FN:29,GET
FNF:1
FNH:1
FNDA:14,GET
DA:30,14
DA:34,14
DA:35,14
DA:39,14
DA:40,0
DA:41,0
DA:51,14
DA:52,14
DA:53,2
DA:54,2
DA:57,12
DA:60,12
DA:64,12
DA:65,6
DA:66,6
DA:67,4
DA:71,4
DA:72,4
DA:73,2
DA:77,4
DA:78,2
DA:79,2
DA:84,2
DA:86,2
DA:90,2
DA:91,2
DA:101,12
DA:102,4
DA:108,4
DA:113,4
DA:120,8
DA:121,8
DA:122,5
DA:123,5
DA:126,5
DA:127,5
DA:128,5
DA:135,5
DA:143,0
DA:144,0
DA:149,8
DA:160,14
DA:168,14
LF:43
LH:39
BRDA:34,0,0,14
BRDA:34,0,1,7
BRDA:39,1,0,0
BRDA:39,1,1,14
BRDA:52,2,0,2
BRDA:52,2,1,12
BRDA:64,3,0,6
BRDA:64,3,1,6
BRDA:66,4,0,4
BRDA:66,4,1,2
BRDA:73,5,0,2
BRDA:73,5,1,0
BRDA:77,6,0,2
BRDA:77,6,1,2
BRDA:84,7,0,2
BRDA:84,7,1,0
BRDA:90,8,0,2
BRDA:90,8,1,0
BRDA:101,9,0,4
BRDA:101,9,1,8
BRDA:121,10,0,5
BRDA:121,10,1,3
BRDA:121,11,0,8
BRDA:121,11,1,8
BRDA:121,11,2,3
BRDA:127,12,0,5
BRDA:127,12,1,2
BRDA:128,13,0,2
BRDA:128,13,1,3
BRDA:130,14,0,3
BRDA:130,14,1,0
BRDA:143,15,0,0
BRDA:143,15,1,0
BRDA:157,16,0,8
BRDA:157,16,1,8
BRDA:158,17,0,14
BRDA:158,17,1,8
BRF:37
BRH:30
end_of_record
TN:
SF:src/app/api/stripe/portal/route.ts
FN:28,POST
FNF:1
FNH:1
FNDA:5,POST
DA:29,5
DA:33,5
DA:34,5
DA:38,5
DA:39,0
DA:40,0
DA:50,5
DA:51,5
DA:52,2
DA:53,2
DA:56,3
DA:59,3
DA:60,3
DA:61,1
DA:66,1
DA:72,2
DA:74,2
DA:75,2
DA:76,2
DA:77,0
DA:78,0
DA:86,2
DA:88,5
DA:93,2
DA:94,2
DA:99,2
DA:101,0
DA:102,0
DA:107,0
DA:108,0
LF:30
LH:22
BRDA:33,0,0,5
BRDA:33,0,1,5
BRDA:38,1,0,0
BRDA:38,1,1,5
BRDA:51,2,0,2
BRDA:51,2,1,3
BRDA:60,3,0,1
BRDA:60,3,1,2
BRDA:77,4,0,0
BRDA:77,4,1,0
BRDA:77,5,0,0
BRDA:77,5,1,0
BRDA:77,5,2,0
BRDA:86,6,0,2
BRDA:86,6,1,0
BRDA:90,7,0,0
BRDA:90,7,1,2
BRDA:101,8,0,0
BRDA:101,8,1,0
BRF:19
BRH:9
end_of_record
TN:
SF:src/app/api/stripe/unlink/route.ts
FN:30,POST
FNF:1
FNH:1
FNDA:5,POST
DA:31,5
DA:35,5
DA:36,5
DA:40,5
DA:41,0
DA:42,0
DA:52,5
DA:53,5
DA:54,2
DA:55,2
DA:58,3
DA:60,3
DA:62,3
DA:64,3
DA:65,3
DA:67,3
DA:68,3
DA:74,0
DA:75,0
DA:85,3
DA:86,3
DA:98,3
DA:104,3
DA:110,3
DA:115,0
DA:116,0
DA:120,0
DA:126,0
LF:28
LH:20
BRDA:35,0,0,5
BRDA:35,0,1,5
BRDA:40,1,0,0
BRDA:40,1,1,5
BRDA:53,2,0,2
BRDA:53,2,1,3
BRDA:64,3,0,3
BRDA:64,3,1,0
BRDA:74,4,0,0
BRDA:74,4,1,0
BRDA:85,5,0,3
BRDA:85,5,1,0
BRDA:93,6,0,3
BRDA:93,6,1,3
BRDA:94,7,0,3
BRDA:94,7,1,0
BRDA:115,8,0,0
BRDA:115,8,1,0
BRF:18
BRH:10
end_of_record
TN:
SF:src/app/api/stripe/webhook/route.ts
FN:56,stripeTierToHouseholdTier
FN:60,syncHouseholdTierToFirestore
FN:109,handleCheckoutCompleted
FN:183,handleSubscriptionUpdated
FN:262,handleSubscriptionDeleted
FN:329,POST
FNF:6
FNH:6
FNDA:27,stripeTierToHouseholdTier
FNDA:27,syncHouseholdTierToFirestore
FNDA:19,handleCheckoutCompleted
FNDA:13,handleSubscriptionUpdated
FNDA:8,handleSubscriptionDeleted
FNDA:53,POST
DA:57,27
DA:64,27
DA:65,27
DA:66,27
DA:67,20
DA:68,11
DA:69,11
DA:71,9
DA:72,9
DA:76,6
DA:81,10
DA:82,10
DA:92,4
DA:112,19
DA:118,19
DA:122,19
DA:123,1
DA:126,1
DA:127,1
DA:130,18
DA:134,19
DA:135,1
DA:138,1
DA:139,1
DA:143,17
DA:144,17
DA:146,17
DA:148,19
DA:150,13
DA:152,11
DA:153,11
DA:161,4
DA:162,4
DA:170,15
DA:186,13
DA:193,13
DA:197,13
DA:198,13
DA:199,1
DA:200,1
DA:201,1
DA:204,12
DA:205,12
DA:207,12
DA:223,13
DA:225,2
DA:226,2
DA:227,2
DA:228,2
DA:229,2
DA:237,10
DA:238,10
DA:239,10
DA:241,10
DA:242,10
DA:250,12
DA:265,8
DA:269,8
DA:273,8
DA:274,8
DA:275,1
DA:276,1
DA:277,1
DA:280,7
DA:282,7
DA:296,8
DA:297,1
DA:298,1
DA:299,1
DA:300,1
DA:301,1
DA:308,6
DA:309,6
DA:310,6
DA:312,6
DA:313,6
DA:321,7
DA:330,53
DA:334,53
DA:335,53
DA:337,0
DA:338,0
DA:345,53
DA:346,53
DA:347,2
DA:348,2
DA:354,51
DA:355,51
DA:356,2
DA:357,2
DA:364,49
DA:365,49
DA:366,34
DA:367,3
DA:371,3
DA:376,3
DA:383,15
DA:384,15
DA:392,46
DA:393,4
DA:398,4
DA:401,42
DA:407,42
DA:408,42
DA:410,19
DA:411,19
DA:412,17
DA:415,13
DA:416,13
DA:417,13
DA:420,8
DA:421,8
DA:422,8
DA:426,2
DA:427,2
DA:432,2
DA:437,2
DA:440,0
DA:441,0
DA:445,2
DA:446,2
DA:451,2
DA:452,2
DA:459,40
DA:460,40
DA:461,25
DA:466,15
DA:467,15
DA:474,40
LF:129
LH:125
BRDA:57,0,0,20
BRDA:57,0,1,7
BRDA:67,1,0,11
BRDA:67,1,1,9
BRDA:81,2,0,10
BRDA:81,2,1,0
BRDA:118,3,0,17
BRDA:118,3,1,2
BRDA:122,4,0,1
BRDA:122,4,1,18
BRDA:130,5,0,16
BRDA:130,5,1,2
BRDA:134,6,0,1
BRDA:134,6,1,18
BRDA:148,7,0,13
BRDA:148,7,1,4
BRDA:190,8,0,13
BRDA:190,8,1,0
BRDA:193,9,0,13
BRDA:193,9,1,0
BRDA:198,10,0,1
BRDA:198,10,1,12
BRDA:213,11,0,12
BRDA:213,11,1,12
BRDA:214,12,0,2
BRDA:214,12,1,10
BRDA:216,13,0,9
BRDA:216,13,1,1
BRDA:223,14,0,2
BRDA:223,14,1,10
BRDA:227,15,0,2
BRDA:227,15,1,1
BRDA:238,16,0,10
BRDA:238,16,1,8
BRDA:269,17,0,8
BRDA:269,17,1,0
BRDA:274,18,0,1
BRDA:274,18,1,7
BRDA:289,19,0,7
BRDA:289,19,1,0
BRDA:296,20,0,1
BRDA:296,20,1,6
BRDA:299,21,0,1
BRDA:299,21,1,1
BRDA:309,22,0,6
BRDA:309,22,1,5
BRDA:346,23,0,2
BRDA:346,23,1,51
BRDA:355,24,0,2
BRDA:355,24,1,49
BRDA:366,25,0,3
BRDA:366,25,1,31
BRDA:383,26,0,15
BRDA:383,26,1,0
BRDA:392,27,0,4
BRDA:392,27,1,42
BRDA:408,28,0,19
BRDA:408,28,1,13
BRDA:408,28,2,8
BRDA:408,28,3,2
BRDA:408,28,4,0
BRDA:445,29,0,2
BRDA:445,29,1,0
BRDA:466,30,0,15
BRDA:466,30,1,0
BRF:65
BRH:56
end_of_record
TN:
SF:src/app/api/sync/route.ts
FN:31,GET
FN:52,PUT
FN:80,(anonymous_2)
FNF:3
FNH:3
FNDA:13,GET
FNDA:28,PUT
FNDA:1006,(anonymous_2)
DA:32,13
DA:34,13
DA:35,13
DA:37,7
DA:38,7
DA:39,7
DA:41,7
DA:47,7
DA:53,28
DA:55,28
DA:56,28
DA:59,21
DA:60,21
DA:62,1
DA:68,20
DA:69,2
DA:75,18
DA:76,18
DA:79,18
DA:80,1006
DA:82,18
DA:83,18
DA:85,18
DA:87,1522
DA:88,2
DA:89,2
DA:92,1520
DA:95,1520
DA:97,767
DA:99,753
DA:103,18
DA:104,9
DA:107,18
DA:109,18
DA:116,18
LF:35
LH:35
BRDA:35,0,0,6
BRDA:35,0,1,7
BRDA:56,1,0,7
BRDA:56,1,1,21
BRDA:68,2,0,2
BRDA:68,2,1,18
BRDA:87,3,0,2
BRDA:87,3,1,1520
BRDA:87,4,0,1522
BRDA:87,4,1,1521
BRDA:95,5,0,767
BRDA:95,5,1,753
BRDA:95,6,0,1520
BRDA:95,6,1,1006
BRDA:103,7,0,9
BRDA:103,7,1,9
BRF:16
BRH:16
end_of_record
TN:
SF:src/app/api/sync/pull/route.ts
FN:36,GET
FN:62,(anonymous_1)
FNF:2
FNH:2
FNDA:14,GET
FNDA:6,(anonymous_1)
DA:37,14
DA:40,14
DA:41,14
DA:42,1
DA:54,13
DA:55,13
DA:58,8
DA:60,8
DA:61,8
DA:62,7
DA:64,7
DA:71,7
DA:76,1
DA:77,1
DA:78,1
LF:15
LH:15
BRDA:41,0,0,1
BRDA:41,0,1,13
BRDA:55,1,0,5
BRDA:55,1,1,8
BRDA:76,2,0,1
BRDA:76,2,1,0
BRF:6
BRH:5
end_of_record
TN:
SF:src/app/api/sync/push/route.ts
FN:41,POST
FN:98,(anonymous_1)
FNF:2
FNH:2
FNDA:19,POST
FNDA:7,(anonymous_1)
DA:42,19
DA:46,19
DA:47,19
DA:49,1
DA:55,18
DA:56,0
DA:62,18
DA:64,18
DA:65,1
DA:74,17
DA:75,1
DA:87,16
DA:88,16
DA:91,9
DA:98,9
DA:103,9
DA:105,9
DA:108,8
DA:111,8
DA:113,8
DA:119,8
DA:127,1
DA:128,1
DA:129,1
LF:24
LH:23
BRDA:55,0,0,0
BRDA:55,0,1,18
BRDA:55,1,0,18
BRDA:55,1,1,18
BRDA:64,2,0,1
BRDA:64,2,1,17
BRDA:64,3,0,18
BRDA:64,3,1,17
BRDA:74,4,0,1
BRDA:74,4,1,16
BRDA:88,5,0,7
BRDA:88,5,1,9
BRDA:127,6,0,1
BRDA:127,6,1,0
BRF:14
BRH:12
end_of_record
TN:
SF:src/app/api/trial/convert/route.ts
FN:24,POST
FNF:1
FNH:1
FNDA:6,POST
DA:25,6
DA:29,6
DA:30,6
DA:34,6
DA:35,0
DA:36,0
DA:46,6
DA:47,6
DA:51,4
DA:52,4
DA:53,4
DA:59,1
DA:64,3
DA:66,0
DA:72,3
DA:73,1
DA:74,1
DA:84,2
DA:85,2
DA:86,2
DA:87,2
DA:92,0
DA:93,0
DA:94,0
LF:24
LH:18
BRDA:29,0,0,6
BRDA:29,0,1,6
BRDA:34,1,0,0
BRDA:34,1,1,6
BRDA:47,2,0,2
BRDA:47,2,1,4
BRDA:53,3,0,1
BRDA:53,3,1,3
BRDA:54,4,0,4
BRDA:54,4,1,4
BRDA:54,4,2,4
BRDA:54,4,3,3
BRDA:72,5,0,1
BRDA:72,5,1,2
BRDA:92,6,0,0
BRDA:92,6,1,0
BRF:16
BRH:13
end_of_record
TN:
SF:src/app/api/trial/init/route.ts
FN:33,extractSubFromBearer
FN:46,POST
FNF:2
FNH:2
FNDA:11,extractSubFromBearer
FNDA:11,POST
DA:34,11
DA:35,10
DA:36,10
DA:37,10
DA:38,0
DA:39,0
DA:40,0
DA:42,0
DA:47,11
DA:50,11
DA:54,11
DA:55,11
DA:59,11
DA:60,1
DA:61,1
DA:72,10
DA:73,10
DA:74,9
DA:80,1
DA:85,8
DA:87,1
DA:93,8
DA:94,2
DA:95,2
DA:105,6
DA:106,6
DA:107,1
DA:109,1
DA:110,0
DA:111,0
DA:113,1
DA:120,5
DA:121,5
DA:122,4
DA:123,4
DA:128,1
DA:129,1
DA:130,1
LF:38
LH:32
BRDA:34,0,0,1
BRDA:34,0,1,10
BRDA:37,1,0,10
BRDA:37,1,1,0
BRDA:40,2,0,0
BRDA:40,2,1,0
BRDA:50,3,0,11
BRDA:50,3,1,11
BRDA:54,4,0,11
BRDA:54,4,1,0
BRDA:59,5,0,1
BRDA:59,5,1,10
BRDA:74,6,0,1
BRDA:74,6,1,8
BRDA:75,7,0,9
BRDA:75,7,1,9
BRDA:75,7,2,9
BRDA:75,7,3,8
BRDA:93,8,0,2
BRDA:93,8,1,6
BRDA:106,9,0,1
BRDA:106,9,1,5
BRDA:109,10,0,0
BRDA:109,10,1,1
BRDA:109,11,0,1
BRDA:109,11,1,0
BRDA:128,12,0,1
BRDA:128,12,1,0
BRF:28
BRH:21
end_of_record
TN:
SF:src/app/api/trial/status/route.ts
FN:23,POST
FNF:1
FNH:1
FNDA:14,POST
DA:24,14
DA:28,14
DA:29,14
DA:33,14
DA:34,1
DA:35,1
DA:46,13
DA:47,13
DA:48,12
DA:54,1
DA:59,11
DA:61,1
DA:67,11
DA:68,1
DA:69,1
DA:82,10
DA:83,10
DA:84,10
DA:85,4
DA:86,4
DA:87,4
DA:89,0
DA:90,0
DA:94,10
DA:96,10
DA:102,10
DA:106,0
DA:107,0
DA:108,0
LF:29
LH:24
BRDA:28,0,0,14
BRDA:28,0,1,0
BRDA:33,1,0,1
BRDA:33,1,1,13
BRDA:48,2,0,1
BRDA:48,2,1,11
BRDA:49,3,0,12
BRDA:49,3,1,12
BRDA:49,3,2,12
BRDA:49,3,3,11
BRDA:67,4,0,1
BRDA:67,4,1,10
BRDA:84,5,0,4
BRDA:84,5,1,6
BRDA:89,6,0,0
BRDA:89,6,1,0
BRDA:106,7,0,0
BRDA:106,7,1,0
BRF:18
BRH:13
end_of_record
TN:
SF:src/app/ledger/layout.tsx
FN:21,LedgerLayout
FNF:1
FNH:0
FNDA:0,LedgerLayout
DA:17,0
DA:22,0
LF:2
LH:0
BRF:0
BRH:0
end_of_record
TN:
SF:src/app/ledger/page.tsx
FN:49,DashboardPageContent
FN:64,(anonymous_1)
FN:71,(anonymous_2)
FN:102,(anonymous_3)
FN:109,(anonymous_4)
FN:119,(anonymous_5)
FN:121,(anonymous_6)
FN:125,(anonymous_7)
FN:126,handleOpenWizard
FN:130,(anonymous_9)
FN:135,handleConfirmImport
FN:163,(anonymous_11)
FN:274,(anonymous_12)
FN:283,(anonymous_13)
FN:291,DashboardPage
FNF:15
FNH:7
FNDA:18,DashboardPageContent
FNDA:12,(anonymous_1)
FNDA:0,(anonymous_2)
FNDA:0,(anonymous_3)
FNDA:0,(anonymous_4)
FNDA:6,(anonymous_5)
FNDA:6,(anonymous_6)
FNDA:6,(anonymous_7)
FNDA:0,handleOpenWizard
FNDA:6,(anonymous_9)
FNDA:0,handleConfirmImport
FNDA:0,(anonymous_11)
FNDA:0,(anonymous_12)
FNDA:0,(anonymous_13)
FNDA:6,DashboardPage
DA:44,1
DA:50,18
DA:51,18
DA:52,18
DA:53,18
DA:54,18
DA:55,18
DA:56,18
DA:57,18
DA:58,18
DA:60,18
DA:62,18
DA:64,18
DA:66,12
DA:68,12
DA:71,12
DA:72,0
DA:73,0
DA:77,12
DA:78,12
DA:80,12
DA:81,12
DA:83,12
DA:84,12
DA:85,12
DA:86,12
DA:89,12
DA:90,12
DA:91,0
DA:92,0
DA:93,0
DA:94,0
DA:102,18
DA:103,0
DA:104,0
DA:105,0
DA:109,18
DA:110,0
DA:111,0
DA:113,0
DA:119,18
DA:120,6
DA:121,6
DA:125,18
DA:127,0
DA:129,6
DA:130,6
DA:133,18
DA:136,0
DA:138,0
DA:139,0
DA:144,0
DA:145,0
DA:148,0
DA:149,0
DA:150,0
DA:154,0
DA:155,0
DA:158,0
DA:159,0
DA:160,0
DA:163,0
DA:164,0
DA:165,0
DA:166,0
DA:167,0
DA:168,0
DA:176,0
DA:183,0
DA:190,18
DA:193,18
DA:195,18
DA:274,0
DA:283,0
DA:292,6
LF:75
LH:39
BRDA:53,0,0,18
BRDA:53,0,1,18
BRDA:66,1,0,0
BRDA:66,1,1,12
BRDA:68,2,0,0
BRDA:68,2,1,12
BRDA:72,3,0,0
BRDA:72,3,1,0
BRDA:90,4,0,0
BRDA:90,4,1,12
BRDA:94,5,0,0
BRDA:94,5,1,0
BRDA:103,6,0,0
BRDA:103,6,1,0
BRDA:110,7,0,0
BRDA:110,7,1,0
BRDA:133,8,0,18
BRDA:133,8,1,12
BRDA:136,9,0,0
BRDA:136,9,1,0
BRDA:155,10,0,0
BRDA:155,10,1,0
BRDA:159,11,0,0
BRDA:159,11,1,0
BRDA:167,12,0,0
BRDA:167,12,1,0
BRDA:167,13,0,0
BRDA:167,13,1,0
BRDA:190,14,0,18
BRDA:190,14,1,12
BRDA:193,15,0,18
BRDA:193,15,1,18
BRDA:206,16,0,18
BRDA:206,16,1,0
BRDA:214,17,0,0
BRDA:214,17,1,0
BRDA:228,18,0,18
BRDA:228,18,1,0
BRDA:241,19,0,18
BRDA:241,19,1,0
BRDA:252,20,0,6
BRDA:252,20,1,12
BRDA:254,21,0,0
BRDA:254,21,1,6
BRDA:265,22,0,12
BRDA:265,22,1,0
BRF:46
BRH:18
end_of_record
TN:
SF:src/app/ledger/auth/callback/page.tsx
FN:53,decodeIdToken
FN:69,AuthCallbackContent
FN:78,(anonymous_2)
FN:81,(anonymous_3)
FN:86,(anonymous_4)
FN:117,(anonymous_5)
FN:156,exchangeCode
FN:210,(anonymous_7)
FN:310,AuthCallbackPage
FNF:9
FNH:6
FNDA:0,decodeIdToken
FNDA:15,AuthCallbackContent
FNDA:8,(anonymous_2)
FNDA:8,(anonymous_3)
FNDA:8,(anonymous_4)
FNDA:1,(anonymous_5)
FNDA:0,exchangeCode
FNDA:0,(anonymous_7)
FNDA:8,AuthCallbackPage
DA:29,1
DA:33,1
DA:36,1
DA:54,0
DA:55,0
DA:56,0
DA:59,0
DA:60,0
DA:61,0
DA:62,0
DA:70,15
DA:71,15
DA:72,15
DA:74,15
DA:76,15
DA:78,15
DA:80,8
DA:81,8
DA:82,8
DA:86,15
DA:89,8
DA:90,8
DA:92,8
DA:93,8
DA:94,8
DA:97,8
DA:98,3
DA:99,3
DA:100,3
DA:102,3
DA:105,5
DA:106,2
DA:107,2
DA:108,2
DA:110,2
DA:114,3
DA:115,3
DA:117,1
DA:118,1
DA:119,0
DA:120,0
DA:123,1
DA:127,2
DA:128,2
DA:130,1
DA:131,1
DA:132,1
DA:134,1
DA:138,1
DA:139,1
DA:140,1
DA:141,1
DA:143,1
DA:151,0
DA:157,0
DA:158,0
DA:168,0
DA:169,0
DA:170,0
DA:173,0
DA:181,0
DA:183,0
DA:196,0
DA:199,0
DA:200,0
DA:202,0
DA:210,0
DA:211,0
DA:212,0
DA:213,0
DA:214,0
DA:224,0
DA:232,0
DA:235,0
DA:236,0
DA:238,0
DA:239,0
DA:240,0
DA:241,0
DA:242,0
DA:252,0
DA:255,0
DA:257,0
DA:258,0
DA:260,0
DA:261,0
DA:262,0
DA:267,0
DA:272,15
DA:311,8
LF:90
LH:46
BRDA:55,0,0,0
BRDA:55,0,1,0
BRDA:89,1,0,0
BRDA:89,1,1,8
BRDA:97,2,0,3
BRDA:97,2,1,5
BRDA:98,3,0,3
BRDA:98,3,1,0
BRDA:105,4,0,2
BRDA:105,4,1,3
BRDA:105,5,0,5
BRDA:105,5,1,4
BRDA:106,6,0,2
BRDA:106,6,1,0
BRDA:115,7,0,1
BRDA:115,7,1,2
BRDA:118,8,0,0
BRDA:118,8,1,1
BRDA:118,9,0,1
BRDA:118,9,1,0
BRDA:130,10,0,1
BRDA:130,10,1,0
BRDA:138,11,0,1
BRDA:138,11,1,0
BRDA:139,12,0,1
BRDA:139,12,1,0
BRDA:168,13,0,0
BRDA:168,13,1,0
BRDA:186,14,0,0
BRDA:186,14,1,0
BRDA:199,15,0,0
BRDA:199,15,1,0
BRDA:213,16,0,0
BRDA:213,16,1,0
BRDA:239,17,0,0
BRDA:239,17,1,0
BRDA:239,18,0,0
BRDA:239,18,1,0
BRDA:241,19,0,0
BRDA:241,19,1,0
BRDA:257,20,0,0
BRDA:257,20,1,0
BRDA:260,21,0,0
BRDA:260,21,1,0
BRDA:275,22,0,15
BRDA:275,22,1,8
BRDA:288,23,0,15
BRDA:288,23,1,7
BRF:48
BRH:20
end_of_record
TN:
SF:src/app/ledger/cards/[id]/edit/layout.tsx
FN:20,EditCardLayout
FNF:1
FNH:0
FNDA:0,EditCardLayout
DA:16,0
DA:21,0
LF:2
LH:0
BRF:0
BRH:0
end_of_record
TN:
SF:src/app/ledger/cards/[id]/edit/page.tsx
FN:25,EditCardPage
FN:32,(anonymous_1)
FNF:2
FNH:2
FNDA:12,EditCardPage
FNDA:9,(anonymous_1)
DA:18,1
DA:26,12
DA:27,12
DA:28,12
DA:29,12
DA:30,12
DA:32,12
DA:33,9
DA:35,8
DA:37,1
DA:38,1
DA:41,7
DA:42,7
DA:44,7
DA:45,7
DA:46,1
DA:47,1
DA:50,6
DA:51,6
DA:54,12
LF:20
LH:20
BRDA:33,0,0,1
BRDA:33,0,1,8
BRDA:35,1,0,1
BRDA:35,1,1,7
BRDA:45,2,0,1
BRDA:45,2,1,6
BRDA:56,3,0,6
BRDA:56,3,1,6
BRDA:61,4,0,6
BRDA:61,4,1,0
BRF:10
BRH:9
end_of_record
TN:
SF:src/app/ledger/cards/new/layout.tsx
FN:18,NewCardLayout
FNF:1
FNH:0
FNDA:0,NewCardLayout
DA:14,0
DA:19,0
LF:2
LH:0
BRF:0
BRH:0
end_of_record
TN:
SF:src/app/ledger/cards/new/page.tsx
FN:18,NewCardPage
FN:21,(anonymous_1)
FNF:2
FNH:0
FNDA:0,NewCardPage
FNDA:0,(anonymous_1)
DA:16,0
DA:19,0
DA:21,0
DA:22,0
DA:23,0
DA:24,0
DA:27,0
LF:7
LH:0
BRDA:22,0,0,0
BRDA:22,0,1,0
BRDA:22,1,0,0
BRDA:22,1,1,0
BRDA:40,2,0,0
BRDA:40,2,1,0
BRDA:40,2,2,0
BRF:7
BRH:0
end_of_record
TN:
SF:src/app/ledger/join/page.tsx
FN:54,getValidationMessage
FN:135,JoinHouseholdPage
FN:151,(anonymous_2)
FN:156,(anonymous_3)
FN:158,(anonymous_4)
FN:159,(anonymous_5)
FN:163,(anonymous_6)
FN:168,(anonymous_7)
FN:186,(anonymous_8)
FN:189,(anonymous_9)
FN:197,(anonymous_10)
FN:210,(anonymous_11)
FN:233,(anonymous_12)
FN:250,(anonymous_13)
FN:267,(anonymous_14)
FN:271,(anonymous_15)
FN:277,(anonymous_16)
FN:325,(anonymous_17)
FN:353,(anonymous_18)
FN:387,(anonymous_19)
FN:423,(anonymous_20)
FN:555,(anonymous_21)
FN:590,(anonymous_22)
FN:600,(anonymous_23)
FN:636,(anonymous_24)
FN:660,(anonymous_25)
FN:677,(anonymous_26)
FNF:27
FNH:12
FNDA:52,getValidationMessage
FNDA:52,JoinHouseholdPage
FNDA:10,(anonymous_2)
FNDA:52,(anonymous_3)
FNDA:0,(anonymous_4)
FNDA:0,(anonymous_5)
FNDA:202,(anonymous_6)
FNDA:6,(anonymous_7)
FNDA:1,(anonymous_8)
FNDA:1,(anonymous_9)
FNDA:2,(anonymous_10)
FNDA:36,(anonymous_11)
FNDA:0,(anonymous_12)
FNDA:0,(anonymous_13)
FNDA:0,(anonymous_14)
FNDA:0,(anonymous_15)
FNDA:0,(anonymous_16)
FNDA:0,(anonymous_17)
FNDA:0,(anonymous_18)
FNDA:0,(anonymous_19)
FNDA:0,(anonymous_20)
FNDA:0,(anonymous_21)
FNDA:312,(anonymous_22)
FNDA:0,(anonymous_23)
FNDA:2,(anonymous_24)
FNDA:0,(anonymous_25)
FNDA:0,(anonymous_26)
DA:20,1
DA:46,1
DA:47,1
DA:48,1
DA:55,52
DA:57,1
DA:69,1
DA:81,1
DA:93,1
DA:105,1
DA:117,1
DA:127,46
DA:136,52
DA:139,52
DA:140,52
DA:141,52
DA:142,52
DA:145,52
DA:146,52
DA:147,52
DA:148,52
DA:151,52
DA:152,10
DA:156,52
DA:157,52
DA:158,0
DA:159,0
DA:162,52
DA:163,202
DA:168,52
DA:169,6
DA:170,6
DA:171,6
DA:172,6
DA:173,6
DA:174,0
DA:175,0
DA:177,6
DA:180,5
DA:181,1
DA:182,1
DA:183,1
DA:184,4
DA:185,1
DA:186,1
DA:187,3
DA:188,1
DA:189,1
DA:190,2
DA:191,2
DA:192,2
DA:193,1
DA:195,1
DA:197,2
DA:199,0
DA:202,1
DA:209,52
DA:211,36
DA:212,36
DA:213,36
DA:214,36
DA:215,36
DA:217,36
DA:218,30
DA:222,36
DA:223,6
DA:224,6
DA:225,6
DA:232,52
DA:234,0
DA:235,0
DA:236,0
DA:237,0
DA:238,0
DA:239,0
DA:240,0
DA:241,0
DA:243,0
DA:244,0
DA:249,52
DA:251,0
DA:252,0
DA:253,0
DA:254,0
DA:255,0
DA:256,0
DA:257,0
DA:258,0
DA:259,0
DA:260,0
DA:261,0
DA:267,52
DA:268,0
DA:269,0
DA:270,0
DA:271,0
DA:277,52
DA:278,0
DA:279,0
DA:280,0
DA:281,0
DA:282,0
DA:283,0
DA:284,0
DA:285,0
DA:287,0
DA:295,0
DA:296,0
DA:297,0
DA:298,0
DA:299,0
DA:300,0
DA:301,0
DA:303,0
DA:304,0
DA:307,0
DA:308,0
DA:315,52
DA:316,52
DA:317,52
DA:319,52
DA:324,52
DA:325,0
DA:326,0
DA:353,0
DA:369,52
DA:370,0
DA:387,0
DA:400,52
DA:401,0
DA:423,0
DA:436,52
DA:437,0
DA:471,52
DA:472,0
DA:473,0
DA:475,0
DA:555,0
DA:568,52
DA:591,312
DA:600,0
DA:637,2
DA:660,0
DA:677,0
LF:144
LH:79
BRDA:55,0,0,1
BRDA:55,0,1,1
BRDA:55,0,2,1
BRDA:55,0,3,1
BRDA:55,0,4,1
BRDA:55,0,5,1
BRDA:55,0,6,46
BRDA:157,1,0,52
BRDA:157,1,1,0
BRDA:169,2,0,0
BRDA:169,2,1,6
BRDA:173,3,0,0
BRDA:173,3,1,6
BRDA:180,4,0,1
BRDA:180,4,1,4
BRDA:184,5,0,1
BRDA:184,5,1,3
BRDA:187,6,0,1
BRDA:187,6,1,2
BRDA:190,7,0,2
BRDA:190,7,1,0
BRDA:192,8,0,1
BRDA:192,8,1,1
BRDA:217,9,0,30
BRDA:217,9,1,6
BRDA:217,10,0,36
BRDA:217,10,1,36
BRDA:222,11,0,6
BRDA:222,11,1,30
BRDA:222,12,0,36
BRDA:222,12,1,36
BRDA:224,13,0,6
BRDA:224,13,1,0
BRDA:235,14,0,0
BRDA:235,14,1,0
BRDA:238,15,0,0
BRDA:238,15,1,0
BRDA:252,16,0,0
BRDA:252,16,1,0
BRDA:260,17,0,0
BRDA:260,17,1,0
BRDA:278,18,0,0
BRDA:278,18,1,0
BRDA:282,19,0,0
BRDA:282,19,1,0
BRDA:295,20,0,0
BRDA:295,20,1,0
BRDA:300,21,0,0
BRDA:300,21,1,0
BRDA:317,22,0,52
BRDA:317,22,1,46
BRDA:324,23,0,0
BRDA:324,23,1,52
BRDA:325,24,0,0
BRDA:325,24,1,0
BRDA:336,25,0,0
BRDA:336,25,1,0
BRDA:343,26,0,0
BRDA:343,26,1,0
BRDA:369,27,0,0
BRDA:369,27,1,52
BRDA:400,28,0,0
BRDA:400,28,1,52
BRDA:411,29,0,0
BRDA:411,29,1,0
BRDA:436,30,0,0
BRDA:436,30,1,52
BRDA:443,31,0,0
BRDA:443,31,1,0
BRDA:471,32,0,0
BRDA:471,32,1,52
BRDA:471,33,0,52
BRDA:471,33,1,0
BRDA:473,34,0,0
BRDA:473,34,1,0
BRDA:491,35,0,0
BRDA:491,35,1,0
BRDA:493,36,0,0
BRDA:493,36,1,0
BRDA:506,37,0,0
BRDA:506,37,1,0
BRDA:512,38,0,0
BRDA:512,38,1,0
BRDA:515,39,0,0
BRDA:515,39,1,0
BRDA:518,40,0,0
BRDA:518,40,1,0
BRDA:524,41,0,0
BRDA:524,41,1,0
BRDA:531,42,0,0
BRDA:531,42,1,0
BRDA:549,43,0,0
BRDA:549,43,1,0
BRDA:549,44,0,0
BRDA:549,44,1,0
BRDA:551,45,0,0
BRDA:551,45,1,0
BRDA:596,46,0,312
BRDA:596,46,1,30
BRDA:608,47,0,52
BRDA:608,47,1,6
BRDA:614,48,0,1
BRDA:614,48,1,5
BRDA:627,49,0,52
BRDA:627,49,1,1
BRDA:627,49,2,1
BRDA:648,50,0,1
BRDA:648,50,1,1
BRDA:657,51,0,1
BRDA:657,51,1,51
BRDA:666,52,0,4
BRDA:666,52,1,47
BRDA:666,53,0,51
BRDA:666,53,1,5
BRDA:672,54,0,4
BRDA:672,54,1,0
BRDA:674,55,0,1
BRDA:674,55,1,46
BRDA:685,56,0,46
BRDA:685,56,1,6
BRDA:687,57,0,6
BRDA:687,57,1,40
BRDA:690,58,0,6
BRDA:690,58,1,40
BRF:124
BRH:62
end_of_record
TN:
SF:src/app/ledger/settings/layout.tsx
FN:18,SettingsLayout
FNF:1
FNH:0
FNDA:0,SettingsLayout
DA:14,0
DA:19,0
LF:2
LH:0
BRF:0
BRH:0
end_of_record
TN:
SF:src/app/ledger/settings/page.tsx
FN:62,getInitialTab
FN:65,(anonymous_1)
FN:76,(anonymous_2)
FN:85,countDismissedGuides
FN:88,(anonymous_4)
FN:111,RestoreTabGuides
FN:117,(anonymous_6)
FN:122,(anonymous_7)
FN:124,(anonymous_8)
FN:127,(anonymous_9)
FN:130,(anonymous_10)
FN:219,SettingsPage
FN:224,(anonymous_12)
FN:231,(anonymous_13)
FN:232,handleHashChange
FN:234,(anonymous_15)
FN:239,(anonymous_16)
FN:242,(anonymous_17)
FN:250,(anonymous_18)
FN:276,(anonymous_19)
FN:300,(anonymous_20)
FN:305,(anonymous_21)
FN:311,(anonymous_22)
FN:312,(anonymous_23)
FN:334,(anonymous_24)
FN:337,(anonymous_25)
FNF:26
FNH:25
FNDA:36,getInitialTab
FNDA:108,(anonymous_1)
FNDA:20,(anonymous_2)
FNDA:36,countDismissedGuides
FNDA:360,(anonymous_4)
FNDA:82,RestoreTabGuides
FNDA:36,(anonymous_6)
FNDA:40,(anonymous_7)
FNDA:0,(anonymous_8)
FNDA:4,(anonymous_9)
FNDA:4,(anonymous_10)
FNDA:79,SettingsPage
FNDA:36,(anonymous_12)
FNDA:36,(anonymous_13)
FNDA:5,handleHashChange
FNDA:11,(anonymous_15)
FNDA:36,(anonymous_16)
FNDA:21,(anonymous_17)
FNDA:5,(anonymous_18)
FNDA:143,(anonymous_19)
FNDA:237,(anonymous_20)
FNDA:366,(anonymous_21)
FNDA:15,(anonymous_22)
FNDA:5,(anonymous_23)
FNDA:1,(anonymous_24)
FNDA:237,(anonymous_25)
DA:24,4
DA:41,4
DA:60,4
DA:63,36
DA:64,36
DA:65,108
DA:73,4
DA:76,20
DA:86,36
DA:87,36
DA:88,360
DA:91,0
DA:100,4
DA:112,82
DA:113,82
DA:114,82
DA:117,82
DA:118,36
DA:122,82
DA:123,40
DA:124,4
DA:125,0
DA:127,4
DA:130,82
DA:131,4
DA:132,4
DA:133,40
DA:138,4
DA:139,4
DA:141,4
DA:144,82
DA:146,82
DA:220,79
DA:221,79
DA:224,79
DA:225,36
DA:226,36
DA:231,79
DA:233,5
DA:234,11
DA:235,4
DA:238,36
DA:239,36
DA:242,79
DA:243,21
DA:244,21
DA:245,21
DA:249,79
DA:251,5
DA:252,5
DA:254,5
DA:255,2
DA:256,3
DA:257,1
DA:258,2
DA:259,1
DA:260,1
DA:261,1
DA:264,5
DA:265,5
DA:266,5
DA:267,5
DA:268,5
DA:269,5
DA:276,143
DA:278,79
DA:301,237
DA:302,237
DA:305,366
DA:311,15
DA:312,5
DA:334,1
DA:338,237
LF:73
LH:71
BRDA:63,0,0,0
BRDA:63,0,1,36
BRDA:65,1,0,1
BRDA:65,1,1,35
BRDA:123,2,0,36
BRDA:123,2,1,4
BRDA:170,3,0,9
BRDA:170,3,1,73
BRDA:175,4,0,9
BRDA:175,4,1,73
BRDA:186,5,0,82
BRDA:186,5,1,4
BRDA:197,6,0,82
BRDA:197,6,1,73
BRDA:197,6,2,69
BRDA:234,7,0,4
BRDA:234,7,1,1
BRDA:254,8,0,2
BRDA:254,8,1,3
BRDA:256,9,0,1
BRDA:256,9,1,2
BRDA:258,10,0,1
BRDA:258,10,1,1
BRDA:260,11,0,1
BRDA:260,11,1,0
BRDA:264,12,0,5
BRDA:264,12,1,0
BRDA:267,13,0,5
BRDA:267,13,1,0
BRDA:310,14,0,79
BRDA:310,14,1,158
BRDA:314,15,0,79
BRDA:314,15,1,158
BRF:33
BRH:29
end_of_record
TN:
SF:src/app/ledger/sign-in/layout.tsx
FN:18,SignInLayout
FNF:1
FNH:0
FNDA:0,SignInLayout
DA:14,0
DA:19,0
LF:2
LH:0
BRF:0
BRH:0
end_of_record
TN:
SF:src/app/ledger/sign-in/page.tsx
FN:45,SignInContent
FN:52,(anonymous_1)
FN:68,handleSignIn
FN:236,(anonymous_3)
FN:264,FeatureItem
FN:280,GoogleGlyph
FN:311,SignInPage
FNF:7
FNH:5
FNDA:14,SignInContent
FNDA:11,(anonymous_1)
FNDA:0,handleSignIn
FNDA:0,(anonymous_3)
FNDA:30,FeatureItem
FNDA:10,GoogleGlyph
FNDA:8,SignInPage
DA:38,1
DA:41,1
DA:46,14
DA:47,14
DA:48,14
DA:49,14
DA:50,14
DA:52,14
DA:54,11
DA:55,2
DA:56,2
DA:57,2
DA:61,9
DA:62,9
DA:63,9
DA:64,9
DA:69,0
DA:71,0
DA:72,0
DA:73,0
DA:78,0
DA:79,0
DA:84,0
DA:85,0
DA:86,0
DA:87,0
DA:88,0
DA:91,0
DA:93,0
DA:106,0
DA:110,14
DA:111,2
DA:121,12
DA:123,12
DA:236,0
DA:265,30
DA:281,10
DA:312,8
LF:38
LH:23
BRDA:54,0,0,2
BRDA:54,0,1,9
BRDA:62,1,0,9
BRDA:62,1,1,0
BRDA:85,2,0,0
BRDA:85,2,1,0
BRDA:110,3,0,2
BRDA:110,3,1,12
BRDA:146,4,0,4
BRDA:146,4,1,8
BRDA:154,5,0,4
BRDA:154,5,1,8
BRDA:159,6,0,4
BRDA:159,6,1,8
BRDA:160,7,0,0
BRDA:160,7,1,4
BRDA:169,8,0,4
BRDA:169,8,1,8
BRDA:195,9,0,0
BRDA:195,9,1,12
BRDA:202,10,0,0
BRDA:202,10,1,12
BRDA:251,11,0,4
BRDA:251,11,1,8
BRF:24
BRH:18
end_of_record
TN:
SF:src/app/ledger/valhalla/layout.tsx
FN:12,ValhallaLayout
FNF:1
FNH:0
FNDA:0,ValhallaLayout
DA:8,0
DA:13,0
LF:2
LH:0
BRF:0
BRH:0
end_of_record
TN:
SF:src/app/ledger/valhalla/page.tsx
FN:10,ValhallaPage
FNF:1
FNH:0
FNDA:0,ValhallaPage
DA:11,0
LF:1
LH:0
BRF:0
BRH:0
end_of_record
TN:
SF:src/components/admin/PackStatusDashboard.tsx
FN:45,PackStatusDashboard
FN:53,(anonymous_1)
FN:79,(anonymous_2)
FN:84,(anonymous_3)
FN:180,WolvesHunt
FN:207,(anonymous_5)
FN:249,(anonymous_6)
FN:291,NornsSpeak
FN:307,(anonymous_8)
FN:316,(anonymous_9)
FN:317,(anonymous_10)
FN:343,(anonymous_11)
FN:344,(anonymous_12)
FN:364,ChainsYetForged
FN:376,(anonymous_14)
FN:402,ScrollsForOdin
FN:403,(anonymous_16)
FN:416,(anonymous_17)
FN:439,HowlCommands
FN:440,(anonymous_19)
FN:451,(anonymous_20)
FN:453,(anonymous_21)
FN:456,(anonymous_22)
FN:463,(anonymous_23)
FN:468,(anonymous_24)
FN:477,(anonymous_25)
FN:508,Section
FN:530,RuneDivider
FN:540,EmptyState
FN:546,IssueLink
FN:561,PrLink
FN:575,TypeBadge
FN:595,PriorityBadge
FN:614,CIBadge
FN:637,VerdictBadge
FN:663,ChainPipeline
FN:665,(anonymous_36)
FN:668,(anonymous_37)
FN:674,(anonymous_38)
FN:695,CopyButton
FN:698,handleCopy
FN:702,(anonymous_41)
FN:729,Th
FN:740,Td
FNF:44
FNH:0
FNDA:0,PackStatusDashboard
FNDA:0,(anonymous_1)
FNDA:0,(anonymous_2)
FNDA:0,(anonymous_3)
FNDA:0,WolvesHunt
FNDA:0,(anonymous_5)
FNDA:0,(anonymous_6)
FNDA:0,NornsSpeak
FNDA:0,(anonymous_8)
FNDA:0,(anonymous_9)
FNDA:0,(anonymous_10)
FNDA:0,(anonymous_11)
FNDA:0,(anonymous_12)
FNDA:0,ChainsYetForged
FNDA:0,(anonymous_14)
FNDA:0,ScrollsForOdin
FNDA:0,(anonymous_16)
FNDA:0,(anonymous_17)
FNDA:0,HowlCommands
FNDA:0,(anonymous_19)
FNDA:0,(anonymous_20)
FNDA:0,(anonymous_21)
FNDA:0,(anonymous_22)
FNDA:0,(anonymous_23)
FNDA:0,(anonymous_24)
FNDA:0,(anonymous_25)
FNDA:0,Section
FNDA:0,RuneDivider
FNDA:0,EmptyState
FNDA:0,IssueLink
FNDA:0,PrLink
FNDA:0,TypeBadge
FNDA:0,PriorityBadge
FNDA:0,CIBadge
FNDA:0,VerdictBadge
FNDA:0,ChainPipeline
FNDA:0,(anonymous_36)
FNDA:0,(anonymous_37)
FNDA:0,(anonymous_38)
FNDA:0,CopyButton
FNDA:0,handleCopy
FNDA:0,(anonymous_41)
FNDA:0,Th
FNDA:0,Td
DA:19,0
DA:29,0
DA:30,0
DA:31,0
DA:35,0
DA:36,0
DA:37,0
DA:38,0
DA:39,0
DA:40,0
DA:41,0
DA:46,0
DA:47,0
DA:48,0
DA:49,0
DA:50,0
DA:51,0
DA:53,0
DA:54,0
DA:56,0
DA:57,0
DA:58,0
DA:62,0
DA:63,0
DA:64,0
DA:67,0
DA:68,0
DA:69,0
DA:70,0
DA:72,0
DA:74,0
DA:79,0
DA:80,0
DA:82,0
DA:84,0
DA:85,0
DA:89,0
DA:90,0
DA:108,0
DA:109,0
DA:118,0
DA:181,0
DA:182,0
DA:189,0
DA:208,0
DA:250,0
DA:298,0
DA:307,0
DA:309,0
DA:316,0
DA:318,0
DA:344,0
DA:345,0
DA:365,0
DA:366,0
DA:373,0
DA:377,0
DA:403,0
DA:405,0
DA:406,0
DA:413,0
DA:417,0
DA:440,0
DA:442,0
DA:443,0
DA:451,0
DA:452,0
DA:453,0
DA:455,0
DA:456,0
DA:459,0
DA:463,0
DA:465,0
DA:469,0
DA:478,0
DA:517,0
DA:531,0
DA:541,0
DA:547,0
DA:562,0
DA:576,0
DA:585,0
DA:596,0
DA:602,0
DA:604,0
DA:615,0
DA:617,0
DA:624,0
DA:626,0
DA:638,0
DA:639,0
DA:649,0
DA:650,0
DA:652,0
DA:665,0
DA:668,0
DA:669,0
DA:672,0
DA:675,0
DA:696,0
DA:699,0
DA:700,0
DA:701,0
DA:702,0
DA:708,0
DA:730,0
DA:741,0
LF:107
LH:0
BRDA:54,0,0,0
BRDA:54,0,1,0
BRDA:62,1,0,0
BRDA:62,1,1,0
BRDA:64,2,0,0
BRDA:64,2,1,0
BRDA:72,3,0,0
BRDA:72,3,1,0
BRDA:85,4,0,0
BRDA:85,4,1,0
BRDA:89,5,0,0
BRDA:89,5,1,0
BRDA:89,6,0,0
BRDA:89,6,1,0
BRDA:108,7,0,0
BRDA:108,7,1,0
BRDA:126,8,0,0
BRDA:126,8,1,0
BRDA:129,9,0,0
BRDA:129,9,1,0
BRDA:145,10,0,0
BRDA:145,10,1,0
BRDA:181,11,0,0
BRDA:181,11,1,0
BRDA:213,12,0,0
BRDA:213,12,1,0
BRDA:215,13,0,0
BRDA:215,13,1,0
BRDA:230,14,0,0
BRDA:230,14,1,0
BRDA:235,15,0,0
BRDA:235,15,1,0
BRDA:257,16,0,0
BRDA:257,16,1,0
BRDA:259,17,0,0
BRDA:259,17,1,0
BRDA:276,18,0,0
BRDA:276,18,1,0
BRDA:279,19,0,0
BRDA:279,19,1,0
BRDA:311,20,0,0
BRDA:311,20,1,0
BRDA:365,21,0,0
BRDA:365,21,1,0
BRDA:405,22,0,0
BRDA:405,22,1,0
BRDA:442,23,0,0
BRDA:442,23,1,0
BRDA:453,24,0,0
BRDA:453,24,1,0
BRDA:453,24,2,0
BRDA:456,25,0,0
BRDA:456,25,1,0
BRDA:456,25,2,0
BRDA:554,26,0,0
BRDA:554,26,1,0
BRDA:590,27,0,0
BRDA:590,27,1,0
BRDA:602,28,0,0
BRDA:602,28,1,0
BRDA:615,29,0,0
BRDA:615,29,1,0
BRDA:624,30,0,0
BRDA:624,30,1,0
BRDA:638,31,0,0
BRDA:638,31,1,0
BRDA:650,32,0,0
BRDA:650,32,1,0
BRDA:658,33,0,0
BRDA:658,33,1,0
BRDA:679,34,0,0
BRDA:679,34,1,0
BRDA:680,35,0,0
BRDA:680,35,1,0
BRDA:681,36,0,0
BRDA:681,36,1,0
BRDA:686,37,0,0
BRDA:686,37,1,0
BRDA:714,38,0,0
BRDA:714,38,1,0
BRDA:715,39,0,0
BRDA:715,39,1,0
BRDA:722,40,0,0
BRDA:722,40,1,0
BRF:84
BRH:0
end_of_record
TN:
SF:src/components/analytics/UmamiScript.tsx
FN:16,UmamiScript
FNF:1
FNH:1
FNDA:10,UmamiScript
DA:17,10
DA:19,8
LF:2
LH:2
BRDA:17,0,0,2
BRDA:17,0,1,8
BRF:2
BRH:2
end_of_record
TN:
SF:src/components/cards/CardForm.tsx
FN:80,(anonymous_0)
FN:82,(anonymous_1)
FN:88,(anonymous_2)
FN:90,(anonymous_3)
FN:118,CardForm
FN:136,(anonymous_5)
FN:144,(anonymous_6)
FN:157,(anonymous_7)
FN:164,(anonymous_8)
FN:169,(anonymous_9)
FN:229,(anonymous_10)
FN:246,(anonymous_11)
FN:247,(anonymous_12)
FN:252,(anonymous_13)
FN:259,(anonymous_14)
FN:361,(anonymous_15)
FN:399,(anonymous_16)
FN:413,(anonymous_17)
FN:422,(anonymous_18)
FN:424,(anonymous_19)
FN:425,(anonymous_20)
FN:426,(anonymous_21)
FN:445,(anonymous_22)
FN:455,(anonymous_23)
FN:462,(anonymous_24)
FN:526,(anonymous_25)
FN:532,(anonymous_26)
FN:602,(anonymous_27)
FN:633,(anonymous_28)
FN:659,(anonymous_29)
FN:690,(anonymous_30)
FN:697,(anonymous_31)
FN:697,(anonymous_32)
FN:700,(anonymous_33)
FN:700,(anonymous_34)
FN:765,(anonymous_35)
FN:771,(anonymous_36)
FN:842,(anonymous_37)
FN:873,(anonymous_38)
FN:908,(anonymous_39)
FN:926,(anonymous_40)
FN:1002,(anonymous_41)
FN:1008,(anonymous_42)
FN:1014,(anonymous_43)
FN:1032,(anonymous_44)
FN:1036,(anonymous_45)
FN:1064,(anonymous_46)
FN:1097,(anonymous_47)
FN:1117,(anonymous_48)
FN:1152,(anonymous_49)
FNF:50
FNH:19
FNDA:1,(anonymous_0)
FNDA:1,(anonymous_1)
FNDA:1,(anonymous_2)
FNDA:1,(anonymous_3)
FNDA:39,CardForm
FNDA:0,(anonymous_5)
FNDA:0,(anonymous_6)
FNDA:0,(anonymous_7)
FNDA:39,(anonymous_8)
FNDA:39,(anonymous_9)
FNDA:15,(anonymous_10)
FNDA:1,(anonymous_11)
FNDA:0,(anonymous_12)
FNDA:4,(anonymous_13)
FNDA:18,(anonymous_14)
FNDA:1,(anonymous_15)
FNDA:0,(anonymous_16)
FNDA:0,(anonymous_17)
FNDA:1,(anonymous_18)
FNDA:1,(anonymous_19)
FNDA:1,(anonymous_20)
FNDA:0,(anonymous_21)
FNDA:70,(anonymous_22)
FNDA:0,(anonymous_23)
FNDA:0,(anonymous_24)
FNDA:4,(anonymous_25)
FNDA:385,(anonymous_26)
FNDA:0,(anonymous_27)
FNDA:0,(anonymous_28)
FNDA:0,(anonymous_29)
FNDA:0,(anonymous_30)
FNDA:0,(anonymous_31)
FNDA:0,(anonymous_32)
FNDA:0,(anonymous_33)
FNDA:0,(anonymous_34)
FNDA:0,(anonymous_35)
FNDA:44,(anonymous_36)
FNDA:0,(anonymous_37)
FNDA:0,(anonymous_38)
FNDA:0,(anonymous_39)
FNDA:0,(anonymous_40)
FNDA:0,(anonymous_41)
FNDA:0,(anonymous_42)
FNDA:0,(anonymous_43)
FNDA:0,(anonymous_44)
FNDA:0,(anonymous_45)
FNDA:0,(anonymous_46)
FNDA:0,(anonymous_47)
FNDA:0,(anonymous_48)
FNDA:0,(anonymous_49)
DA:68,2
DA:72,2
DA:80,1
DA:82,1
DA:88,1
DA:90,1
DA:119,39
DA:120,39
DA:121,39
DA:122,39
DA:123,39
DA:124,39
DA:126,39
DA:127,39
DA:128,39
DA:129,39
DA:130,39
DA:131,39
DA:134,39
DA:135,39
DA:136,0
DA:144,0
DA:149,39
DA:157,39
DA:158,0
DA:159,0
DA:163,39
DA:164,39
DA:165,39
DA:166,39
DA:167,39
DA:169,39
DA:170,39
DA:171,39
DA:172,39
DA:178,39
DA:214,39
DA:220,39
DA:221,39
DA:222,39
DA:223,39
DA:224,39
DA:228,39
DA:229,39
DA:230,15
DA:231,4
DA:233,4
DA:234,4
DA:236,4
DA:237,4
DA:238,4
DA:240,15
DA:241,15
DA:242,15
DA:246,39
DA:247,1
DA:248,0
DA:252,39
DA:253,4
DA:255,4
DA:257,4
DA:258,4
DA:259,18
DA:260,4
DA:262,4
DA:263,2
DA:264,2
DA:265,2
DA:269,2
DA:272,2
DA:274,2
DA:275,0
DA:276,0
DA:277,0
DA:278,0
DA:282,2
DA:283,0
DA:284,0
DA:285,0
DA:286,0
DA:295,2
DA:296,4
DA:297,4
DA:301,4
DA:329,4
DA:331,4
DA:332,4
DA:335,4
DA:336,4
DA:337,4
DA:338,4
DA:339,4
DA:340,0
DA:344,2
DA:345,2
DA:346,2
DA:347,2
DA:348,2
DA:355,2
DA:356,2
DA:357,1
DA:361,1
DA:362,1
DA:363,1
DA:364,1
DA:365,1
DA:366,1
DA:369,1
DA:370,0
DA:372,1
DA:378,0
DA:385,1
DA:392,2
DA:394,0
DA:395,0
DA:399,39
DA:400,0
DA:402,0
DA:403,0
DA:413,39
DA:414,0
DA:415,0
DA:416,0
DA:422,39
DA:423,1
DA:424,1
DA:425,1
DA:427,0
DA:429,1
DA:430,1
DA:431,1
DA:435,39
DA:446,70
DA:447,70
DA:456,0
DA:457,0
DA:458,0
DA:459,0
DA:463,0
DA:464,0
DA:465,0
DA:466,0
DA:467,0
DA:468,0
DA:526,4
DA:533,385
DA:534,385
DA:603,0
DA:633,0
DA:660,0
DA:690,0
DA:697,0
DA:698,0
DA:700,0
DA:701,0
DA:765,0
DA:772,44
DA:773,44
DA:843,0
DA:873,0
DA:909,0
DA:927,0
DA:1002,0
DA:1008,0
DA:1014,0
DA:1032,0
DA:1036,0
DA:1064,0
DA:1097,0
DA:1117,0
DA:1152,0
LF:171
LH:114
BRDA:80,0,0,1
BRDA:80,0,1,1
BRDA:82,1,0,1
BRDA:82,1,1,0
BRDA:82,1,2,0
BRDA:88,2,0,1
BRDA:88,2,1,0
BRDA:90,3,0,1
BRDA:90,3,1,0
BRDA:90,3,2,0
BRDA:137,4,0,0
BRDA:137,4,1,0
BRDA:145,5,0,0
BRDA:145,5,1,0
BRDA:149,6,0,39
BRDA:149,6,1,0
BRDA:158,7,0,0
BRDA:158,7,1,0
BRDA:163,8,0,39
BRDA:163,8,1,0
BRDA:167,9,0,39
BRDA:167,9,1,0
BRDA:172,10,0,39
BRDA:172,10,1,0
BRDA:178,11,0,4
BRDA:178,11,1,35
BRDA:182,12,0,4
BRDA:182,12,1,0
BRDA:182,12,2,0
BRDA:185,13,0,4
BRDA:185,13,1,0
BRDA:185,13,2,0
BRDA:186,14,0,4
BRDA:186,14,1,0
BRDA:187,15,0,4
BRDA:187,15,1,0
BRDA:190,16,0,4
BRDA:190,16,1,0
BRDA:193,17,0,4
BRDA:193,17,1,0
BRDA:193,18,0,4
BRDA:193,18,1,0
BRDA:196,19,0,4
BRDA:196,19,1,0
BRDA:198,20,0,4
BRDA:198,20,1,0
BRDA:228,21,0,39
BRDA:228,21,1,0
BRDA:230,22,0,11
BRDA:230,22,1,4
BRDA:230,23,0,15
BRDA:230,23,1,15
BRDA:234,24,0,0
BRDA:234,24,1,4
BRDA:238,25,0,4
BRDA:238,25,1,0
BRDA:242,26,0,15
BRDA:242,26,1,0
BRDA:257,27,0,4
BRDA:257,27,1,0
BRDA:259,28,0,18
BRDA:259,28,1,17
BRDA:262,29,0,2
BRDA:262,29,1,2
BRDA:263,30,0,2
BRDA:263,30,1,0
BRDA:272,31,0,2
BRDA:272,31,1,0
BRDA:272,32,0,2
BRDA:272,32,1,2
BRDA:274,33,0,0
BRDA:274,33,1,2
BRDA:274,34,0,2
BRDA:274,34,1,0
BRDA:278,35,0,0
BRDA:278,35,1,0
BRDA:282,36,0,0
BRDA:282,36,1,2
BRDA:282,37,0,2
BRDA:282,37,1,0
BRDA:286,38,0,0
BRDA:286,38,1,0
BRDA:295,39,0,2
BRDA:295,39,1,0
BRDA:296,40,0,4
BRDA:296,40,1,0
BRDA:296,40,2,0
BRDA:297,41,0,4
BRDA:297,41,1,0
BRDA:297,41,2,0
BRDA:302,42,0,4
BRDA:302,42,1,2
BRDA:303,43,0,4
BRDA:303,43,1,2
BRDA:307,44,0,4
BRDA:307,44,1,2
BRDA:308,45,0,4
BRDA:308,45,1,0
BRDA:311,46,0,0
BRDA:311,46,1,2
BRDA:314,47,0,0
BRDA:314,47,1,0
BRDA:315,48,0,0
BRDA:315,48,1,0
BRDA:317,49,0,0
BRDA:317,49,1,0
BRDA:322,50,0,0
BRDA:322,50,1,2
BRDA:323,51,0,4
BRDA:323,51,1,0
BRDA:324,52,0,4
BRDA:324,52,1,2
BRDA:336,53,0,4
BRDA:336,53,1,1
BRDA:339,54,0,0
BRDA:339,54,1,4
BRDA:344,55,0,2
BRDA:344,55,1,0
BRDA:347,56,0,2
BRDA:347,56,1,0
BRDA:356,57,0,1
BRDA:356,57,1,1
BRDA:364,58,0,1
BRDA:364,58,1,0
BRDA:369,59,0,0
BRDA:369,59,1,1
BRDA:400,60,0,0
BRDA:400,60,1,0
BRDA:414,61,0,0
BRDA:414,61,1,0
BRDA:415,62,0,0
BRDA:415,62,1,0
BRDA:427,63,0,0
BRDA:427,63,1,0
BRDA:429,64,0,1
BRDA:429,64,1,0
BRDA:439,65,0,39
BRDA:439,65,1,35
BRDA:454,66,0,35
BRDA:454,66,1,35
BRDA:456,67,0,0
BRDA:456,67,1,0
BRDA:456,68,0,0
BRDA:456,68,1,0
BRDA:458,69,0,0
BRDA:458,69,1,0
BRDA:458,70,0,0
BRDA:458,70,1,0
BRDA:463,71,0,0
BRDA:463,71,1,0
BRDA:463,72,0,0
BRDA:463,72,1,0
BRDA:466,73,0,0
BRDA:466,73,1,0
BRDA:466,74,0,0
BRDA:466,74,1,0
BRDA:475,75,0,35
BRDA:475,75,1,35
BRDA:480,76,0,35
BRDA:480,76,1,35
BRDA:483,77,0,70
BRDA:483,77,1,0
BRDA:503,78,0,39
BRDA:503,78,1,35
BRDA:506,79,0,35
BRDA:506,79,1,35
BRDA:525,80,0,35
BRDA:525,80,1,19
BRDA:536,81,0,385
BRDA:536,81,1,0
BRDA:542,82,0,35
BRDA:542,82,1,1
BRDA:557,83,0,35
BRDA:557,83,1,0
BRDA:566,84,0,35
BRDA:566,84,1,0
BRDA:587,85,0,35
BRDA:587,85,1,0
BRDA:601,86,0,35
BRDA:601,86,1,35
BRDA:632,87,0,35
BRDA:632,87,1,35
BRDA:672,88,0,35
BRDA:672,88,1,0
BRDA:689,89,0,0
BRDA:689,89,1,0
BRDA:705,90,0,0
BRDA:705,90,1,0
BRDA:755,91,0,39
BRDA:755,91,1,4
BRDA:764,92,0,4
BRDA:764,92,1,0
BRDA:775,93,0,44
BRDA:775,93,1,0
BRDA:781,94,0,4
BRDA:781,94,1,0
BRDA:795,95,0,4
BRDA:795,95,1,0
BRDA:804,96,0,4
BRDA:804,96,1,0
BRDA:824,97,0,4
BRDA:824,97,1,0
BRDA:841,98,0,4
BRDA:841,98,1,0
BRDA:872,99,0,4
BRDA:872,99,1,0
BRDA:925,100,0,4
BRDA:925,100,1,4
BRDA:978,101,0,39
BRDA:978,101,1,4
BRDA:978,101,2,4
BRDA:989,102,0,2
BRDA:989,102,1,2
BRDA:989,103,0,4
BRDA:989,103,1,4
BRDA:1078,104,0,39
BRDA:1078,104,1,4
BRDA:1078,104,2,0
BRDA:1123,105,0,39
BRDA:1123,105,1,35
BRDA:1123,105,2,35
BRDA:1146,106,0,39
BRDA:1146,106,1,35
BRDA:1146,106,2,0
BRDA:1169,107,0,39
BRDA:1169,107,1,4
BRF:226
BRH:120
end_of_record
TN:
SF:src/components/cards/GleipnirBearSinews.tsx
FN:27,GleipnirBearSinews
FN:30,(anonymous_1)
FN:33,(anonymous_2)
FN:96,useGleipnirFragment4
FN:99,trigger
FN:107,dismiss
FNF:6
FNH:0
FNDA:0,GleipnirBearSinews
FNDA:0,(anonymous_1)
FNDA:0,(anonymous_2)
FNDA:0,useGleipnirFragment4
FNDA:0,trigger
FNDA:0,dismiss
DA:16,0
DA:18,0
DA:19,0
DA:28,0
DA:30,0
DA:31,0
DA:33,0
DA:34,0
DA:36,0
DA:40,0
DA:97,0
DA:100,0
DA:101,0
DA:102,0
DA:103,0
DA:108,0
DA:111,0
LF:17
LH:0
BRDA:31,0,0,0
BRDA:31,0,1,0
BRDA:73,1,0,0
BRDA:73,1,1,0
BRDA:100,2,0,0
BRDA:100,2,1,0
BRF:6
BRH:0
end_of_record
TN:
SF:src/components/cards/GleipnirBirdSpittle.tsx
FN:27,GleipnirBirdSpittle
FN:30,(anonymous_1)
FN:33,(anonymous_2)
FN:96,useGleipnirFragment6
FN:99,trigger
FN:107,dismiss
FNF:6
FNH:0
FNDA:0,GleipnirBirdSpittle
FNDA:0,(anonymous_1)
FNDA:0,(anonymous_2)
FNDA:0,useGleipnirFragment6
FNDA:0,trigger
FNDA:0,dismiss
DA:16,0
DA:18,0
DA:19,0
DA:28,0
DA:30,0
DA:31,0
DA:33,0
DA:34,0
DA:36,0
DA:40,0
DA:97,0
DA:100,0
DA:101,0
DA:102,0
DA:103,0
DA:108,0
DA:111,0
LF:17
LH:0
BRDA:31,0,0,0
BRDA:31,0,1,0
BRDA:73,1,0,0
BRDA:73,1,1,0
BRDA:100,2,0,0
BRDA:100,2,1,0
BRF:6
BRH:0
end_of_record
TN:
SF:src/components/cards/GleipnirCatFootfall.tsx
FN:35,GleipnirCatFootfall
FN:38,(anonymous_1)
FN:44,(anonymous_2)
FN:52,(anonymous_3)
FN:175,fadeIn
FN:178,(anonymous_5)
FN:185,fadeOut
FN:187,(anonymous_7)
FN:199,useGleipnirFragment1
FN:203,trigger
FN:213,(anonymous_10)
FN:222,dismiss
FN:226,(anonymous_12)
FNF:13
FNH:3
FNDA:5,GleipnirCatFootfall
FNDA:5,(anonymous_1)
FNDA:0,(anonymous_2)
FNDA:0,(anonymous_3)
FNDA:0,fadeIn
FNDA:0,(anonymous_5)
FNDA:0,fadeOut
FNDA:0,(anonymous_7)
FNDA:5,useGleipnirFragment1
FNDA:0,trigger
FNDA:0,(anonymous_10)
FNDA:0,dismiss
FNDA:0,(anonymous_12)
DA:24,2
DA:26,2
DA:27,2
DA:36,5
DA:38,5
DA:39,5
DA:41,0
DA:44,0
DA:45,0
DA:47,0
DA:51,5
DA:52,0
DA:172,2
DA:173,2
DA:176,0
DA:177,0
DA:178,0
DA:179,0
DA:180,0
DA:181,0
DA:186,0
DA:187,0
DA:188,0
DA:189,0
DA:190,0
DA:191,0
DA:192,0
DA:193,0
DA:194,0
DA:200,5
DA:201,5
DA:204,0
DA:205,0
DA:206,0
DA:207,0
DA:210,0
DA:211,0
DA:212,0
DA:213,0
DA:214,0
DA:215,0
DA:223,0
DA:224,0
DA:225,0
DA:226,0
DA:228,0
DA:231,5
LF:47
LH:12
BRDA:39,0,0,0
BRDA:39,0,1,5
BRDA:52,1,0,0
BRDA:52,1,1,0
BRDA:130,2,0,5
BRDA:130,2,1,0
BRDA:181,3,0,0
BRDA:181,3,1,0
BRDA:190,4,0,0
BRDA:190,4,1,0
BRDA:204,5,0,0
BRDA:204,5,1,0
BRDA:224,6,0,0
BRDA:224,6,1,0
BRF:14
BRH:2
end_of_record
TN:
SF:src/components/cards/GleipnirFishBreath.tsx
FN:29,GleipnirFishBreath
FN:32,(anonymous_1)
FN:34,(anonymous_2)
FN:124,useGleipnirFragment5
FN:127,trigger
FN:135,dismiss
FNF:6
FNH:3
FNDA:12,GleipnirFishBreath
FNDA:12,(anonymous_1)
FNDA:0,(anonymous_2)
FNDA:12,useGleipnirFragment5
FNDA:0,trigger
FNDA:0,dismiss
DA:18,3
DA:20,3
DA:21,3
DA:30,12
DA:32,12
DA:33,12
DA:34,0
DA:35,0
DA:37,0
DA:41,12
DA:125,12
DA:128,0
DA:129,0
DA:130,0
DA:131,0
DA:136,0
DA:139,12
LF:17
LH:9
BRDA:33,0,0,0
BRDA:33,0,1,12
BRDA:111,1,0,12
BRDA:111,1,1,0
BRDA:128,2,0,0
BRDA:128,2,1,0
BRF:6
BRH:2
end_of_record
TN:
SF:src/components/cards/GleipnirMountainRoots.tsx
FN:27,GleipnirMountainRoots
FN:30,(anonymous_1)
FN:33,(anonymous_2)
FN:97,useGleipnirFragment3
FN:100,trigger
FN:108,dismiss
FNF:6
FNH:6
FNDA:72,GleipnirMountainRoots
FNDA:39,(anonymous_1)
FNDA:18,(anonymous_2)
FNDA:99,useGleipnirFragment3
FNDA:13,trigger
FNDA:2,dismiss
DA:16,5
DA:18,5
DA:19,5
DA:28,72
DA:30,72
DA:31,39
DA:33,3
DA:34,18
DA:36,3
DA:40,72
DA:98,99
DA:101,13
DA:102,9
DA:103,9
DA:104,9
DA:109,2
DA:112,99
LF:17
LH:17
BRDA:31,0,0,3
BRDA:31,0,1,36
BRDA:73,1,0,72
BRDA:73,1,1,0
BRDA:101,2,0,9
BRDA:101,2,1,4
BRF:6
BRH:5
end_of_record
TN:
SF:src/components/cards/GleipnirWomansBeard.tsx
FN:35,GleipnirWomansBeard
FN:38,(anonymous_1)
FN:44,(anonymous_2)
FN:52,(anonymous_3)
FN:169,fadeIn
FN:172,(anonymous_5)
FN:179,fadeOut
FN:181,(anonymous_7)
FN:193,useGleipnirFragment2
FN:197,trigger
FN:207,(anonymous_10)
FN:216,dismiss
FN:220,(anonymous_12)
FNF:13
FNH:3
FNDA:12,GleipnirWomansBeard
FNDA:12,(anonymous_1)
FNDA:0,(anonymous_2)
FNDA:0,(anonymous_3)
FNDA:0,fadeIn
FNDA:0,(anonymous_5)
FNDA:0,fadeOut
FNDA:0,(anonymous_7)
FNDA:12,useGleipnirFragment2
FNDA:0,trigger
FNDA:0,(anonymous_10)
FNDA:0,dismiss
FNDA:0,(anonymous_12)
DA:24,3
DA:26,3
DA:27,3
DA:36,12
DA:38,12
DA:39,12
DA:41,0
DA:44,0
DA:45,0
DA:47,0
DA:51,12
DA:52,0
DA:166,3
DA:167,3
DA:170,0
DA:171,0
DA:172,0
DA:173,0
DA:174,0
DA:175,0
DA:180,0
DA:181,0
DA:182,0
DA:183,0
DA:184,0
DA:185,0
DA:186,0
DA:187,0
DA:188,0
DA:194,12
DA:195,12
DA:198,0
DA:199,0
DA:200,0
DA:201,0
DA:204,0
DA:205,0
DA:206,0
DA:207,0
DA:208,0
DA:209,0
DA:217,0
DA:218,0
DA:219,0
DA:220,0
DA:222,0
DA:225,12
LF:47
LH:12
BRDA:39,0,0,0
BRDA:39,0,1,12
BRDA:52,1,0,0
BRDA:52,1,1,0
BRDA:130,2,0,12
BRDA:130,2,1,0
BRDA:175,3,0,0
BRDA:175,3,1,0
BRDA:184,4,0,0
BRDA:184,4,1,0
BRDA:198,5,0,0
BRDA:198,5,1,0
BRDA:218,6,0,0
BRDA:218,6,1,0
BRF:14
BRH:2
end_of_record
TN:
SF:src/components/dashboard/AnimatedCardGrid.tsx
FN:75,makeCardVariants
FN:124,AnimatedCardGrid
FN:130,(anonymous_2)
FNF:3
FNH:0
FNDA:0,makeCardVariants
FNDA:0,AnimatedCardGrid
FNDA:0,(anonymous_2)
DA:35,0
DA:55,0
DA:61,0
DA:79,0
DA:80,0
DA:87,0
DA:125,0
DA:127,0
DA:131,0
DA:134,0
DA:136,0
LF:11
LH:0
BRDA:79,0,0,0
BRDA:79,0,1,0
BRDA:125,1,0,0
BRDA:125,1,1,0
BRDA:131,2,0,0
BRDA:131,2,1,0
BRF:6
BRH:0
end_of_record
TN:
SF:src/components/dashboard/CardSkeletonGrid.tsx
FN:24,SkeletonTile
FN:66,CardSkeletonGrid
FN:77,(anonymous_2)
FNF:3
FNH:0
FNDA:0,SkeletonTile
FNDA:0,CardSkeletonGrid
FNDA:0,(anonymous_2)
DA:25,0
DA:31,0
DA:67,0
DA:78,0
LF:4
LH:0
BRDA:66,0,0,0
BRF:1
BRH:0
end_of_record
TN:
SF:src/components/dashboard/CardTile.tsx
FN:48,getTotalDays
FN:58,CardTile
FN:72,(anonymous_2)
FN:82,(anonymous_3)
FNF:4
FNH:4
FNDA:12,getTotalDays
FNDA:12,CardTile
FNDA:12,(anonymous_2)
FNDA:12,(anonymous_3)
DA:31,4
DA:49,12
DA:50,9
DA:51,9
DA:52,9
DA:53,9
DA:54,9
DA:55,9
DA:59,12
DA:61,12
DA:62,12
DA:63,12
DA:65,12
DA:72,12
DA:73,12
DA:74,12
DA:75,12
DA:77,12
DA:78,3
DA:79,3
DA:82,12
DA:83,12
DA:84,0
DA:85,12
DA:86,0
DA:87,12
DA:88,3
DA:89,3
DA:92,12
DA:93,12
DA:94,12
DA:96,12
LF:32
LH:30
BRDA:49,0,0,3
BRDA:49,0,1,9
BRDA:49,1,0,12
BRDA:49,1,1,12
BRDA:52,2,0,0
BRDA:52,2,1,9
BRDA:52,3,0,9
BRDA:52,3,1,9
BRDA:55,4,0,9
BRDA:55,4,1,0
BRDA:59,5,0,12
BRDA:59,5,1,0
BRDA:61,6,0,12
BRDA:61,6,1,9
BRDA:62,7,0,12
BRDA:62,7,1,0
BRDA:63,8,0,9
BRDA:63,8,1,3
BRDA:65,9,0,0
BRDA:65,9,1,12
BRDA:65,10,0,12
BRDA:65,10,1,0
BRDA:73,11,0,0
BRDA:73,11,1,12
BRDA:74,12,0,0
BRDA:74,12,1,12
BRDA:74,13,0,12
BRDA:74,13,1,0
BRDA:75,14,0,0
BRDA:75,14,1,12
BRDA:75,15,0,12
BRDA:75,15,1,0
BRDA:77,16,0,9
BRDA:77,16,1,3
BRDA:78,17,0,0
BRDA:78,17,1,3
BRDA:83,18,0,0
BRDA:83,18,1,12
BRDA:83,19,0,12
BRDA:83,19,1,0
BRDA:85,20,0,0
BRDA:85,20,1,12
BRDA:85,21,0,12
BRDA:85,21,1,0
BRDA:87,22,0,9
BRDA:87,22,1,3
BRDA:88,23,0,0
BRDA:88,23,1,3
BRDA:108,24,0,12
BRDA:108,24,1,10
BRDA:134,25,0,12
BRDA:134,25,1,0
BRDA:156,26,0,12
BRDA:156,26,1,0
BRDA:164,27,0,9
BRDA:164,27,1,3
BRDA:169,28,0,12
BRDA:169,28,1,9
BRDA:174,29,0,9
BRDA:174,29,1,0
BRDA:174,30,0,9
BRDA:174,30,1,9
BRDA:180,31,0,9
BRDA:180,31,1,9
BRDA:180,31,2,0
BRDA:180,31,3,0
BRDA:188,32,0,12
BRDA:188,32,1,0
BRDA:188,32,2,0
BRDA:193,33,0,0
BRDA:193,33,1,0
BRDA:193,34,0,0
BRDA:193,34,1,0
BRDA:199,35,0,0
BRDA:199,35,1,0
BRDA:199,35,2,0
BRDA:199,35,3,0
BRF:77
BRH:45
end_of_record
TN:
SF:src/components/dashboard/CardUrgencyBar.tsx
FN:20,CardUrgencyBar
FNF:1
FNH:0
FNDA:0,CardUrgencyBar
DA:14,0
DA:21,0
DA:22,0
DA:25,0
DA:29,0
DA:37,0
DA:38,0
DA:39,0
DA:40,0
DA:42,0
DA:45,0
LF:11
LH:0
BRDA:21,0,0,0
BRDA:21,0,1,0
BRDA:22,1,0,0
BRDA:22,1,1,0
BRDA:24,2,0,0
BRDA:24,2,1,0
BRDA:29,3,0,0
BRDA:29,3,1,0
BRDA:31,4,0,0
BRDA:31,4,1,0
BRDA:37,5,0,0
BRDA:37,5,1,0
BRDA:38,6,0,0
BRDA:38,6,1,0
BRDA:39,7,0,0
BRDA:39,7,1,0
BRDA:40,8,0,0
BRDA:40,8,1,0
BRDA:42,9,0,0
BRDA:42,9,1,0
BRDA:51,10,0,0
BRDA:51,10,1,0
BRDA:53,11,0,0
BRDA:53,11,1,0
BRDA:63,12,0,0
BRDA:63,12,1,0
BRF:26
BRH:0
end_of_record
TN:
SF:src/components/dashboard/Dashboard.tsx
FN:72,isHowlCard
FN:77,isHuntCard
FN:82,isActiveCard
FN:87,isValhallaCard
FN:94,shuffleArray
FN:106,randomRealm
FN:123,UrgencyBar
FN:197,HowlCard
FN:216,TabBadge
FN:257,TabEmptyState
FN:347,Dashboard
FN:369,getInitialTab
FN:405,(anonymous_12)
FN:423,(anonymous_13)
FN:424,handleActivateTab
FN:452,(anonymous_15)
FN:456,(anonymous_16)
FN:465,(anonymous_17)
FN:474,(anonymous_18)
FN:487,(anonymous_19)
FN:488,handleLokiMode
FN:509,(anonymous_21)
FN:514,handleTabKeyDown
FN:544,(anonymous_23)
FN:582,(anonymous_24)
FN:611,(anonymous_25)
FN:634,(anonymous_26)
FN:664,(anonymous_27)
FN:726,(anonymous_28)
FN:753,(anonymous_29)
FN:781,(anonymous_30)
FN:792,(anonymous_31)
FN:821,(anonymous_32)
FN:848,(anonymous_33)
FN:880,(anonymous_34)
FN:884,(anonymous_35)
FN:888,(anonymous_36)
FN:900,(anonymous_37)
FN:907,(anonymous_38)
FN:914,(anonymous_39)
FN:921,(anonymous_40)
FNF:41
FNH:0
FNDA:0,isHowlCard
FNDA:0,isHuntCard
FNDA:0,isActiveCard
FNDA:0,isValhallaCard
FNDA:0,shuffleArray
FNDA:0,randomRealm
FNDA:0,UrgencyBar
FNDA:0,HowlCard
FNDA:0,TabBadge
FNDA:0,TabEmptyState
FNDA:0,Dashboard
FNDA:0,getInitialTab
FNDA:0,(anonymous_12)
FNDA:0,(anonymous_13)
FNDA:0,handleActivateTab
FNDA:0,(anonymous_15)
FNDA:0,(anonymous_16)
FNDA:0,(anonymous_17)
FNDA:0,(anonymous_18)
FNDA:0,(anonymous_19)
FNDA:0,handleLokiMode
FNDA:0,(anonymous_21)
FNDA:0,handleTabKeyDown
FNDA:0,(anonymous_23)
FNDA:0,(anonymous_24)
FNDA:0,(anonymous_25)
FNDA:0,(anonymous_26)
FNDA:0,(anonymous_27)
FNDA:0,(anonymous_28)
FNDA:0,(anonymous_29)
FNDA:0,(anonymous_30)
FNDA:0,(anonymous_31)
FNDA:0,(anonymous_32)
FNDA:0,(anonymous_33)
FNDA:0,(anonymous_34)
FNDA:0,(anonymous_35)
FNDA:0,(anonymous_36)
FNDA:0,(anonymous_37)
FNDA:0,(anonymous_38)
FNDA:0,(anonymous_39)
FNDA:0,(anonymous_40)
DA:59,0
DA:63,0
DA:66,0
DA:69,0
DA:73,0
DA:78,0
DA:83,0
DA:88,0
DA:95,0
DA:96,0
DA:97,0
DA:98,0
DA:99,0
DA:100,0
DA:102,0
DA:107,0
DA:108,0
DA:124,0
DA:125,0
DA:128,0
DA:132,0
DA:140,0
DA:144,0
DA:145,0
DA:146,0
DA:147,0
DA:149,0
DA:154,0
DA:155,0
DA:156,0
DA:157,0
DA:159,0
DA:162,0
DA:198,0
DA:217,0
DA:218,0
DA:238,0
DA:258,0
DA:259,0
DA:276,0
DA:348,0
DA:349,0
DA:350,0
DA:352,0
DA:353,0
DA:354,0
DA:355,0
DA:356,0
DA:357,0
DA:358,0
DA:359,0
DA:362,0
DA:363,0
DA:364,0
DA:365,0
DA:372,0
DA:373,0
DA:375,0
DA:377,0
DA:379,0
DA:382,0
DA:387,0
DA:388,0
DA:391,0
DA:392,0
DA:399,0
DA:402,0
DA:405,0
DA:406,0
DA:407,0
DA:409,0
DA:410,0
DA:412,0
DA:413,0
DA:415,0
DA:416,0
DA:423,0
DA:425,0
DA:426,0
DA:427,0
DA:429,0
DA:430,0
DA:431,0
DA:434,0
DA:435,0
DA:436,0
DA:439,0
DA:440,0
DA:441,0
DA:444,0
DA:445,0
DA:446,0
DA:448,0
DA:451,0
DA:452,0
DA:456,0
DA:457,0
DA:458,0
DA:465,0
DA:466,0
DA:467,0
DA:472,0
DA:473,0
DA:474,0
DA:475,0
DA:476,0
DA:477,0
DA:479,0
DA:483,0
DA:484,0
DA:485,0
DA:487,0
DA:489,0
DA:490,0
DA:492,0
DA:493,0
DA:494,0
DA:495,0
DA:496,0
DA:498,0
DA:499,0
DA:500,0
DA:502,0
DA:503,0
DA:504,0
DA:508,0
DA:509,0
DA:515,0
DA:516,0
DA:518,0
DA:519,0
DA:520,0
DA:521,0
DA:522,0
DA:523,0
DA:524,0
DA:525,0
DA:526,0
DA:527,0
DA:528,0
DA:529,0
DA:532,0
DA:533,0
DA:534,0
DA:535,0
DA:537,0
DA:538,0
DA:544,0
DA:545,0
DA:546,0
DA:550,0
DA:551,0
DA:552,0
DA:553,0
DA:555,0
DA:558,0
DA:561,0
DA:564,0
DA:573,0
DA:583,0
DA:584,0
DA:585,0
DA:586,0
DA:587,0
DA:588,0
DA:589,0
DA:590,0
DA:591,0
DA:593,0
DA:595,0
DA:613,0
DA:614,0
DA:615,0
DA:618,0
DA:619,0
DA:620,0
DA:623,0
DA:624,0
DA:625,0
DA:628,0
DA:629,0
DA:630,0
DA:632,0
DA:634,0
DA:664,0
DA:727,0
DA:754,0
DA:782,0
DA:792,0
DA:822,0
DA:849,0
DA:850,0
DA:857,0
DA:881,0
DA:882,0
DA:885,0
DA:886,0
DA:889,0
DA:890,0
DA:900,0
DA:907,0
DA:914,0
DA:921,0
LF:203
LH:0
BRDA:88,0,0,0
BRDA:88,0,1,0
BRDA:108,1,0,0
BRDA:108,1,1,0
BRDA:124,2,0,0
BRDA:124,2,1,0
BRDA:125,3,0,0
BRDA:125,3,1,0
BRDA:127,4,0,0
BRDA:127,4,1,0
BRDA:132,5,0,0
BRDA:132,5,1,0
BRDA:134,6,0,0
BRDA:134,6,1,0
BRDA:140,7,0,0
BRDA:140,7,1,0
BRDA:144,8,0,0
BRDA:144,8,1,0
BRDA:146,9,0,0
BRDA:146,9,1,0
BRDA:154,10,0,0
BRDA:154,10,1,0
BRDA:155,11,0,0
BRDA:155,11,1,0
BRDA:156,12,0,0
BRDA:156,12,1,0
BRDA:177,13,0,0
BRDA:177,13,1,0
BRDA:217,14,0,0
BRDA:217,14,1,0
BRDA:224,15,0,0
BRDA:224,15,1,0
BRDA:224,16,0,0
BRDA:224,16,1,0
BRDA:225,17,0,0
BRDA:225,17,1,0
BRDA:228,18,0,0
BRDA:228,18,1,0
BRDA:347,19,0,0
BRDA:352,20,0,0
BRDA:352,20,1,0
BRDA:353,21,0,0
BRDA:353,21,1,0
BRDA:354,22,0,0
BRDA:354,22,1,0
BRDA:372,23,0,0
BRDA:372,23,1,0
BRDA:372,24,0,0
BRDA:372,24,1,0
BRDA:373,25,0,0
BRDA:373,25,1,0
BRDA:373,26,0,0
BRDA:373,26,1,0
BRDA:375,27,0,0
BRDA:375,27,1,0
BRDA:375,28,0,0
BRDA:375,28,1,0
BRDA:377,29,0,0
BRDA:377,29,1,0
BRDA:377,30,0,0
BRDA:377,30,1,0
BRDA:379,31,0,0
BRDA:379,31,1,0
BRDA:379,32,0,0
BRDA:379,32,1,0
BRDA:388,33,0,0
BRDA:388,33,1,0
BRDA:391,34,0,0
BRDA:391,34,1,0
BRDA:391,35,0,0
BRDA:391,35,1,0
BRDA:399,36,0,0
BRDA:399,36,1,0
BRDA:406,37,0,0
BRDA:406,37,1,0
BRDA:406,38,0,0
BRDA:406,38,1,0
BRDA:409,39,0,0
BRDA:409,39,1,0
BRDA:409,40,0,0
BRDA:409,40,1,0
BRDA:412,41,0,0
BRDA:412,41,1,0
BRDA:412,42,0,0
BRDA:412,42,1,0
BRDA:415,43,0,0
BRDA:415,43,1,0
BRDA:415,44,0,0
BRDA:415,44,1,0
BRDA:427,45,0,0
BRDA:427,45,1,0
BRDA:427,46,0,0
BRDA:427,46,1,0
BRDA:429,47,0,0
BRDA:429,47,1,0
BRDA:429,48,0,0
BRDA:429,48,1,0
BRDA:434,49,0,0
BRDA:434,49,1,0
BRDA:434,50,0,0
BRDA:434,50,1,0
BRDA:439,51,0,0
BRDA:439,51,1,0
BRDA:439,52,0,0
BRDA:439,52,1,0
BRDA:444,53,0,0
BRDA:444,53,1,0
BRDA:444,54,0,0
BRDA:444,54,1,0
BRDA:466,55,0,0
BRDA:466,55,1,0
BRDA:476,56,0,0
BRDA:476,56,1,0
BRDA:490,57,0,0
BRDA:490,57,1,0
BRDA:492,58,0,0
BRDA:492,58,1,0
BRDA:518,59,0,0
BRDA:518,59,1,0
BRDA:521,60,0,0
BRDA:521,60,1,0
BRDA:524,61,0,0
BRDA:524,61,1,0
BRDA:527,62,0,0
BRDA:527,62,1,0
BRDA:532,63,0,0
BRDA:532,63,1,0
BRDA:534,64,0,0
BRDA:534,64,1,0
BRDA:545,65,0,0
BRDA:545,65,1,0
BRDA:545,66,0,0
BRDA:545,66,1,0
BRDA:550,67,0,0
BRDA:550,67,1,0
BRDA:555,68,0,0
BRDA:555,68,1,0
BRDA:558,69,0,0
BRDA:558,69,1,0
BRDA:588,70,0,0
BRDA:588,70,1,0
BRDA:589,71,0,0
BRDA:589,71,1,0
BRDA:590,72,0,0
BRDA:590,72,1,0
BRDA:593,73,0,0
BRDA:593,73,1,0
BRDA:602,74,0,0
BRDA:602,74,1,0
BRDA:602,75,0,0
BRDA:602,75,1,0
BRDA:602,75,2,0
BRDA:602,75,3,0
BRDA:604,76,0,0
BRDA:604,76,1,0
BRDA:605,77,0,0
BRDA:605,77,1,0
BRDA:606,78,0,0
BRDA:606,78,1,0
BRDA:607,79,0,0
BRDA:607,79,1,0
BRDA:610,80,0,0
BRDA:610,80,1,0
BRDA:613,81,0,0
BRDA:613,81,1,0
BRDA:618,82,0,0
BRDA:618,82,1,0
BRDA:623,83,0,0
BRDA:623,83,1,0
BRDA:628,84,0,0
BRDA:628,84,1,0
BRDA:640,85,0,0
BRDA:640,85,1,0
BRDA:642,86,0,0
BRDA:642,86,1,0
BRDA:643,87,0,0
BRDA:643,87,1,0
BRDA:644,88,0,0
BRDA:644,88,1,0
BRDA:644,89,0,0
BRDA:644,89,1,0
BRDA:645,90,0,0
BRDA:645,90,1,0
BRDA:657,91,0,0
BRDA:657,91,1,0
BRDA:657,92,0,0
BRDA:657,92,1,0
BRDA:657,92,2,0
BRDA:657,92,3,0
BRDA:659,93,0,0
BRDA:659,93,1,0
BRDA:659,94,0,0
BRDA:659,94,1,0
BRDA:659,94,2,0
BRDA:662,95,0,0
BRDA:662,95,1,0
BRDA:662,96,0,0
BRDA:662,96,1,0
BRDA:662,96,2,0
BRDA:664,97,0,0
BRDA:664,97,1,0
BRDA:664,98,0,0
BRDA:664,98,1,0
BRDA:669,99,0,0
BRDA:669,99,1,0
BRDA:669,100,0,0
BRDA:669,100,1,0
BRDA:669,100,2,0
BRDA:671,101,0,0
BRDA:671,101,1,0
BRDA:683,102,0,0
BRDA:683,102,1,0
BRDA:685,103,0,0
BRDA:685,103,1,0
BRDA:687,104,0,0
BRDA:687,104,1,0
BRDA:721,105,0,0
BRDA:721,105,1,0
BRDA:729,106,0,0
BRDA:729,106,1,0
BRDA:748,107,0,0
BRDA:748,107,1,0
BRDA:756,108,0,0
BRDA:756,108,1,0
BRDA:775,109,0,0
BRDA:775,109,1,0
BRDA:784,110,0,0
BRDA:784,110,1,0
BRDA:789,111,0,0
BRDA:789,111,1,0
BRDA:797,112,0,0
BRDA:797,112,1,0
BRDA:816,113,0,0
BRDA:816,113,1,0
BRDA:824,114,0,0
BRDA:824,114,1,0
BRDA:843,115,0,0
BRDA:843,115,1,0
BRDA:849,116,0,0
BRDA:849,116,1,0
BRDA:853,117,0,0
BRDA:853,117,1,0
BRDA:860,118,0,0
BRDA:860,118,1,0
BRDA:881,119,0,0
BRDA:881,119,1,0
BRDA:885,120,0,0
BRDA:885,120,1,0
BRDA:889,121,0,0
BRDA:889,121,1,0
BRF:250
BRH:0
end_of_record
TN:
SF:src/components/dashboard/DashboardTabs.tsx
FN:47,partitionCards
FN:64,DashboardTabs
FN:67,(anonymous_2)
FN:71,(anonymous_3)
FN:80,(anonymous_4)
FN:80,(anonymous_5)
FN:86,(anonymous_6)
FN:127,(anonymous_7)
FN:177,(anonymous_8)
FNF:9
FNH:0
FNDA:0,partitionCards
FNDA:0,DashboardTabs
FNDA:0,(anonymous_2)
FNDA:0,(anonymous_3)
FNDA:0,(anonymous_4)
FNDA:0,(anonymous_5)
FNDA:0,(anonymous_6)
FNDA:0,(anonymous_7)
FNDA:0,(anonymous_8)
DA:26,0
DA:31,0
DA:48,0
DA:49,0
DA:51,0
DA:52,0
DA:53,0
DA:55,0
DA:59,0
DA:65,0
DA:67,0
DA:71,0
DA:72,0
DA:75,0
DA:80,0
DA:81,0
DA:85,0
DA:87,0
DA:88,0
DA:89,0
DA:91,0
DA:92,0
DA:93,0
DA:94,0
DA:96,0
DA:99,0
DA:100,0
DA:101,0
DA:102,0
DA:107,0
DA:109,0
DA:127,0
DA:177,0
LF:33
LH:0
BRDA:52,0,0,0
BRDA:52,0,1,0
BRDA:72,1,0,0
BRDA:72,1,1,0
BRDA:91,2,0,0
BRDA:91,2,1,0
BRDA:93,3,0,0
BRDA:93,3,1,0
BRDA:107,4,0,0
BRDA:107,4,1,0
BRDA:126,5,0,0
BRDA:126,5,1,0
BRDA:132,6,0,0
BRDA:132,6,1,0
BRDA:133,7,0,0
BRDA:133,7,1,0
BRDA:144,8,0,0
BRDA:144,8,1,0
BRDA:144,8,2,0
BRDA:148,9,0,0
BRDA:148,9,1,0
BRDA:150,10,0,0
BRDA:150,10,1,0
BRDA:155,11,0,0
BRDA:155,11,1,0
BRDA:156,12,0,0
BRDA:156,12,1,0
BRDA:161,13,0,0
BRDA:161,13,1,0
BRDA:176,14,0,0
BRDA:176,14,1,0
BRDA:182,15,0,0
BRDA:182,15,1,0
BRDA:199,16,0,0
BRDA:199,16,1,0
BRDA:203,17,0,0
BRDA:203,17,1,0
BRDA:214,18,0,0
BRDA:214,18,1,0
BRDA:215,19,0,0
BRDA:215,19,1,0
BRF:41
BRH:0
end_of_record
TN:
SF:src/components/dashboard/EmptyState.tsx
FN:14,EmptyState
FN:53,(anonymous_1)
FNF:2
FNH:0
FNDA:0,EmptyState
FNDA:0,(anonymous_1)
DA:15,0
DA:54,0
LF:2
LH:0
BRF:0
BRH:0
end_of_record
TN:
SF:src/components/dashboard/HowlEmptyState.tsx
FN:10,HowlEmptyState
FNF:1
FNH:0
FNDA:0,HowlEmptyState
DA:11,0
DA:18,0
LF:2
LH:0
BRF:0
BRH:0
end_of_record
TN:
SF:src/components/dashboard/HowlTeaserState.tsx
FN:66,SampleAlertCard
FN:108,HowlUpsellOverlay
FN:150,(anonymous_2)
FN:189,HowlTeaserState
FN:204,(anonymous_4)
FNF:5
FNH:0
FNDA:0,SampleAlertCard
FNDA:0,HowlUpsellOverlay
FNDA:0,(anonymous_2)
FNDA:0,HowlTeaserState
FNDA:0,(anonymous_4)
DA:20,0
DA:34,0
DA:67,0
DA:109,0
DA:151,0
DA:190,0
DA:205,0
LF:7
LH:0
BRF:0
BRH:0
end_of_record
TN:
SF:src/components/dashboard/StatusBadge.tsx
FN:50,StatusBadge
FN:67,(anonymous_1)
FN:72,(anonymous_2)
FNF:3
FNH:1
FNDA:27,StatusBadge
FNDA:0,(anonymous_1)
FNDA:0,(anonymous_2)
DA:31,19
DA:56,27
DA:57,27
DA:58,27
DA:59,27
DA:60,27
DA:64,27
DA:66,27
DA:70,0
DA:71,0
DA:72,0
DA:78,27
DA:79,12
DA:90,15
LF:14
LH:11
BRDA:54,0,0,27
BRDA:56,1,0,27
BRDA:56,1,1,25
BRDA:56,1,2,0
BRDA:60,2,0,9
BRDA:60,2,1,18
BRDA:70,3,0,0
BRDA:70,3,1,0
BRDA:78,4,0,12
BRDA:78,4,1,15
BRF:10
BRH:7
end_of_record
TN:
SF:src/components/dashboard/StatusRing.tsx
FN:73,getRingColor
FN:93,computeOffset
FN:133,StatusRing
FNF:3
FNH:3
FNDA:12,getRingColor
FNDA:12,computeOffset
FNDA:12,StatusRing
DA:21,4
DA:26,4
DA:29,4
DA:32,4
DA:38,4
DA:41,4
DA:44,4
DA:47,4
DA:50,4
DA:53,4
DA:56,4
DA:74,12
DA:75,12
DA:76,12
DA:77,12
DA:78,3
DA:79,3
DA:80,3
DA:94,12
DA:95,12
DA:96,12
DA:140,12
DA:141,12
DA:142,12
DA:145,12
DA:151,12
LF:26
LH:26
BRDA:74,0,0,0
BRDA:74,0,1,12
BRDA:74,1,0,12
BRDA:74,1,1,12
BRDA:75,2,0,0
BRDA:75,2,1,12
BRDA:76,3,0,0
BRDA:76,3,1,12
BRDA:77,4,0,9
BRDA:77,4,1,3
BRDA:78,5,0,0
BRDA:78,5,1,3
BRDA:79,6,0,0
BRDA:79,6,1,3
BRDA:94,7,0,0
BRDA:94,7,1,12
BRDA:142,8,0,12
BRDA:142,8,1,12
BRDA:145,9,0,12
BRDA:145,9,1,0
BRDA:146,10,0,0
BRDA:146,10,1,12
BRDA:148,11,0,12
BRDA:148,11,1,0
BRDA:156,12,0,12
BRDA:156,12,1,0
BRDA:158,13,0,12
BRDA:158,13,1,0
BRDA:193,14,0,9
BRDA:193,14,1,3
BRDA:203,15,0,0
BRDA:203,15,1,12
BRF:32
BRH:20
end_of_record
TN:
SF:src/components/dashboard/TabHeader.tsx
FN:22,getHeaderStorageKey
FN:31,TabHeader
FN:36,(anonymous_2)
FN:46,(anonymous_3)
FN:59,(anonymous_4)
FNF:5
FNH:0
FNDA:0,getHeaderStorageKey
FNDA:0,TabHeader
FNDA:0,(anonymous_2)
FNDA:0,(anonymous_3)
FNDA:0,(anonymous_4)
DA:19,0
DA:23,0
DA:32,0
DA:33,0
DA:36,0
DA:37,0
DA:38,0
DA:39,0
DA:42,0
DA:46,0
DA:48,0
DA:50,0
DA:51,0
DA:55,0
DA:59,0
DA:60,0
DA:61,0
DA:64,0
DA:68,0
DA:70,0
DA:72,0
LF:21
LH:0
BRDA:60,0,0,0
BRDA:60,0,1,0
BRDA:68,1,0,0
BRDA:68,1,1,0
BRF:4
BRH:0
end_of_record
TN:
SF:src/components/dashboard/TabSummary.tsx
FN:22,getSummaryStorageKey
FN:32,allSummary
FN:33,(anonymous_2)
FN:34,(anonymous_3)
FN:36,(anonymous_4)
FN:42,(anonymous_5)
FN:68,valhallaSummary
FN:69,(anonymous_7)
FN:70,(anonymous_8)
FN:89,activeSummary
FN:102,huntSummary
FN:103,(anonymous_11)
FN:132,howlSummary
FN:133,(anonymous_13)
FN:134,(anonymous_14)
FN:135,(anonymous_15)
FN:171,(anonymous_16)
FN:179,trashSummary
FN:210,TabSummary
FN:215,(anonymous_19)
FN:225,(anonymous_20)
FN:237,(anonymous_21)
FNF:22
FNH:0
FNDA:0,getSummaryStorageKey
FNDA:0,allSummary
FNDA:0,(anonymous_2)
FNDA:0,(anonymous_3)
FNDA:0,(anonymous_4)
FNDA:0,(anonymous_5)
FNDA:0,valhallaSummary
FNDA:0,(anonymous_7)
FNDA:0,(anonymous_8)
FNDA:0,activeSummary
FNDA:0,huntSummary
FNDA:0,(anonymous_11)
FNDA:0,howlSummary
FNDA:0,(anonymous_13)
FNDA:0,(anonymous_14)
FNDA:0,(anonymous_15)
FNDA:0,(anonymous_16)
FNDA:0,trashSummary
FNDA:0,TabSummary
FNDA:0,(anonymous_19)
FNDA:0,(anonymous_20)
FNDA:0,(anonymous_21)
DA:19,0
DA:23,0
DA:33,0
DA:34,0
DA:35,0
DA:37,0
DA:41,0
DA:42,0
DA:45,0
DA:46,0
DA:47,0
DA:48,0
DA:49,0
DA:51,0
DA:52,0
DA:57,0
DA:58,0
DA:60,0
DA:62,0
DA:69,0
DA:70,0
DA:72,0
DA:73,0
DA:74,0
DA:76,0
DA:77,0
DA:82,0
DA:83,0
DA:90,0
DA:103,0
DA:104,0
DA:105,0
DA:106,0
DA:109,0
DA:110,0
DA:115,0
DA:116,0
DA:117,0
DA:118,0
DA:123,0
DA:125,0
DA:133,0
DA:134,0
DA:135,0
DA:137,0
DA:138,0
DA:139,0
DA:148,0
DA:149,0
DA:158,0
DA:159,0
DA:170,0
DA:171,0
DA:172,0
DA:173,0
DA:175,0
DA:180,0
DA:192,0
DA:211,0
DA:212,0
DA:215,0
DA:216,0
DA:217,0
DA:218,0
DA:221,0
DA:225,0
DA:227,0
DA:229,0
DA:230,0
DA:234,0
DA:237,0
DA:238,0
DA:239,0
DA:240,0
DA:245,0
DA:246,0
DA:248,0
DA:249,0
DA:251,0
LF:79
LH:0
BRDA:37,0,0,0
BRDA:37,0,1,0
BRDA:37,0,2,0
BRDA:42,1,0,0
BRDA:42,1,1,0
BRDA:46,2,0,0
BRDA:46,2,1,0
BRDA:47,3,0,0
BRDA:47,3,1,0
BRDA:48,4,0,0
BRDA:48,4,1,0
BRDA:49,5,0,0
BRDA:49,5,1,0
BRDA:54,6,0,0
BRDA:54,6,1,0
BRDA:57,7,0,0
BRDA:57,7,1,0
BRDA:73,8,0,0
BRDA:73,8,1,0
BRDA:74,9,0,0
BRDA:74,9,1,0
BRDA:92,10,0,0
BRDA:92,10,1,0
BRDA:104,11,0,0
BRDA:104,11,1,0
BRDA:106,12,0,0
BRDA:106,12,1,0
BRDA:112,13,0,0
BRDA:112,13,1,0
BRDA:116,14,0,0
BRDA:116,14,1,0
BRDA:123,15,0,0
BRDA:123,15,1,0
BRDA:138,16,0,0
BRDA:138,16,1,0
BRDA:142,17,0,0
BRDA:142,17,1,0
BRDA:148,18,0,0
BRDA:148,18,1,0
BRDA:152,19,0,0
BRDA:152,19,1,0
BRDA:158,20,0,0
BRDA:158,20,1,0
BRDA:172,21,0,0
BRDA:172,21,1,0
BRDA:182,22,0,0
BRDA:182,22,1,0
BRDA:238,23,0,0
BRDA:238,23,1,0
BRDA:245,24,0,0
BRDA:245,24,1,0
BRDA:246,25,0,0
BRDA:246,25,1,0
BRF:53
BRH:0
end_of_record
TN:
SF:src/components/dashboard/TrashView.tsx
FN:46,formatDeletedAt
FN:94,ExpungeDialog
FN:99,(anonymous_2)
FN:103,(anonymous_3)
FN:158,EmptyTrashDialog
FN:160,(anonymous_5)
FN:163,(anonymous_6)
FN:209,TrashEmptyState
FN:247,TrashCardRow
FN:332,TrashView
FN:344,(anonymous_10)
FN:347,(anonymous_11)
FN:350,(anonymous_12)
FN:359,(anonymous_13)
FN:360,(anonymous_14)
FN:368,(anonymous_15)
FN:374,(anonymous_16)
FN:378,(anonymous_17)
FN:383,(anonymous_18)
FN:410,(anonymous_19)
FN:431,(anonymous_20)
FN:441,(anonymous_21)
FN:442,(anonymous_22)
FNF:23
FNH:0
FNDA:0,formatDeletedAt
FNDA:0,ExpungeDialog
FNDA:0,(anonymous_2)
FNDA:0,(anonymous_3)
FNDA:0,EmptyTrashDialog
FNDA:0,(anonymous_5)
FNDA:0,(anonymous_6)
FNDA:0,TrashEmptyState
FNDA:0,TrashCardRow
FNDA:0,TrashView
FNDA:0,(anonymous_10)
FNDA:0,(anonymous_11)
FNDA:0,(anonymous_12)
FNDA:0,(anonymous_13)
FNDA:0,(anonymous_14)
FNDA:0,(anonymous_15)
FNDA:0,(anonymous_16)
FNDA:0,(anonymous_17)
FNDA:0,(anonymous_18)
FNDA:0,(anonymous_19)
FNDA:0,(anonymous_20)
FNDA:0,(anonymous_21)
FNDA:0,(anonymous_22)
DA:38,0
DA:47,0
DA:48,0
DA:50,0
DA:56,0
DA:57,0
DA:60,0
DA:61,0
DA:62,0
DA:63,0
DA:65,0
DA:68,0
DA:95,0
DA:98,0
DA:100,0
DA:101,0
DA:103,0
DA:109,0
DA:159,0
DA:161,0
DA:162,0
DA:163,0
DA:169,0
DA:210,0
DA:248,0
DA:249,0
DA:251,0
DA:334,0
DA:336,0
DA:339,0
DA:340,0
DA:343,0
DA:346,0
DA:348,0
DA:351,0
DA:359,0
DA:360,0
DA:361,0
DA:362,0
DA:363,0
DA:368,0
DA:369,0
DA:370,0
DA:371,0
DA:374,0
DA:375,0
DA:378,0
DA:379,0
DA:380,0
DA:383,0
DA:384,0
DA:387,0
DA:410,0
DA:432,0
DA:441,0
DA:442,0
LF:56
LH:0
BRDA:60,0,0,0
BRDA:60,0,1,0
BRDA:62,1,0,0
BRDA:62,1,1,0
BRDA:100,2,0,0
BRDA:100,2,1,0
BRDA:117,3,0,0
BRDA:117,3,1,0
BRDA:161,4,0,0
BRDA:161,4,1,0
BRDA:180,5,0,0
BRDA:180,5,1,0
BRDA:248,6,0,0
BRDA:248,6,1,0
BRDA:281,7,0,0
BRDA:281,7,1,0
BRDA:348,8,0,0
BRDA:348,8,1,0
BRDA:362,9,0,0
BRDA:362,9,1,0
BRDA:369,10,0,0
BRDA:369,10,1,0
BRDA:406,11,0,0
BRDA:406,11,1,0
BRDA:427,12,0,0
BRDA:427,12,1,0
BRDA:457,13,0,0
BRDA:457,13,1,0
BRF:28
BRH:0
end_of_record
TN:
SF:src/components/easter-eggs/EasterEggModal.tsx
FN:62,EasterEggModal
FN:74,(anonymous_1)
FN:84,(anonymous_2)
FN:92,(anonymous_3)
FN:98,(anonymous_4)
FNF:5
FNH:2
FNDA:24,EasterEggModal
FNDA:24,(anonymous_1)
FNDA:0,(anonymous_2)
FNDA:0,(anonymous_3)
FNDA:0,(anonymous_4)
DA:32,4
DA:71,24
DA:74,24
DA:75,24
DA:77,0
DA:78,0
DA:81,0
DA:82,0
DA:84,0
DA:85,0
DA:88,0
DA:89,0
DA:92,0
DA:93,0
DA:97,24
DA:98,0
LF:16
LH:5
BRDA:66,0,0,24
BRDA:75,1,0,24
BRDA:75,1,1,0
BRDA:75,2,0,24
BRDA:75,2,1,0
BRDA:77,3,0,0
BRDA:77,3,1,0
BRDA:85,4,0,0
BRDA:85,4,1,0
BRDA:88,5,0,0
BRDA:88,5,1,0
BRDA:88,6,0,0
BRDA:88,6,1,0
BRDA:98,7,0,0
BRDA:98,7,1,0
BRDA:126,8,0,24
BRDA:126,8,1,0
BRF:17
BRH:4
end_of_record
TN:
SF:src/components/easter-eggs/HeilungModal.tsx
FN:32,HeilungModal
FN:37,(anonymous_1)
FN:43,(anonymous_2)
FN:46,(anonymous_3)
FN:47,(anonymous_4)
FN:50,(anonymous_5)
FN:51,handleKeyDown
FN:57,(anonymous_7)
FN:71,(anonymous_8)
FN:75,handlePortalActivate
FN:125,(anonymous_10)
FN:251,(anonymous_11)
FNF:12
FNH:11
FNDA:121,HeilungModal
FNDA:8,(anonymous_1)
FNDA:109,(anonymous_2)
FNDA:0,(anonymous_3)
FNDA:50,(anonymous_4)
FNDA:109,(anonymous_5)
FNDA:59,handleKeyDown
FNDA:52,(anonymous_7)
FNDA:109,(anonymous_8)
FNDA:10,handlePortalActivate
FNDA:13,(anonymous_10)
FNDA:240,(anonymous_11)
DA:19,2
DA:22,2
DA:25,2
DA:27,2
DA:30,2
DA:33,121
DA:34,121
DA:35,121
DA:37,121
DA:38,8
DA:39,8
DA:43,121
DA:44,109
DA:46,50
DA:47,50
DA:50,121
DA:53,59
DA:54,55
DA:55,55
DA:56,52
DA:57,52
DA:58,52
DA:59,52
DA:61,52
DA:65,4
DA:66,2
DA:70,109
DA:71,109
DA:76,10
DA:81,0
DA:83,10
DA:84,10
DA:87,121
DA:125,13
DA:252,240
LF:35
LH:34
BRDA:44,0,0,59
BRDA:44,0,1,50
BRDA:53,1,0,55
BRDA:53,1,1,4
BRDA:53,2,0,59
BRDA:53,2,1,55
BRDA:53,2,2,55
BRDA:53,2,3,54
BRDA:55,3,0,3
BRDA:55,3,1,52
BRDA:55,4,0,55
BRDA:55,4,1,54
BRDA:55,4,2,53
BRDA:58,5,0,2
BRDA:58,5,1,50
BRDA:65,6,0,2
BRDA:65,6,1,2
BRDA:65,7,0,4
BRDA:65,7,1,2
BRDA:76,8,0,0
BRDA:76,8,1,10
BRDA:77,9,0,10
BRDA:77,9,1,2
BRDA:77,9,2,1
BRDA:89,10,0,121
BRDA:89,10,1,60
BRDA:271,11,0,10
BRDA:271,11,1,50
BRF:28
BRH:27
end_of_record
TN:
SF:src/components/entitlement/KarlUpsellDialog.tsx
FN:79,KarlUpsellDialog
FN:92,(anonymous_1)
FN:102,(anonymous_2)
FN:204,(anonymous_3)
FNF:4
FNH:2
FNDA:4,KarlUpsellDialog
FNDA:0,(anonymous_1)
FNDA:0,(anonymous_2)
FNDA:16,(anonymous_3)
DA:41,1
DA:89,4
DA:90,4
DA:92,4
DA:93,0
DA:94,0
DA:95,0
DA:97,0
DA:101,4
DA:102,0
DA:205,16
DA:267,1
DA:286,1
DA:305,1
DA:324,1
DA:343,1
LF:16
LH:11
BRDA:102,0,0,0
BRDA:102,0,1,0
BRF:2
BRH:0
end_of_record
TN:
SF:src/components/entitlement/SealedRuneModal.tsx
FN:54,SealedRuneModal
FN:75,(anonymous_1)
FN:86,(anonymous_2)
FNF:3
FNH:0
FNDA:0,SealedRuneModal
FNDA:0,(anonymous_1)
FNDA:0,(anonymous_2)
DA:26,0
DA:59,0
DA:61,0
DA:63,0
DA:64,0
DA:67,0
DA:69,0
DA:75,0
DA:76,0
DA:77,0
DA:78,0
DA:80,0
DA:84,0
DA:86,0
LF:14
LH:0
BRDA:67,0,0,0
BRDA:67,0,1,0
BRDA:67,0,2,0
BRDA:69,1,0,0
BRDA:69,1,1,0
BRDA:86,2,0,0
BRDA:86,2,1,0
BRF:7
BRH:0
end_of_record
TN:
SF:src/components/entitlement/StripeSettings.tsx
FN:50,StripeSettingsSkeleton
FN:74,StripeSettings
FN:117,(anonymous_2)
FN:132,(anonymous_3)
FN:134,(anonymous_4)
FN:142,(anonymous_5)
FN:232,(anonymous_6)
FNF:7
FNH:0
FNDA:0,StripeSettingsSkeleton
FNDA:0,StripeSettings
FNDA:0,(anonymous_2)
FNDA:0,(anonymous_3)
FNDA:0,(anonymous_4)
FNDA:0,(anonymous_5)
FNDA:0,(anonymous_6)
DA:26,0
DA:33,0
DA:41,0
DA:51,0
DA:85,0
DA:87,0
DA:88,0
DA:91,0
DA:93,0
DA:95,0
DA:97,0
DA:98,0
DA:101,0
DA:104,0
DA:117,0
DA:118,0
DA:119,0
DA:120,0
DA:123,0
DA:124,0
DA:132,0
DA:133,0
DA:134,0
DA:135,0
DA:136,0
DA:139,0
DA:140,0
DA:142,0
DA:144,0
DA:145,0
DA:147,0
DA:152,0
DA:153,0
DA:156,0
DA:233,0
LF:35
LH:0
BRDA:91,0,0,0
BRDA:91,0,1,0
BRDA:93,1,0,0
BRDA:93,1,1,0
BRDA:93,1,2,0
BRDA:93,1,3,0
BRDA:95,2,0,0
BRDA:95,2,1,0
BRDA:95,2,2,0
BRDA:95,2,3,0
BRDA:97,3,0,0
BRDA:97,3,1,0
BRDA:97,3,2,0
BRDA:98,4,0,0
BRDA:98,4,1,0
[...]
FNDA:27,isInviteCodeValid
DA:138,29
DA:140,12
DA:142,17
DA:144,3
DA:147,5
DA:154,0
DA:159,29
DA:160,29
DA:162,29
DA:169,199
DA:171,199
DA:172,199
DA:175,0
DA:176,0
DA:178,199
DA:179,1194
DA:188,10
DA:195,27
LF:18
LH:15
BRDA:171,0,0,199
BRDA:171,0,1,0
BRDA:171,1,0,199
BRDA:171,1,1,199
BRF:4
BRH:3
end_of_record
TN:
SF:src/lib/firebase/firestore.ts
FN:41,getFirestore
FN:61,_resetFirestoreForTests
FN:71,getUser
FN:84,setUser
FN:95,getHousehold
FN:107,setHousehold
FN:119,getCards
FN:127,(anonymous_7)
FN:128,(anonymous_8)
FN:136,getAllFirestoreCards
FN:144,(anonymous_10)
FN:150,setCard
FN:161,softDeleteCard
FN:175,setCards
FN:198,findHouseholdByInviteCode
FN:215,getUsersByHouseholdId
FN:223,(anonymous_16)
FN:233,regenerateInviteCode
FN:280,joinHouseholdTransaction
FN:286,(anonymous_19)
FN:331,(anonymous_20)
FN:332,(anonymous_21)
FN:390,isEventProcessed
FN:402,markEventProcessed
FN:440,ensureSoloHousehold
FN:504,getEntitlement
FN:517,setEntitlement
FN:529,deleteEntitlement
FN:540,findUserByStripeCustomerId
FN:560,setUserStripeCustomerId
FNF:30
FNH:13
FNDA:38,getFirestore
FNDA:26,_resetFirestoreForTests
FNDA:14,getUser
FNDA:1,setUser
FNDA:4,getHousehold
FNDA:0,setHousehold
FNDA:2,getCards
FNDA:2,(anonymous_7)
FNDA:2,(anonymous_8)
FNDA:0,getAllFirestoreCards
FNDA:0,(anonymous_10)
FNDA:0,setCard
FNDA:1,softDeleteCard
FNDA:2,setCards
FNDA:0,findHouseholdByInviteCode
FNDA:0,getUsersByHouseholdId
FNDA:0,(anonymous_16)
FNDA:0,regenerateInviteCode
FNDA:0,joinHouseholdTransaction
FNDA:0,(anonymous_19)
FNDA:0,(anonymous_20)
FNDA:0,(anonymous_21)
FNDA:3,isEventProcessed
FNDA:4,markEventProcessed
FNDA:5,ensureSoloHousehold
FNDA:0,getEntitlement
FNDA:0,setEntitlement
FNDA:0,deleteEntitlement
FNDA:0,findUserByStripeCustomerId
FNDA:0,setUserStripeCustomerId
DA:32,22
DA:42,38
DA:44,31
DA:45,31
DA:46,9
DA:52,22
DA:53,38
DA:54,38
DA:62,26
DA:74,14
DA:75,14
DA:76,7
DA:77,3
DA:85,1
DA:86,1
DA:98,4
DA:99,4
DA:100,4
DA:101,2
DA:110,0
DA:111,0
DA:120,2
DA:121,2
DA:126,2
DA:127,2
DA:128,2
DA:139,0
DA:140,0
DA:144,0
DA:151,0
DA:152,0
DA:165,1
DA:166,1
DA:176,2
DA:177,1
DA:179,1
DA:180,1
DA:181,1
DA:182,1
DA:183,1
DA:184,3
DA:185,3
DA:187,1
DA:201,0
DA:202,0
DA:207,0
DA:208,0
DA:218,0
DA:219,0
DA:223,0
DA:236,0
DA:237,0
DA:238,0
DA:239,0
DA:241,0
DA:242,0
DA:248,0
DA:249,0
DA:284,0
DA:286,0
DA:288,0
DA:294,0
DA:295,0
DA:298,0
DA:299,0
DA:302,0
DA:303,0
DA:304,0
DA:308,0
DA:309,0
DA:313,0
DA:314,0
DA:315,0
DA:316,0
DA:318,0
DA:319,0
DA:322,0
DA:323,0
DA:327,0
DA:330,0
DA:331,0
DA:332,0
DA:334,0
DA:335,0
DA:338,0
DA:339,0
DA:344,0
DA:347,0
DA:348,0
DA:352,0
DA:353,0
DA:356,0
DA:357,0
DA:363,0
DA:369,0
DA:375,0
DA:382,22
DA:391,3
DA:392,3
DA:393,3
DA:403,4
DA:404,4
DA:405,4
DA:406,4
DA:443,5
DA:444,5
DA:447,5
DA:448,5
DA:449,2
DA:450,2
DA:451,1
DA:456,1
DA:460,3
DA:461,3
DA:463,3
DA:475,3
DA:486,3
DA:487,3
DA:488,3
DA:489,3
DA:491,3
DA:507,0
DA:508,0
DA:509,0
DA:510,0
DA:521,0
DA:522,0
DA:530,0
DA:531,0
DA:543,0
DA:544,0
DA:549,0
DA:550,0
DA:564,0
DA:565,0
LF:135
LH:61
BRDA:42,0,0,7
BRDA:42,0,1,31
BRDA:45,1,0,9
BRDA:45,1,1,22
BRDA:52,2,0,22
BRDA:52,2,1,22
BRDA:76,3,0,4
BRDA:76,3,1,3
BRDA:100,4,0,2
BRDA:100,4,1,2
BRDA:176,5,0,1
BRDA:176,5,1,1
BRDA:207,6,0,0
BRDA:207,6,1,0
BRDA:207,7,0,0
BRDA:207,7,1,0
BRDA:294,8,0,0
BRDA:294,8,1,0
BRDA:294,9,0,0
BRDA:294,9,1,0
BRDA:303,10,0,0
BRDA:303,10,1,0
BRDA:308,11,0,0
BRDA:308,11,1,0
BRDA:315,12,0,0
BRDA:315,12,1,0
BRDA:322,13,0,0
BRDA:322,13,1,0
BRDA:448,14,0,2
BRDA:448,14,1,3
BRDA:450,15,0,1
BRDA:450,15,1,1
BRDA:509,16,0,0
BRDA:509,16,1,0
BRDA:549,17,0,0
BRDA:549,17,1,0
BRDA:549,18,0,0
BRDA:549,18,1,0
BRF:38
BRH:16
end_of_record
TN:
SF:src/lib/google/gis.ts
FN:55,loadGisScript
FN:58,(anonymous_1)
FN:68,(anonymous_2)
FN:69,(anonymous_3)
FN:90,(anonymous_4)
FN:111,requestDriveAccessToken
FN:120,(anonymous_6)
FN:124,(anonymous_7)
FN:143,(anonymous_8)
FNF:9
FNH:0
FNDA:0,loadGisScript
FNDA:0,(anonymous_1)
FNDA:0,(anonymous_2)
FNDA:0,(anonymous_3)
FNDA:0,(anonymous_4)
FNDA:0,requestDriveAccessToken
FNDA:0,(anonymous_6)
FNDA:0,(anonymous_7)
FNDA:0,(anonymous_8)
DA:47,1
DA:49,1
DA:56,0
DA:58,0
DA:59,0
DA:60,0
DA:61,0
DA:64,0
DA:65,0
DA:66,0
DA:67,0
DA:68,0
DA:69,0
DA:70,0
DA:71,0
DA:73,0
DA:76,0
DA:91,0
DA:92,0
DA:93,0
DA:100,1
DA:114,0
DA:116,0
DA:117,0
DA:120,0
DA:121,0
DA:125,0
DA:126,0
DA:127,0
DA:129,0
DA:136,0
DA:138,0
DA:144,0
DA:145,0
DA:147,0
DA:152,0
LF:36
LH:3
BRDA:56,0,0,0
BRDA:56,0,1,0
BRDA:59,1,0,0
BRDA:59,1,1,0
BRDA:116,2,0,0
BRDA:116,2,1,0
BRDA:125,3,0,0
BRDA:125,3,1,0
BRDA:126,4,0,0
BRDA:126,4,1,0
BRDA:132,5,0,0
BRDA:132,5,1,0
BRDA:144,6,0,0
BRDA:144,6,1,0
BRDA:147,7,0,0
BRDA:147,7,1,0
BRF:16
BRH:0
end_of_record
TN:
SF:src/lib/google/picker.ts
FN:103,loadGapiScript
FN:106,(anonymous_1)
FN:116,(anonymous_2)
FN:117,(anonymous_3)
FN:131,loadPickerApi
FN:140,(anonymous_5)
FN:141,(anonymous_6)
FN:162,(anonymous_7)
FN:200,buildPickerInstance
FN:241,openPicker
FN:252,(anonymous_10)
FN:258,(anonymous_11)
FNF:12
FNH:2
FNDA:0,loadGapiScript
FNDA:0,(anonymous_1)
FNDA:0,(anonymous_2)
FNDA:0,(anonymous_3)
FNDA:0,loadPickerApi
FNDA:0,(anonymous_5)
FNDA:0,(anonymous_6)
FNDA:7,(anonymous_7)
FNDA:18,buildPickerInstance
FNDA:0,openPicker
FNDA:0,(anonymous_10)
FNDA:0,(anonymous_11)
DA:94,2
DA:96,2
DA:97,2
DA:104,0
DA:106,0
DA:107,0
DA:108,0
DA:109,0
DA:112,0
DA:113,0
DA:114,0
DA:115,0
DA:116,0
DA:117,0
DA:118,0
DA:119,0
DA:121,0
DA:124,0
DA:132,0
DA:134,0
DA:136,0
DA:137,0
DA:140,0
DA:141,0
DA:142,0
DA:143,0
DA:144,0
DA:146,0
DA:163,7
DA:164,7
DA:165,7
DA:182,2
DA:206,18
DA:210,18
DA:222,18
DA:223,16
DA:226,18
DA:245,0
DA:247,0
DA:248,0
DA:249,0
DA:252,0
DA:253,0
DA:254,0
DA:259,0
DA:260,0
DA:264,0
DA:265,0
DA:269,0
DA:271,0
LF:50
LH:12
BRDA:104,0,0,0
BRDA:104,0,1,0
BRDA:107,1,0,0
BRDA:107,1,1,0
BRDA:132,2,0,0
BRDA:132,2,1,0
BRDA:136,3,0,0
BRDA:136,3,1,0
BRDA:142,4,0,0
BRDA:142,4,1,0
BRDA:142,5,0,0
BRDA:142,5,1,0
BRDA:222,6,0,16
BRDA:222,6,1,2
BRDA:248,7,0,0
BRDA:248,7,1,0
BRDA:259,8,0,0
BRDA:259,8,1,0
BRDA:259,9,0,0
BRDA:259,9,1,0
BRDA:264,10,0,0
BRDA:264,10,1,0
BRDA:274,11,0,0
BRDA:274,11,1,0
BRF:24
BRH:2
end_of_record
TN:
SF:src/lib/google/sheets-api.ts
FN:23,(anonymous_0)
FN:37,escapeCell
FN:47,valuesToCsv
FN:48,(anonymous_3)
FN:63,fetchSheetAsCSV
FNF:5
FNH:0
FNDA:0,(anonymous_0)
FNDA:0,escapeCell
FNDA:0,valuesToCsv
FNDA:0,(anonymous_3)
FNDA:0,fetchSheetAsCSV
DA:24,0
DA:25,0
DA:26,0
DA:38,0
DA:39,0
DA:41,0
DA:48,0
DA:53,1
DA:67,0
DA:70,0
DA:71,0
DA:77,0
DA:83,0
DA:84,0
DA:86,0
DA:91,0
DA:96,0
DA:101,0
DA:108,0
DA:110,0
DA:111,0
DA:117,0
LF:22
LH:1
BRDA:38,0,0,0
BRDA:38,0,1,0
BRDA:38,1,0,0
BRDA:38,1,1,0
BRDA:38,1,2,0
BRDA:83,2,0,0
BRDA:83,2,1,0
BRDA:84,3,0,0
BRDA:84,3,1,0
BRDA:84,3,2,0
BRDA:84,3,3,0
BRDA:110,4,0,0
BRDA:110,4,1,0
BRDA:110,5,0,0
BRDA:110,5,1,0
BRF:15
BRH:0
end_of_record
TN:
SF:src/lib/kv/entitlement-store.ts
FN:42,toStoredEntitlement
FN:48,toFirestoreEntitlement
FN:66,isAnonymousStripeReverseIndex
FN:77,extractStripeCustomerIdFromReverseIndex
FN:91,getStripeEntitlement
FN:119,setStripeEntitlement
FN:149,deleteStripeEntitlement
FN:178,getGoogleSubByStripeCustomerId
FN:228,getAnonymousStripeEntitlement
FN:256,setAnonymousStripeEntitlement
FN:295,migrateStripeEntitlement
FNF:11
FNH:11
FNDA:2,toStoredEntitlement
FNDA:6,toFirestoreEntitlement
FNDA:4,isAnonymousStripeReverseIndex
FNDA:3,extractStripeCustomerIdFromReverseIndex
FNDA:3,getStripeEntitlement
FNDA:3,setStripeEntitlement
FNDA:2,deleteStripeEntitlement
FNDA:5,getGoogleSubByStripeCustomerId
FNDA:3,getAnonymousStripeEntitlement
FNDA:3,setAnonymousStripeEntitlement
FNDA:5,migrateStripeEntitlement
DA:45,2
DA:51,6
DA:67,4
DA:78,3
DA:94,3
DA:95,3
DA:96,3
DA:97,2
DA:98,3
DA:104,3
DA:106,1
DA:107,1
DA:108,1
DA:123,3
DA:129,3
DA:131,3
DA:134,2
DA:136,2
DA:138,1
DA:139,1
DA:140,1
DA:150,2
DA:151,2
DA:152,2
DA:153,1
DA:155,1
DA:156,1
DA:157,1
DA:181,5
DA:182,5
DA:184,5
DA:185,4
DA:186,1
DA:187,1
DA:191,1
DA:195,3
DA:196,3
DA:197,3
DA:198,2
DA:202,2
DA:205,1
DA:209,1
DA:211,1
DA:212,1
DA:213,1
DA:231,3
DA:232,3
DA:233,3
DA:234,2
DA:235,3
DA:241,3
DA:243,1
DA:244,1
DA:245,1
DA:260,3
DA:265,3
DA:266,3
DA:267,2
DA:269,1
DA:270,1
DA:271,1
DA:299,5
DA:301,5
DA:303,5
DA:304,4
DA:305,2
DA:311,2
DA:319,2
DA:320,2
DA:321,1
DA:325,1
DA:329,1
DA:332,1
DA:335,1
DA:337,1
DA:345,1
DA:351,1
DA:352,1
DA:353,1
LF:79
LH:79
BRDA:97,0,0,1
BRDA:97,0,1,1
BRDA:106,1,0,1
BRDA:106,1,1,0
BRDA:138,2,0,1
BRDA:138,2,1,0
BRDA:155,3,0,1
BRDA:155,3,1,0
BRDA:185,4,0,1
BRDA:185,4,1,3
BRDA:197,5,0,2
BRDA:197,5,1,1
BRDA:211,6,0,1
BRDA:211,6,1,0
BRDA:234,7,0,1
BRDA:234,7,1,1
BRDA:243,8,0,1
BRDA:243,8,1,0
BRDA:269,9,0,1
BRDA:269,9,1,0
BRDA:304,10,0,2
BRDA:304,10,1,2
BRDA:320,11,0,1
BRDA:320,11,1,1
BRDA:351,12,0,1
BRDA:351,12,1,0
BRF:26
BRH:19
end_of_record
TN:
SF:src/lib/kv/trial-store.ts
FN:54,trialDocRef
FN:58,makeExpiresAt
FN:72,getTrial
FN:105,initTrial
FN:147,linkTrialToUser
FN:168,getFingerprintByUserId
FN:198,markTrialConverted
FN:230,computeTrialStatus
FNF:8
FNH:8
FNDA:57,trialDocRef
FNDA:13,makeExpiresAt
FNDA:42,getTrial
FNDA:15,initTrial
FNDA:3,linkTrialToUser
FNDA:3,getFingerprintByUserId
FNDA:3,markTrialConverted
FNDA:18,computeTrialStatus
DA:45,6
DA:48,6
DA:55,57
DA:59,13
DA:73,42
DA:74,42
DA:75,42
DA:76,39
DA:77,24
DA:78,24
DA:80,15
DA:81,15
DA:86,42
DA:87,42
DA:89,3
DA:90,3
DA:91,3
DA:106,15
DA:109,15
DA:110,15
DA:112,2
DA:113,0
DA:115,2
DA:116,2
DA:119,13
DA:124,15
DA:129,15
DA:130,15
DA:131,11
DA:132,11
DA:134,2
DA:135,2
DA:136,2
DA:148,3
DA:149,3
DA:150,3
DA:151,3
DA:152,2
DA:154,1
DA:155,1
DA:157,0
DA:158,0
DA:169,3
DA:170,3
DA:171,3
DA:172,3
DA:177,2
DA:178,1
DA:179,1
DA:181,1
DA:182,1
DA:183,1
DA:185,1
DA:186,1
DA:187,1
DA:199,3
DA:201,3
DA:202,3
DA:203,1
DA:204,1
DA:207,2
DA:208,1
DA:209,1
DA:212,1
DA:213,1
DA:214,1
DA:215,1
DA:216,1
DA:218,0
DA:219,0
DA:220,0
DA:235,18
DA:236,2
DA:239,16
DA:240,3
DA:243,13
DA:244,13
DA:245,13
DA:246,13
DA:247,13
DA:249,13
DA:250,3
DA:253,10
LF:83
LH:77
BRDA:76,0,0,24
BRDA:76,0,1,15
BRDA:83,1,0,2
BRDA:83,1,1,13
BRDA:84,2,0,1
BRDA:84,2,1,14
BRDA:89,3,0,3
BRDA:89,3,1,0
BRDA:110,4,0,2
BRDA:110,4,1,13
BRDA:112,5,0,0
BRDA:112,5,1,2
BRDA:112,6,0,2
BRDA:112,6,1,0
BRDA:121,7,0,1
BRDA:121,7,1,12
BRDA:134,8,0,2
BRDA:134,8,1,0
BRDA:151,9,0,1
BRDA:151,9,1,2
BRDA:152,10,0,1
BRDA:152,10,1,1
BRDA:157,11,0,0
BRDA:157,11,1,0
BRDA:177,12,0,1
BRDA:177,12,1,1
BRDA:177,13,0,2
BRDA:177,13,1,1
BRDA:185,14,0,1
BRDA:185,14,1,0
BRDA:202,15,0,1
BRDA:202,15,1,2
BRDA:207,16,0,1
BRDA:207,16,1,1
BRDA:218,17,0,0
BRDA:218,17,1,0
BRDA:235,18,0,2
BRDA:235,18,1,16
BRDA:239,19,0,3
BRDA:239,19,1,13
BRDA:249,20,0,3
BRDA:249,20,1,10
BRF:42
BRH:33
end_of_record
TN:
SF:src/lib/llm/extract.ts
FN:34,(anonymous_0)
FN:38,(anonymous_1)
FN:51,(anonymous_2)
FN:69,(anonymous_3)
FN:73,(anonymous_4)
FN:109,getLlmProvider
FNF:6
FNH:0
FNDA:0,(anonymous_0)
FNDA:0,(anonymous_1)
FNDA:0,(anonymous_2)
FNDA:0,(anonymous_3)
FNDA:0,(anonymous_4)
FNDA:0,getLlmProvider
DA:26,0
DA:27,0
DA:30,0
DA:31,0
DA:35,0
DA:39,0
DA:40,0
DA:42,0
DA:43,0
DA:44,0
DA:51,0
DA:52,0
DA:53,0
DA:54,0
DA:56,0
DA:57,0
DA:60,0
DA:65,0
DA:66,0
DA:70,0
DA:74,0
DA:75,0
DA:77,0
DA:78,0
DA:79,0
DA:89,0
DA:90,0
DA:91,0
DA:93,0
DA:94,0
DA:97,0
DA:101,0
DA:110,0
DA:112,0
DA:113,0
DA:114,0
DA:117,0
DA:119,0
DA:121,0
DA:122,0
DA:123,0
DA:124,0
DA:127,0
DA:128,0
DA:129,0
DA:130,0
DA:133,0
DA:136,0
DA:137,0
LF:49
LH:0
BRDA:40,0,0,0
BRDA:40,0,1,0
BRDA:47,1,0,0
BRDA:47,1,1,0
BRDA:52,2,0,0
BRDA:52,2,1,0
BRDA:57,3,0,0
BRDA:57,3,1,0
BRDA:75,4,0,0
BRDA:75,4,1,0
BRDA:82,5,0,0
BRDA:82,5,1,0
BRDA:89,6,0,0
BRDA:89,6,1,0
BRDA:94,7,0,0
BRDA:94,7,1,0
BRDA:112,8,0,0
BRDA:112,8,1,0
BRDA:117,9,0,0
BRDA:117,9,1,0
BRDA:119,10,0,0
BRDA:119,10,1,0
BRDA:119,10,2,0
BRDA:122,11,0,0
BRDA:122,11,1,0
BRDA:128,12,0,0
BRDA:128,12,1,0
BRF:27
BRH:0
end_of_record
TN:
SF:src/lib/sheets/card-schema.ts
FN:26,(anonymous_0)
FNF:1
FNH:0
FNDA:0,(anonymous_0)
DA:23,0
DA:26,0
DA:30,0
DA:40,0
DA:60,0
DA:63,0
LF:6
LH:0
BRDA:26,0,0,0
BRDA:26,0,1,0
BRF:2
BRH:0
end_of_record
TN:
SF:src/lib/sheets/csv-import-pipeline.ts
FN:22,importFromCsv
FNF:1
FNH:0
FNDA:0,importFromCsv
DA:14,0
DA:23,0
DA:26,0
DA:27,0
DA:28,0
DA:37,0
DA:41,0
DA:45,0
DA:46,0
DA:50,0
DA:53,0
DA:54,0
DA:55,0
DA:58,0
DA:59,0
DA:65,0
DA:66,0
DA:69,0
DA:70,0
LF:19
LH:0
BRDA:26,0,0,0
BRDA:26,0,1,0
BRDA:26,1,0,0
BRDA:26,1,1,0
BRDA:26,1,2,0
BRDA:37,2,0,0
BRDA:37,2,1,0
BRDA:41,3,0,0
BRDA:41,3,1,0
BRDA:45,4,0,0
BRDA:45,4,1,0
BRDA:53,5,0,0
BRDA:53,5,1,0
BRDA:58,6,0,0
BRDA:58,6,1,0
BRDA:61,7,0,0
BRDA:61,7,1,0
BRF:17
BRH:0
end_of_record
TN:
SF:src/lib/sheets/dedup.ts
FN:17,findDuplicates
FNF:1
FNH:0
FNDA:0,findDuplicates
DA:21,0
DA:22,0
DA:23,0
DA:24,0
DA:27,0
DA:28,0
DA:30,0
DA:31,0
DA:32,0
DA:33,0
DA:34,0
DA:36,0
DA:40,0
LF:13
LH:0
BRDA:33,0,0,0
BRDA:33,0,1,0
BRF:2
BRH:0
end_of_record
TN:
SF:src/lib/sheets/extract-cards.ts
FN:22,extractCardsFromCsv
FN:98,(anonymous_1)
FN:135,sanitizeSheetsCsvForSecurity
FN:147,(anonymous_3)
FN:164,extractCardsFromFile
FNF:5
FNH:0
FNDA:0,extractCardsFromCsv
FNDA:0,(anonymous_1)
FNDA:0,sanitizeSheetsCsvForSecurity
FNDA:0,(anonymous_3)
FNDA:0,extractCardsFromFile
DA:23,0
DA:26,0
DA:27,0
DA:28,0
DA:30,0
DA:31,0
DA:32,0
DA:33,0
DA:34,0
DA:36,0
DA:37,0
DA:47,0
DA:49,0
DA:50,0
DA:52,0
DA:53,0
DA:63,0
DA:65,0
DA:66,0
DA:67,0
DA:68,0
DA:69,0
DA:72,0
DA:73,0
DA:74,0
DA:75,0
DA:82,0
DA:83,0
DA:86,0
DA:87,0
DA:88,0
DA:97,0
DA:98,0
DA:99,0
DA:100,0
DA:108,0
DA:109,0
DA:113,0
DA:114,0
DA:117,0
DA:118,0
DA:119,0
DA:122,0
DA:123,0
DA:136,0
DA:140,0
DA:141,0
DA:142,0
DA:147,0
DA:149,0
DA:150,0
DA:170,0
DA:173,0
DA:175,0
DA:178,0
DA:179,0
DA:182,0
DA:183,0
DA:184,0
DA:185,0
DA:189,0
DA:190,0
DA:191,0
DA:193,0
DA:194,0
DA:195,0
DA:199,0
DA:200,0
DA:201,0
DA:209,0
DA:212,0
DA:214,0
DA:216,0
DA:217,0
DA:226,0
LF:75
LH:0
BRDA:66,0,0,0
BRDA:66,0,1,0
BRDA:73,1,0,0
BRDA:73,1,1,0
BRDA:86,2,0,0
BRDA:86,2,1,0
BRDA:99,3,0,0
BRDA:99,3,1,0
BRDA:103,4,0,0
BRDA:103,4,1,0
BRDA:108,5,0,0
BRDA:108,5,1,0
BRDA:118,6,0,0
BRDA:118,6,1,0
BRDA:185,7,0,0
BRDA:185,7,1,0
BRDA:191,8,0,0
BRDA:191,8,1,0
BRDA:194,9,0,0
BRDA:194,9,1,0
BRDA:199,10,0,0
BRDA:199,10,1,0
BRF:22
BRH:0
end_of_record
TN:
SF:src/lib/sheets/fetch-csv.ts
FN:20,(anonymous_0)
FN:38,fetchCsv
FNF:2
FNH:0
FNDA:0,(anonymous_0)
FNDA:0,fetchCsv
DA:21,0
DA:24,0
DA:25,0
DA:39,0
DA:42,0
DA:43,0
DA:45,0
DA:46,0
DA:47,0
DA:53,0
DA:54,0
DA:55,0
DA:61,0
DA:62,0
DA:63,0
DA:69,0
DA:71,0
DA:72,0
DA:73,0
DA:79,0
DA:80,0
DA:81,0
DA:85,0
DA:86,0
DA:89,0
DA:90,0
LF:26
LH:0
BRDA:45,0,0,0
BRDA:45,0,1,0
BRDA:53,1,0,0
BRDA:53,1,1,0
BRDA:53,2,0,0
BRDA:53,2,1,0
BRDA:61,3,0,0
BRDA:61,3,1,0
BRDA:71,4,0,0
BRDA:71,4,1,0
BRDA:79,5,0,0
BRDA:79,5,1,0
BRF:12
BRH:0
end_of_record
TN:
SF:src/lib/sheets/file-import-pipeline.ts
FN:26,importFromFile
FNF:1
FNH:0
FNDA:0,importFromFile
DA:17,0
DA:31,0
DA:34,0
DA:35,0
DA:36,0
DA:44,0
DA:45,0
DA:46,0
DA:55,0
DA:60,0
DA:62,0
DA:67,0
LF:12
LH:0
BRDA:34,0,0,0
BRDA:34,0,1,0
BRDA:34,1,0,0
BRDA:34,1,1,0
BRDA:44,2,0,0
BRDA:44,2,1,0
BRDA:55,3,0,0
BRDA:55,3,1,0
BRDA:64,4,0,0
BRDA:64,4,1,0
BRF:10
BRH:0
end_of_record
TN:
SF:src/lib/sheets/import-pipeline.ts
FN:20,importFromSheet
FNF:1
FNH:0
FNDA:0,importFromSheet
DA:21,0
DA:24,0
DA:25,0
DA:26,0
DA:32,0
DA:33,0
DA:36,0
DA:41,0
DA:42,0
DA:43,0
DA:44,0
DA:46,0
DA:47,0
DA:48,0
DA:50,0
DA:51,0
DA:60,0
DA:63,0
DA:64,0
DA:65,0
DA:68,0
DA:69,0
DA:75,0
DA:76,0
DA:79,0
DA:80,0
LF:26
LH:0
BRDA:25,0,0,0
BRDA:25,0,1,0
BRDA:46,1,0,0
BRDA:46,1,1,0
BRDA:63,2,0,0
BRDA:63,2,1,0
BRDA:68,3,0,0
BRDA:68,3,1,0
BRDA:71,4,0,0
BRDA:71,4,1,0
BRF:10
BRH:0
end_of_record
TN:
SF:src/lib/sheets/parse-url.ts
FN:11,extractSheetId
FN:29,buildCsvExportUrl
FNF:2
FNH:0
FNDA:0,extractSheetId
FNDA:0,buildCsvExportUrl
DA:12,0
DA:13,0
DA:14,0
DA:15,0
DA:16,0
DA:17,0
DA:19,0
DA:20,0
DA:21,0
DA:22,0
DA:24,0
DA:25,0
DA:30,0
DA:31,0
DA:32,0
DA:33,0
LF:16
LH:0
BRDA:15,0,0,0
BRDA:15,0,1,0
BRDA:20,1,0,0
BRDA:20,1,1,0
BRF:4
BRH:0
end_of_record
TN:
SF:src/lib/sheets/prompt.ts
FN:59,sanitizeCsvForPrompt
FN:107,buildExtractionPrompt
FN:108,(anonymous_2)
FNF:3
FNH:1
FNDA:20,sanitizeCsvForPrompt
FNDA:0,buildExtractionPrompt
FNDA:0,(anonymous_2)
DA:3,1
DA:8,1
DA:9,1
DA:23,1
DA:63,20
DA:71,20
DA:80,20
DA:81,160
DA:83,20
DA:108,0
DA:110,0
DA:150,0
DA:156,0
LF:13
LH:9
BRF:0
BRH:0
end_of_record
TN:
SF:src/lib/sheets/types.ts
FNF:0
FNH:0
LF:0
LH:0
BRF:0
BRH:0
end_of_record
TN:
SF:src/lib/sheets/url-validation.ts
FN:17,isValidRedirectTarget
FN:42,(anonymous_1)
FN:77,secureFetch
FNF:3
FNH:3
FNDA:20,isValidRedirectTarget
FNDA:38,(anonymous_1)
FNDA:6,secureFetch
DA:18,20
DA:19,20
DA:22,20
DA:23,5
DA:27,5
DA:31,14
DA:32,14
DA:42,38
DA:44,14
DA:45,4
DA:49,4
DA:52,10
DA:54,1
DA:58,1
DA:78,6
DA:80,6
DA:81,6
DA:83,6
DA:84,10
DA:90,10
DA:93,10
DA:94,3
DA:97,3
DA:101,7
DA:102,7
DA:103,1
DA:107,6
DA:108,1
DA:111,5
DA:116,5
DA:117,5
DA:121,1
LF:32
LH:32
BRDA:17,0,0,20
BRDA:22,1,0,5
BRDA:22,1,1,15
BRDA:42,2,0,38
BRDA:42,2,1,29
BRDA:44,3,0,4
BRDA:44,3,1,10
BRDA:56,4,0,1
BRDA:56,4,1,0
BRDA:77,5,0,6
BRDA:78,6,0,6
BRDA:93,7,0,3
BRDA:93,7,1,7
BRDA:93,8,0,10
BRDA:93,8,1,7
BRDA:102,9,0,1
BRDA:102,9,1,6
BRDA:107,10,0,1
BRDA:107,10,1,5
BRF:19
BRH:18
end_of_record
TN:
SF:src/lib/stripe/api.ts
FN:35,getStripe
FN:69,(anonymous_1)
FNF:2
FNH:0
FNDA:0,getStripe
FNDA:0,(anonymous_1)
DA:27,2
DA:36,0
DA:37,0
DA:40,0
DA:41,0
DA:42,0
DA:43,0
DA:44,0
DA:45,0
DA:47,0
DA:49,0
DA:58,0
DA:59,0
DA:68,2
DA:70,0
DA:71,0
DA:72,0
DA:73,0
DA:75,0
LF:19
LH:2
BRDA:36,0,0,0
BRDA:36,0,1,0
BRDA:42,1,0,0
BRDA:42,1,1,0
BRDA:72,2,0,0
BRDA:72,2,1,0
BRF:6
BRH:0
end_of_record
TN:
SF:src/lib/stripe/types.ts
FNF:0
FNH:0
DA:34,6
LF:1
LH:1
BRF:0
BRH:0
end_of_record
TN:
SF:src/lib/stripe/webhook.ts
FN:29,verifyWebhookSignature
FN:67,mapStripeStatusToTier
FN:87,buildEntitlementFromSubscription
FNF:3
FNH:3
FNDA:21,verifyWebhookSignature
FNDA:60,mapStripeStatusToTier
FNDA:30,buildEntitlementFromSubscription
DA:33,21
DA:38,21
DA:39,21
DA:40,0
DA:41,0
DA:42,0
DA:45,21
DA:46,21
DA:47,21
DA:52,21
DA:54,1
DA:55,1
DA:56,1
DA:57,1
DA:71,60
DA:73,60
DA:74,60
DA:76,60
DA:77,60
DA:91,30
DA:97,30
DA:98,30
DA:100,30
DA:116,30
DA:122,30
LF:25
LH:22
BRDA:39,0,0,0
BRDA:39,0,1,21
BRDA:54,1,0,1
BRDA:54,1,1,0
BRDA:74,2,0,45
BRDA:74,2,1,15
BRDA:106,3,0,30
BRDA:106,3,1,27
BRDA:107,4,0,3
BRDA:107,4,1,27
BRDA:109,5,0,25
BRDA:109,5,1,2
BRF:12
BRH:10
end_of_record
TN:
SF:src/lib/sync/migration.ts
FN:67,hasMigrated
FN:80,markMigrated
FN:108,runMigration
FN:118,(anonymous_3)
FN:172,inferDirection
FNF:5
FNH:5
FNDA:48,hasMigrated
FNDA:20,markMigrated
FNDA:29,runMigration
FNDA:12,(anonymous_3)
FNDA:16,inferDirection
DA:37,6
DA:68,48
DA:69,48
DA:70,48
DA:72,1
DA:81,20
DA:82,20
DA:83,20
DA:112,29
DA:113,2
DA:117,27
DA:118,27
DA:121,27
DA:130,24
DA:131,8
DA:132,8
DA:133,8
DA:134,8
DA:138,7
DA:139,8
DA:143,8
DA:146,16
DA:152,16
DA:155,16
DA:158,16
DA:160,16
DA:176,16
DA:178,4
DA:180,12
DA:182,1
DA:184,11
DA:186,4
DA:189,7
LF:33
LH:33
BRDA:68,0,0,0
BRDA:68,0,1,48
BRDA:81,1,0,0
BRDA:81,1,1,20
BRDA:112,2,0,2
BRDA:112,2,1,27
BRDA:130,3,0,8
BRDA:130,3,1,16
BRDA:138,4,0,7
BRDA:138,4,1,1
BRDA:139,5,0,8
BRDA:139,5,1,4
BRDA:176,6,0,4
BRDA:176,6,1,12
BRDA:176,7,0,16
BRDA:176,7,1,11
BRDA:180,8,0,1
BRDA:180,8,1,11
BRDA:180,9,0,12
BRDA:180,9,1,5
BRDA:184,10,0,4
BRDA:184,10,1,7
BRF:22
BRH:20
end_of_record
TN:
SF:src/lib/sync/sync-engine.ts
FN:29,effectiveTimestamp
FN:56,mergeCards
FN:106,mergeCardsWithStats
FN:110,(anonymous_3)
FN:111,(anonymous_4)
FN:155,(anonymous_5)
FNF:6
FNH:6
FNDA:433,effectiveTimestamp
FNDA:15,mergeCards
FNDA:11,mergeCardsWithStats
FNDA:9,(anonymous_3)
FNDA:14,(anonymous_4)
FNDA:16,(anonymous_5)
DA:30,433
DA:31,433
DA:32,433
DA:57,15
DA:60,15
DA:61,214
DA:65,15
DA:66,215
DA:67,215
DA:69,7
DA:71,208
DA:72,208
DA:73,208
DA:74,4
DA:80,15
DA:110,11
DA:111,14
DA:113,11
DA:114,11
DA:115,11
DA:116,11
DA:117,11
DA:118,11
DA:121,11
DA:122,9
DA:126,11
DA:127,14
DA:128,14
DA:129,7
DA:130,7
DA:132,7
DA:133,7
DA:134,7
DA:135,3
DA:136,3
DA:137,4
DA:138,1
DA:141,3
DA:148,11
DA:149,9
DA:150,2
DA:154,11
DA:155,16
DA:157,11
LF:44
LH:44
BRDA:31,0,0,7
BRDA:31,0,1,426
BRDA:67,1,0,7
BRDA:67,1,1,208
BRDA:73,2,0,4
BRDA:73,2,1,204
BRDA:128,3,0,7
BRDA:128,3,1,7
BRDA:134,4,0,3
BRDA:134,4,1,4
BRDA:137,5,0,1
BRDA:137,5,1,3
BRDA:149,6,0,2
BRDA:149,6,1,7
BRF:14
BRH:14
end_of_record
